#
# There is insufficient memory for the Java Runtime Environment to continue.
# Native memory allocation (malloc) failed to allocate 2097152 bytes for AllocateHeap
# Possible reasons:
#   The system is out of physical RAM or swap space
#   The process is running with CompressedOops enabled, and the Java Heap may be blocking the growth of the native heap
# Possible solutions:
#   Reduce memory load on the system
#   Increase physical memory or swap space
#   Check if swap backing store is full
#   Decrease Java heap size (-Xmx/-Xms)
#   Decrease number of Java threads
#   Decrease Java thread stack sizes (-Xss)
#   Set larger code cache with -XX:ReservedCodeCacheSize=
#   JVM is running with Unscaled Compressed Oops mode in which the Java heap is
#     placed in the first 4GB address space. The Java Heap base address is the
#     maximum limit for the native heap growth. Please use -XX:HeapBaseMinAddress
#     to set the Java Heap base and to place the Java Heap above 4GB virtual address.
# This output file may be truncated or incomplete.
#
#  Out of Memory Error (allocation.cpp:44), pid=6892, tid=7028
#
# JRE version: OpenJDK Runtime Environment Temurin-17.0.10+7 (17.0.10+7) (build 17.0.10+7)
# Java VM: OpenJDK 64-Bit Server VM Temurin-17.0.10+7 (17.0.10+7, mixed mode, emulated-client, tiered, compressed oops, compressed class ptrs, g1 gc, windows-amd64)
# No core dump will be written. Minidumps are not enabled by default on client versions of Windows
#

---------------  S U M M A R Y ------------

Command Line: -XX:+HeapDumpOnOutOfMemoryError -Xmx1024m -Dsts.lsp.client=vscode -Dsts.log.file=/dev/null -XX:TieredStopAtLevel=1 -Xlog:jni+resolve=off -Dspring.config.location=file:c:\Users\thinh\.vscode\extensions\vmware.vscode-spring-boot-1.53.0\language-server\BOOT-INF\classes\application.properties org.springframework.ide.vscode.boot.app.BootLanguageServerBootApp

Host: Intel(R) Core(TM) i5-6300U CPU @ 2.40GHz, 4 cores, 7G,  Windows 10 , 64 bit Build 19041 (10.0.19041.3636)
Time: Wed Apr 10 19:39:09 2024 SE Asia Standard Time elapsed time: 2970.197660 seconds (0d 0h 49m 30s)

---------------  T H R E A D  ---------------

Current thread (0x0000029cdf268390):  VMThread "VM Thread" [stack: 0x000000bc8de00000,0x000000bc8df00000] [id=7028]

Stack: [0x000000bc8de00000,0x000000bc8df00000]
Native frames: (J=compiled Java code, j=interpreted, Vv=VM code, C=native code)
V  [jvm.dll+0x67d2c9]
V  [jvm.dll+0x834afa]
V  [jvm.dll+0x8365be]
V  [jvm.dll+0x836c23]
V  [jvm.dll+0x2477ff]
V  [jvm.dll+0xa6c93]
V  [jvm.dll+0x2f86f1]
V  [jvm.dll+0x2f42e0]
V  [jvm.dll+0x2dc8c7]
V  [jvm.dll+0x31fb87]
V  [jvm.dll+0x83b11b]
V  [jvm.dll+0x83be61]
V  [jvm.dll+0x83c37d]
V  [jvm.dll+0x83c754]
V  [jvm.dll+0x83c820]
V  [jvm.dll+0x7e3fba]
V  [jvm.dll+0x67c1b5]
C  [ucrtbase.dll+0x21bb2]
C  [KERNEL32.DLL+0x17344]
C  [ntdll.dll+0x526b1]

VM_Operation (0x000000bc8eefedc0): G1CollectFull, mode: safepoint, requested by thread 0x0000029ce4c91050


---------------  P R O C E S S  ---------------

Threads class SMR info:
_java_thread_list=0x0000029cedf785c0, length=23, elements={
0x0000029cdf26d7d0, 0x0000029cdf26e560, 0x0000029cdf29c800, 0x0000029cdf29d2d0,
0x0000029cdf2b1020, 0x0000029cdf2b18f0, 0x0000029cdf2b41d0, 0x0000029cdf2b4ae0,
0x0000029cdf606140, 0x0000029cdf60e8f0, 0x0000029cdf3fe780, 0x0000029ce4c91050,
0x0000029ce4ac0db0, 0x0000029cd2bcea40, 0x0000029ce4a4ea30, 0x0000029ce4abe530,
0x0000029ce4ce3a90, 0x0000029ce4ce4ed0, 0x0000029ce4ce3580, 0x0000029ce4ce6820,
0x0000029ce4ce49c0, 0x0000029ce4d75c80, 0x0000029ce4d724d0
}

Java Threads: ( => current thread )
  0x0000029cdf26d7d0 JavaThread "Reference Handler" daemon [_thread_blocked, id=12112, stack(0x000000bc8df00000,0x000000bc8e000000)]
  0x0000029cdf26e560 JavaThread "Finalizer" daemon [_thread_blocked, id=7720, stack(0x000000bc8e000000,0x000000bc8e100000)]
  0x0000029cdf29c800 JavaThread "Signal Dispatcher" daemon [_thread_blocked, id=3840, stack(0x000000bc8e100000,0x000000bc8e200000)]
  0x0000029cdf29d2d0 JavaThread "Attach Listener" daemon [_thread_blocked, id=7412, stack(0x000000bc8e200000,0x000000bc8e300000)]
  0x0000029cdf2b1020 JavaThread "Service Thread" daemon [_thread_blocked, id=11364, stack(0x000000bc8e300000,0x000000bc8e400000)]
  0x0000029cdf2b18f0 JavaThread "Monitor Deflation Thread" daemon [_thread_blocked, id=12156, stack(0x000000bc8e400000,0x000000bc8e500000)]
  0x0000029cdf2b41d0 JavaThread "C1 CompilerThread0" daemon [_thread_blocked, id=5476, stack(0x000000bc8e500000,0x000000bc8e600000)]
  0x0000029cdf2b4ae0 JavaThread "Sweeper thread" daemon [_thread_blocked, id=3252, stack(0x000000bc8e600000,0x000000bc8e700000)]
  0x0000029cdf606140 JavaThread "Notification Thread" daemon [_thread_blocked, id=5036, stack(0x000000bc8e700000,0x000000bc8e800000)]
  0x0000029cdf60e8f0 JavaThread "Common-Cleaner" daemon [_thread_blocked, id=11800, stack(0x000000bc8e900000,0x000000bc8ea00000)]
  0x0000029cdf3fe780 JavaThread "boundedElastic-evictor-1" daemon [_thread_blocked, id=3008, stack(0x000000bc8ec00000,0x000000bc8ed00000)]
  0x0000029ce4c91050 JavaThread "pool-13-thread-1" [_thread_blocked, id=17728, stack(0x000000bc8ee00000,0x000000bc8ef00000)]
  0x0000029ce4ac0db0 JavaThread "LanguageServerApp-lifecycle" [_thread_blocked, id=2704, stack(0x000000bc8ef00000,0x000000bc8f000000)]
  0x0000029cd2bcea40 JavaThread "DestroyJavaVM" [_thread_blocked, id=16372, stack(0x000000bc8d700000,0x000000bc8d800000)]
  0x0000029ce4a4ea30 JavaThread "pool-14-thread-1" [_thread_in_native, id=2724, stack(0x000000bc8f000000,0x000000bc8f100000)]
  0x0000029ce4abe530 JavaThread "Simple-Language-Server main thread" daemon [_thread_blocked, id=7476, stack(0x000000bc8f100000,0x000000bc8f200000)]
  0x0000029ce4ce3a90 JavaThread "pool-8-thread-1" [_thread_blocked, id=15456, stack(0x000000bc8f500000,0x000000bc8f600000)]
  0x0000029ce4ce4ed0 JavaThread "parallel-1" daemon [_thread_blocked, id=9100, stack(0x000000bc8f600000,0x000000bc8f700000)]
  0x0000029ce4ce3580 JavaThread "parallel-2" daemon [_thread_blocked, id=3552, stack(0x000000bc8f700000,0x000000bc8f800000)]
  0x0000029ce4ce6820 JavaThread "parallel-3" daemon [_thread_blocked, id=6980, stack(0x000000bc8f800000,0x000000bc8f900000)]
  0x0000029ce4ce49c0 JavaThread "Reconciler-1" daemon [_thread_blocked, id=11200, stack(0x000000bc8fe00000,0x000000bc8ff00000)]
  0x0000029ce4d75c80 JavaThread "parallel-4" daemon [_thread_blocked, id=18116, stack(0x000000bc90000000,0x000000bc90100000)]
  0x0000029ce4d724d0 JavaThread "pool-6-thread-1" [_thread_blocked, id=10196, stack(0x000000bc90100000,0x000000bc90200000)]

Other Threads:
=>0x0000029cdf268390 VMThread "VM Thread" [stack: 0x000000bc8de00000,0x000000bc8df00000] [id=7028]
  0x0000029cdf606620 WatcherThread [stack: 0x000000bc8e800000,0x000000bc8e900000] [id=8996]
  0x0000029cd4d37ef0 GCTaskThread "GC Thread#0" [stack: 0x000000bc8d900000,0x000000bc8da00000] [id=6240]
  0x0000029cdfc51120 GCTaskThread "GC Thread#1" [stack: 0x000000bc8ea00000,0x000000bc8eb00000] [id=15220]
  0x0000029cdfcf6c00 GCTaskThread "GC Thread#2" [stack: 0x000000bc8eb00000,0x000000bc8ec00000] [id=14968]
  0x0000029cdfe3a7c0 GCTaskThread "GC Thread#3" [stack: 0x000000bc8ed00000,0x000000bc8ee00000] [id=1544]
  0x0000029cd4d40d50 ConcurrentGCThread "G1 Main Marker" [stack: 0x000000bc8da00000,0x000000bc8db00000] [id=9900]
  0x0000029cd4d41680 ConcurrentGCThread "G1 Conc#0" [stack: 0x000000bc8db00000,0x000000bc8dc00000] [id=8072]
  0x0000029cd4da5620 ConcurrentGCThread "G1 Refine#0" [stack: 0x000000bc8dc00000,0x000000bc8dd00000] [id=9220]
  0x0000029cd4da5f60 ConcurrentGCThread "G1 Service" [stack: 0x000000bc8dd00000,0x000000bc8de00000] [id=14548]

Threads with active compile tasks:

VM state: at safepoint (normal execution)

VM Mutex/Monitor currently owned by a thread:  ([mutex/lock_event])
[0x0000029cd2b0eec0] Threads_lock - owner thread: 0x0000029cdf268390
[0x0000029cd4cf79a0] Heap_lock - owner thread: 0x0000029ce4c91050

Heap address: 0x00000000c0000000, size: 1024 MB, Compressed Oops mode: 32-bit

CDS archive(s) not mapped
Compressed class space mapped at: 0x0000000100000000-0x0000000140000000, reserved size: 1073741824
Narrow klass base: 0x0000000000000000, Narrow klass shift: 3, Narrow klass range: 0x140000000

GC Precious Log:
 CPUs: 4 total, 4 available
 Memory: 7775M
 Large Page Support: Disabled
 NUMA Support: Disabled
 Compressed Oops: Enabled (32-bit)
 Heap Region Size: 1M
 Heap Min Capacity: 8M
 Heap Initial Capacity: 122M
 Heap Max Capacity: 1G
 Pre-touch: Disabled
 Parallel Workers: 4
 Concurrent Workers: 1
 Concurrent Refinement Workers: 4
 Periodic GC: Disabled

Heap:
 garbage-first heap   total 80896K, used 36642K [0x00000000c0000000, 0x0000000100000000)
  region size 1024K, 1 young (1024K), 0 survivors (0K)
 Metaspace       used 58783K, committed 59264K, reserved 1114112K
  class space    used 7314K, committed 7552K, reserved 1048576K

Heap Regions: E=young(eden), S=young(survivor), O=old, HS=humongous(starts), HC=humongous(continues), CS=collection set, F=free, OA=open archive, CA=closed archive, TAMS=top-at-mark-start (previous, next)
|   0|0x00000000c0000000, 0x00000000c0100000, 0x00000000c0100000|100%|HS|  |TAMS 0x00000000c0100000, 0x00000000c0000000| Untracked 
|   1|0x00000000c0100000, 0x00000000c0200000, 0x00000000c0200000|100%|HC|  |TAMS 0x00000000c0200000, 0x00000000c0100000| Untracked 
|   2|0x00000000c0200000, 0x00000000c0300000, 0x00000000c0300000|100%|HC|  |TAMS 0x00000000c0300000, 0x00000000c0200000| Untracked 
|   3|0x00000000c0300000, 0x00000000c0400000, 0x00000000c0400000|100%|HC|  |TAMS 0x00000000c0400000, 0x00000000c0300000| Untracked 
|   4|0x00000000c0400000, 0x00000000c0500000, 0x00000000c0500000|100%| O|  |TAMS 0x00000000c0500000, 0x00000000c0400000| Untracked 
|   5|0x00000000c0500000, 0x00000000c0600000, 0x00000000c0600000|100%| O|  |TAMS 0x00000000c0600000, 0x00000000c0500000| Untracked 
|   6|0x00000000c0600000, 0x00000000c06fffd0, 0x00000000c0700000| 99%| O|  |TAMS 0x00000000c06fffd0, 0x00000000c0600000| Untracked 
|   7|0x00000000c0700000, 0x00000000c07fffd8, 0x00000000c0800000| 99%| O|  |TAMS 0x00000000c07fffd8, 0x00000000c0700000| Untracked 
|   8|0x00000000c0800000, 0x00000000c0900000, 0x00000000c0900000|100%| O|  |TAMS 0x00000000c0900000, 0x00000000c0800000| Untracked 
|   9|0x00000000c0900000, 0x00000000c0a00000, 0x00000000c0a00000|100%| O|  |TAMS 0x00000000c0a00000, 0x00000000c0900000| Untracked 
|  10|0x00000000c0a00000, 0x00000000c0b00000, 0x00000000c0b00000|100%|HS|  |TAMS 0x00000000c0b00000, 0x00000000c0a00000| Untracked 
|  11|0x00000000c0b00000, 0x00000000c0c00000, 0x00000000c0c00000|100%|HC|  |TAMS 0x00000000c0c00000, 0x00000000c0b00000| Untracked 
|  12|0x00000000c0c00000, 0x00000000c0d00000, 0x00000000c0d00000|100%| O|  |TAMS 0x00000000c0d00000, 0x00000000c0c00000| Untracked 
|  13|0x00000000c0d00000, 0x00000000c0e00000, 0x00000000c0e00000|100%| O|  |TAMS 0x00000000c0e00000, 0x00000000c0d00000| Untracked 
|  14|0x00000000c0e00000, 0x00000000c0efff98, 0x00000000c0f00000| 99%| O|  |TAMS 0x00000000c0efff98, 0x00000000c0e00000| Untracked 
|  15|0x00000000c0f00000, 0x00000000c0ffffe8, 0x00000000c1000000| 99%| O|  |TAMS 0x00000000c0ffffe8, 0x00000000c0f00000| Untracked 
|  16|0x00000000c1000000, 0x00000000c1100000, 0x00000000c1100000|100%| O|  |TAMS 0x00000000c1100000, 0x00000000c1000000| Untracked 
|  17|0x00000000c1100000, 0x00000000c11fffe0, 0x00000000c1200000| 99%| O|  |TAMS 0x00000000c11fffe0, 0x00000000c1100000| Untracked 
|  18|0x00000000c1200000, 0x00000000c12fffb0, 0x00000000c1300000| 99%| O|  |TAMS 0x00000000c12fffb0, 0x00000000c1200000| Untracked 
|  19|0x00000000c1300000, 0x00000000c13ffff0, 0x00000000c1400000| 99%| O|  |TAMS 0x00000000c13ffff0, 0x00000000c1300000| Untracked 
|  20|0x00000000c1400000, 0x00000000c1500000, 0x00000000c1500000|100%| O|  |TAMS 0x00000000c1500000, 0x00000000c1400000| Untracked 
|  21|0x00000000c1500000, 0x00000000c15fffe0, 0x00000000c1600000| 99%| O|  |TAMS 0x00000000c15fffe0, 0x00000000c1500000| Untracked 
|  22|0x00000000c1600000, 0x00000000c16f9a48, 0x00000000c1700000| 97%| O|  |TAMS 0x00000000c16f9a48, 0x00000000c1600000| Untracked 
|  23|0x00000000c1700000, 0x00000000c1800000, 0x00000000c1800000|100%|HS|  |TAMS 0x00000000c1800000, 0x00000000c1700000| Untracked 
|  24|0x00000000c1800000, 0x00000000c1900000, 0x00000000c1900000|100%| O|  |TAMS 0x00000000c1900000, 0x00000000c1800000| Untracked 
|  25|0x00000000c1900000, 0x00000000c19fc1f8, 0x00000000c1a00000| 98%| O|  |TAMS 0x00000000c19fc1f8, 0x00000000c1900000| Untracked 
|  26|0x00000000c1a00000, 0x00000000c1aff1f8, 0x00000000c1b00000| 99%| O|  |TAMS 0x00000000c1aff1f8, 0x00000000c1a00000| Untracked 
|  27|0x00000000c1b00000, 0x00000000c1bffff0, 0x00000000c1c00000| 99%| O|  |TAMS 0x00000000c1bffff0, 0x00000000c1b00000| Untracked 
|  28|0x00000000c1c00000, 0x00000000c1cfcc88, 0x00000000c1d00000| 98%| O|  |TAMS 0x00000000c1cfcc88, 0x00000000c1c00000| Untracked 
|  29|0x00000000c1d00000, 0x00000000c1e00000, 0x00000000c1e00000|100%| O|  |TAMS 0x00000000c1e00000, 0x00000000c1d00000| Untracked 
|  30|0x00000000c1e00000, 0x00000000c1f00000, 0x00000000c1f00000|100%| O|  |TAMS 0x00000000c1f00000, 0x00000000c1e00000| Untracked 
|  31|0x00000000c1f00000, 0x00000000c1ffff98, 0x00000000c2000000| 99%| O|  |TAMS 0x00000000c1ffff98, 0x00000000c1f00000| Untracked 
|  32|0x00000000c2000000, 0x00000000c2100000, 0x00000000c2100000|100%| O|  |TAMS 0x00000000c2100000, 0x00000000c2000000| Untracked 
|  33|0x00000000c2100000, 0x00000000c21fffb8, 0x00000000c2200000| 99%| O|  |TAMS 0x00000000c21fffb8, 0x00000000c2100000| Untracked 
|  34|0x00000000c2200000, 0x00000000c22d72d8, 0x00000000c2300000| 84%| O|  |TAMS 0x00000000c2200000, 0x00000000c2200000| Untracked 
|  35|0x00000000c2300000, 0x00000000c23ffff8, 0x00000000c2400000| 99%| O|  |TAMS 0x00000000c23ffff8, 0x00000000c2300000| Untracked 
|  36|0x00000000c2400000, 0x00000000c24000a0, 0x00000000c2500000|  0%| O|  |TAMS 0x00000000c2400000, 0x00000000c2400000| Untracked 
|  37|0x00000000c2500000, 0x00000000c2500000, 0x00000000c2600000|  0%| F|  |TAMS 0x00000000c2500000, 0x00000000c2500000| Untracked 
|  38|0x00000000c2600000, 0x00000000c2600000, 0x00000000c2700000|  0%| F|  |TAMS 0x00000000c2600000, 0x00000000c2600000| Untracked 
|  39|0x00000000c2700000, 0x00000000c2700000, 0x00000000c2800000|  0%| F|  |TAMS 0x00000000c2700000, 0x00000000c2700000| Untracked 
|  40|0x00000000c2800000, 0x00000000c2800000, 0x00000000c2900000|  0%| F|  |TAMS 0x00000000c2800000, 0x00000000c2800000| Untracked 
|  41|0x00000000c2900000, 0x00000000c2900000, 0x00000000c2a00000|  0%| F|  |TAMS 0x00000000c2900000, 0x00000000c2900000| Untracked 
|  42|0x00000000c2a00000, 0x00000000c2a00000, 0x00000000c2b00000|  0%| F|  |TAMS 0x00000000c2a00000, 0x00000000c2a00000| Untracked 
|  43|0x00000000c2b00000, 0x00000000c2b00000, 0x00000000c2c00000|  0%| F|  |TAMS 0x00000000c2b00000, 0x00000000c2b00000| Untracked 
|  44|0x00000000c2c00000, 0x00000000c2c00000, 0x00000000c2d00000|  0%| F|  |TAMS 0x00000000c2c00000, 0x00000000c2c00000| Untracked 
|  45|0x00000000c2d00000, 0x00000000c2d00000, 0x00000000c2e00000|  0%| F|  |TAMS 0x00000000c2d00000, 0x00000000c2d00000| Untracked 
|  46|0x00000000c2e00000, 0x00000000c2e00000, 0x00000000c2f00000|  0%| F|  |TAMS 0x00000000c2e00000, 0x00000000c2e00000| Untracked 
|  47|0x00000000c2f00000, 0x00000000c2f00000, 0x00000000c3000000|  0%| F|  |TAMS 0x00000000c2f00000, 0x00000000c2f00000| Untracked 
|  48|0x00000000c3000000, 0x00000000c3000000, 0x00000000c3100000|  0%| F|  |TAMS 0x00000000c3000000, 0x00000000c3000000| Untracked 
|  49|0x00000000c3100000, 0x00000000c3100000, 0x00000000c3200000|  0%| F|  |TAMS 0x00000000c3100000, 0x00000000c3100000| Untracked 
|  50|0x00000000c3200000, 0x00000000c3200000, 0x00000000c3300000|  0%| F|  |TAMS 0x00000000c3200000, 0x00000000c3200000| Untracked 
|  51|0x00000000c3300000, 0x00000000c3300000, 0x00000000c3400000|  0%| F|  |TAMS 0x00000000c3300000, 0x00000000c3300000| Untracked 
|  52|0x00000000c3400000, 0x00000000c3400000, 0x00000000c3500000|  0%| F|  |TAMS 0x00000000c3400000, 0x00000000c3400000| Untracked 
|  53|0x00000000c3500000, 0x00000000c3500000, 0x00000000c3600000|  0%| F|  |TAMS 0x00000000c3500000, 0x00000000c3500000| Untracked 
|  54|0x00000000c3600000, 0x00000000c3600000, 0x00000000c3700000|  0%| F|  |TAMS 0x00000000c3600000, 0x00000000c3600000| Untracked 
|  55|0x00000000c3700000, 0x00000000c3700000, 0x00000000c3800000|  0%| F|  |TAMS 0x00000000c3700000, 0x00000000c3700000| Untracked 
|  56|0x00000000c3800000, 0x00000000c3800000, 0x00000000c3900000|  0%| F|  |TAMS 0x00000000c3800000, 0x00000000c3800000| Untracked 
|  57|0x00000000c3900000, 0x00000000c3900000, 0x00000000c3a00000|  0%| F|  |TAMS 0x00000000c3900000, 0x00000000c3900000| Untracked 
|  58|0x00000000c3a00000, 0x00000000c3a00000, 0x00000000c3b00000|  0%| F|  |TAMS 0x00000000c3a00000, 0x00000000c3a00000| Untracked 
|  59|0x00000000c3b00000, 0x00000000c3b00000, 0x00000000c3c00000|  0%| F|  |TAMS 0x00000000c3b00000, 0x00000000c3b00000| Untracked 
|  60|0x00000000c3c00000, 0x00000000c3c00000, 0x00000000c3d00000|  0%| F|  |TAMS 0x00000000c3c00000, 0x00000000c3c00000| Untracked 
|  61|0x00000000c3d00000, 0x00000000c3d00000, 0x00000000c3e00000|  0%| F|  |TAMS 0x00000000c3d00000, 0x00000000c3d00000| Untracked 
|  62|0x00000000c3e00000, 0x00000000c3e00000, 0x00000000c3f00000|  0%| F|  |TAMS 0x00000000c3e00000, 0x00000000c3e00000| Untracked 
|  63|0x00000000c3f00000, 0x00000000c3f00000, 0x00000000c4000000|  0%| F|  |TAMS 0x00000000c3f00000, 0x00000000c3f00000| Untracked 
|  64|0x00000000c4000000, 0x00000000c4000000, 0x00000000c4100000|  0%| F|  |TAMS 0x00000000c4000000, 0x00000000c4000000| Untracked 
|  65|0x00000000c4100000, 0x00000000c4100000, 0x00000000c4200000|  0%| F|  |TAMS 0x00000000c4100000, 0x00000000c4100000| Untracked 
|  66|0x00000000c4200000, 0x00000000c4200000, 0x00000000c4300000|  0%| F|  |TAMS 0x00000000c4200000, 0x00000000c4200000| Untracked 
|  67|0x00000000c4300000, 0x00000000c4300000, 0x00000000c4400000|  0%| F|  |TAMS 0x00000000c4300000, 0x00000000c4300000| Untracked 
|  68|0x00000000c4400000, 0x00000000c4400000, 0x00000000c4500000|  0%| F|  |TAMS 0x00000000c4400000, 0x00000000c4400000| Untracked 
|  69|0x00000000c4500000, 0x00000000c4500000, 0x00000000c4600000|  0%| F|  |TAMS 0x00000000c4500000, 0x00000000c4500000| Untracked 
|  70|0x00000000c4600000, 0x00000000c4600000, 0x00000000c4700000|  0%| F|  |TAMS 0x00000000c4600000, 0x00000000c4600000| Untracked 
|  71|0x00000000c4700000, 0x00000000c4700000, 0x00000000c4800000|  0%| F|  |TAMS 0x00000000c4700000, 0x00000000c4700000| Untracked 
|  75|0x00000000c4b00000, 0x00000000c4b00000, 0x00000000c4c00000|  0%| F|  |TAMS 0x00000000c4b00000, 0x00000000c4b00000| Untracked 
|  76|0x00000000c4c00000, 0x00000000c4c00000, 0x00000000c4d00000|  0%| F|  |TAMS 0x00000000c4c00000, 0x00000000c4c00000| Untracked 
|  77|0x00000000c4d00000, 0x00000000c4d00000, 0x00000000c4e00000|  0%| F|  |TAMS 0x00000000c4d00000, 0x00000000c4d00000| Untracked 
|  78|0x00000000c4e00000, 0x00000000c4e00000, 0x00000000c4f00000|  0%| F|  |TAMS 0x00000000c4e00000, 0x00000000c4e00000| Untracked 
|  79|0x00000000c4f00000, 0x00000000c4f00000, 0x00000000c5000000|  0%| F|  |TAMS 0x00000000c4f00000, 0x00000000c4f00000| Untracked 
|  80|0x00000000c5000000, 0x00000000c5000000, 0x00000000c5100000|  0%| F|  |TAMS 0x00000000c5000000, 0x00000000c5000000| Untracked 
| 121|0x00000000c7900000, 0x00000000c7905898, 0x00000000c7a00000|  2%| E|  |TAMS 0x00000000c7900000, 0x00000000c7900000| Complete 

Card table byte_map: [0x0000029cda990000,0x0000029cdab90000] _byte_map_base: 0x0000029cda390000

Marking Bits (Prev, Next): (CMBitMap*) 0x0000029cd4d38420, (CMBitMap*) 0x0000029cd4d38460
 Prev Bits: [0x0000029cdad90000, 0x0000029cdbd90000)
 Next Bits: [0x0000029cdbd90000, 0x0000029cdcd90000)

Polling page: 0x0000029cd2ac0000

Metaspace:

Usage:
  Non-class:     50.26 MB used.
      Class:      7.14 MB used.
       Both:     57.41 MB used.

Virtual space:
  Non-class space:       64.00 MB reserved,      50.50 MB ( 79%) committed,  1 nodes.
      Class space:        1.00 GB reserved,       7.38 MB ( <1%) committed,  1 nodes.
             Both:        1.06 GB reserved,      57.88 MB (  5%) committed. 

Chunk freelists:
   Non-Class:  13.18 MB
       Class:  8.49 MB
        Both:  21.67 MB

MaxMetaspaceSize: unlimited
CompressedClassSpaceSize: 1.00 GB
Initial GC threshold: 21.00 MB
Current GC threshold: 96.50 MB
CDS: off
MetaspaceReclaimPolicy: balanced
 - commit_granule_bytes: 65536.
 - commit_granule_words: 8192.
 - virtual_space_node_default_size: 8388608.
 - enlarge_chunks_in_place: 1.
 - new_chunks_are_fully_committed: 0.
 - uncommit_free_chunks: 1.
 - use_allocation_guard: 0.
 - handle_deallocations: 1.


Internal statistics:

num_allocs_failed_limit: 6.
num_arena_births: 812.
num_arena_deaths: 328.
num_vsnodes_births: 2.
num_vsnodes_deaths: 0.
num_space_committed: 926.
num_space_uncommitted: 0.
num_chunks_returned_to_freelist: 411.
num_chunks_taken_from_freelist: 2816.
num_chunk_merges: 111.
num_chunk_splits: 1808.
num_chunks_enlarged: 1337.
num_inconsistent_stats: 0.

CodeCache: size=49152Kb used=15907Kb max_used=16773Kb free=33244Kb
 bounds [0x0000029cd7990000, 0x0000029cd8a00000, 0x0000029cda990000]
 total_blobs=9072 nmethods=8399 adapters=599
 compilation: enabled
              stopped_count=0, restarted_count=0
 full_count=0

Compilation events (20 events):
Event: 2636.886 Thread 0x0000029cdf2b41d0 8397       1       java.lang.System::getProperty (26 bytes)
Event: 2636.886 Thread 0x0000029cdf2b41d0 nmethod 8397 0x0000029cd8903890 code [0x0000029cd8903aa0, 0x0000029cd8903e88]
Event: 2647.249 Thread 0x0000029cdf2b41d0 8398       1       org.springframework.ide.vscode.commons.languageserver.util.ParentProcessWatcher::run (36 bytes)
Event: 2647.251 Thread 0x0000029cdf2b41d0 nmethod 8398 0x0000029cd8903110 code [0x0000029cd8903300, 0x0000029cd8903618]
Event: 2647.251 Thread 0x0000029cdf2b41d0 8399   !   1       org.springframework.ide.vscode.commons.languageserver.util.ParentProcessWatcher::parentProcessStillRunning (413 bytes)
Event: 2647.259 Thread 0x0000029cdf2b41d0 nmethod 8399 0x0000029cd88fd710 code [0x0000029cd88fdf40, 0x0000029cd8901108]
Event: 2687.553 Thread 0x0000029cdf2b41d0 8400       1       com.google.gson.stream.JsonWriter::value (155 bytes)
Event: 2687.557 Thread 0x0000029cdf2b41d0 nmethod 8400 0x0000029cd88fc510 code [0x0000029cd88fc820, 0x0000029cd88fd208]
Event: 2687.557 Thread 0x0000029cdf2b41d0 8401       1       org.eclipse.lsp4j.jsonrpc.json.adapters.CollectionTypeAdapter::write (123 bytes)
Event: 2687.557 Thread 0x0000029cdf2b41d0 nmethod 8401 0x0000029cd88fbc90 code [0x0000029cd88fbec0, 0x0000029cd88fc2d8]
Event: 2687.558 Thread 0x0000029cdf2b41d0 8402       1       org.eclipse.lsp4j.jsonrpc.json.adapters.EnumTypeAdapter::write (10 bytes)
Event: 2687.558 Thread 0x0000029cdf2b41d0 nmethod 8402 0x0000029cd88fb790 code [0x0000029cd88fb960, 0x0000029cd88fbb48]
Event: 2687.558 Thread 0x0000029cdf2b41d0 8403       1       org.eclipse.lsp4j.jsonrpc.json.adapters.EnumTypeAdapter::write (35 bytes)
Event: 2687.558 Thread 0x0000029cdf2b41d0 nmethod 8403 0x0000029cd88fb310 code [0x0000029cd88fb4e0, 0x0000029cd88fb688]
Event: 2747.565 Thread 0x0000029cdf2b41d0 8404       1       java.util.concurrent.SynchronousQueue$TransferStack$SNode::isCancelled (14 bytes)
Event: 2747.565 Thread 0x0000029cdf2b41d0 nmethod 8404 0x0000029cd88fb010 code [0x0000029cd88fb1a0, 0x0000029cd88fb278]
Event: 2791.671 Thread 0x0000029cdf2b41d0 8406       1       java.lang.Runtime::exec (73 bytes)
Event: 2791.671 Thread 0x0000029cdf2b41d0 nmethod 8406 0x0000029cd88fa110 code [0x0000029cd88fa320, 0x0000029cd88fa8b8]
Event: 2791.671 Thread 0x0000029cdf2b41d0 8407       1       java.lang.ProcessBuilder::<init> (56 bytes)
Event: 2791.672 Thread 0x0000029cdf2b41d0 nmethod 8407 0x0000029cd88f9c10 code [0x0000029cd88f9dc0, 0x0000029cd88f9ff8]

GC Heap History (20 events):
Event: 2863.840 GC heap before
{Heap before GC invocations=266 (full 211):
 garbage-first heap   total 80896K, used 36642K [0x00000000c0000000, 0x0000000100000000)
  region size 1024K, 1 young (1024K), 0 survivors (0K)
 Metaspace       used 58783K, committed 59264K, reserved 1114112K
  class space    used 7314K, committed 7552K, reserved 1048576K
}
Event: 2863.902 GC heap after
{Heap after GC invocations=267 (full 212):
 garbage-first heap   total 80896K, used 36642K [0x00000000c0000000, 0x0000000100000000)
  region size 1024K, 0 young (0K), 0 survivors (0K)
 Metaspace       used 58783K, committed 59264K, reserved 1114112K
  class space    used 7314K, committed 7552K, reserved 1048576K
}
Event: 2874.091 GC heap before
{Heap before GC invocations=267 (full 212):
 garbage-first heap   total 80896K, used 36642K [0x00000000c0000000, 0x0000000100000000)
  region size 1024K, 1 young (1024K), 0 survivors (0K)
 Metaspace       used 58783K, committed 59264K, reserved 1114112K
  class space    used 7314K, committed 7552K, reserved 1048576K
}
Event: 2874.147 GC heap after
{Heap after GC invocations=268 (full 213):
 garbage-first heap   total 80896K, used 36642K [0x00000000c0000000, 0x0000000100000000)
  region size 1024K, 0 young (0K), 0 survivors (0K)
 Metaspace       used 58783K, committed 59264K, reserved 1114112K
  class space    used 7314K, committed 7552K, reserved 1048576K
}
Event: 2884.695 GC heap before
{Heap before GC invocations=268 (full 213):
 garbage-first heap   total 80896K, used 36642K [0x00000000c0000000, 0x0000000100000000)
  region size 1024K, 1 young (1024K), 0 survivors (0K)
 Metaspace       used 58783K, committed 59264K, reserved 1114112K
  class space    used 7314K, committed 7552K, reserved 1048576K
}
Event: 2884.757 GC heap after
{Heap after GC invocations=269 (full 214):
 garbage-first heap   total 80896K, used 36642K [0x00000000c0000000, 0x0000000100000000)
  region size 1024K, 0 young (0K), 0 survivors (0K)
 Metaspace       used 58783K, committed 59264K, reserved 1114112K
  class space    used 7314K, committed 7552K, reserved 1048576K
}
Event: 2894.945 GC heap before
{Heap before GC invocations=269 (full 214):
 garbage-first heap   total 80896K, used 36642K [0x00000000c0000000, 0x0000000100000000)
  region size 1024K, 1 young (1024K), 0 survivors (0K)
 Metaspace       used 58783K, committed 59264K, reserved 1114112K
  class space    used 7314K, committed 7552K, reserved 1048576K
}
Event: 2894.999 GC heap after
{Heap after GC invocations=270 (full 215):
 garbage-first heap   total 80896K, used 36642K [0x00000000c0000000, 0x0000000100000000)
  region size 1024K, 0 young (0K), 0 survivors (0K)
 Metaspace       used 58783K, committed 59264K, reserved 1114112K
  class space    used 7314K, committed 7552K, reserved 1048576K
}
Event: 2905.192 GC heap before
{Heap before GC invocations=270 (full 215):
 garbage-first heap   total 80896K, used 36642K [0x00000000c0000000, 0x0000000100000000)
  region size 1024K, 1 young (1024K), 0 survivors (0K)
 Metaspace       used 58783K, committed 59264K, reserved 1114112K
  class space    used 7314K, committed 7552K, reserved 1048576K
}
Event: 2905.248 GC heap after
{Heap after GC invocations=271 (full 216):
 garbage-first heap   total 80896K, used 36642K [0x00000000c0000000, 0x0000000100000000)
  region size 1024K, 0 young (0K), 0 survivors (0K)
 Metaspace       used 58783K, committed 59264K, reserved 1114112K
  class space    used 7314K, committed 7552K, reserved 1048576K
}
Event: 2915.443 GC heap before
{Heap before GC invocations=271 (full 216):
 garbage-first heap   total 80896K, used 36642K [0x00000000c0000000, 0x0000000100000000)
  region size 1024K, 1 young (1024K), 0 survivors (0K)
 Metaspace       used 58783K, committed 59264K, reserved 1114112K
  class space    used 7314K, committed 7552K, reserved 1048576K
}
Event: 2915.502 GC heap after
{Heap after GC invocations=272 (full 217):
 garbage-first heap   total 80896K, used 36642K [0x00000000c0000000, 0x0000000100000000)
  region size 1024K, 0 young (0K), 0 survivors (0K)
 Metaspace       used 58783K, committed 59264K, reserved 1114112K
  class space    used 7314K, committed 7552K, reserved 1048576K
}
Event: 2925.971 GC heap before
{Heap before GC invocations=272 (full 217):
 garbage-first heap   total 80896K, used 36642K [0x00000000c0000000, 0x0000000100000000)
  region size 1024K, 1 young (1024K), 0 survivors (0K)
 Metaspace       used 58783K, committed 59264K, reserved 1114112K
  class space    used 7314K, committed 7552K, reserved 1048576K
}
Event: 2926.031 GC heap after
{Heap after GC invocations=273 (full 218):
 garbage-first heap   total 80896K, used 36642K [0x00000000c0000000, 0x0000000100000000)
  region size 1024K, 0 young (0K), 0 survivors (0K)
 Metaspace       used 58783K, committed 59264K, reserved 1114112K
  class space    used 7314K, committed 7552K, reserved 1048576K
}
Event: 2936.258 GC heap before
{Heap before GC invocations=273 (full 218):
 garbage-first heap   total 80896K, used 36642K [0x00000000c0000000, 0x0000000100000000)
  region size 1024K, 1 young (1024K), 0 survivors (0K)
 Metaspace       used 58783K, committed 59264K, reserved 1114112K
  class space    used 7314K, committed 7552K, reserved 1048576K
}
Event: 2936.313 GC heap after
{Heap after GC invocations=274 (full 219):
 garbage-first heap   total 80896K, used 36642K [0x00000000c0000000, 0x0000000100000000)
  region size 1024K, 0 young (0K), 0 survivors (0K)
 Metaspace       used 58783K, committed 59264K, reserved 1114112K
  class space    used 7314K, committed 7552K, reserved 1048576K
}
Event: 2946.699 GC heap before
{Heap before GC invocations=274 (full 219):
 garbage-first heap   total 80896K, used 36642K [0x00000000c0000000, 0x0000000100000000)
  region size 1024K, 1 young (1024K), 0 survivors (0K)
 Metaspace       used 58783K, committed 59264K, reserved 1114112K
  class space    used 7314K, committed 7552K, reserved 1048576K
}
Event: 2946.758 GC heap after
{Heap after GC invocations=275 (full 220):
 garbage-first heap   total 80896K, used 36642K [0x00000000c0000000, 0x0000000100000000)
  region size 1024K, 0 young (0K), 0 survivors (0K)
 Metaspace       used 58783K, committed 59264K, reserved 1114112K
  class space    used 7314K, committed 7552K, reserved 1048576K
}
Event: 2957.173 GC heap before
{Heap before GC invocations=275 (full 220):
 garbage-first heap   total 80896K, used 36642K [0x00000000c0000000, 0x0000000100000000)
  region size 1024K, 1 young (1024K), 0 survivors (0K)
 Metaspace       used 58783K, committed 59264K, reserved 1114112K
  class space    used 7314K, committed 7552K, reserved 1048576K
}
Event: 2957.233 GC heap after
{Heap after GC invocations=276 (full 221):
 garbage-first heap   total 80896K, used 36642K [0x00000000c0000000, 0x0000000100000000)
  region size 1024K, 0 young (0K), 0 survivors (0K)
 Metaspace       used 58783K, committed 59264K, reserved 1114112K
  class space    used 7314K, committed 7552K, reserved 1048576K
}

Dll operation events (10 events):
Event: 0.029 Loaded shared library c:\Users\thinh\.vscode\extensions\redhat.java-1.29.0-win32-x64\jre\17.0.10-win32-x86_64\bin\java.dll
Event: 1.495 Loaded shared library C:\Users\thinh\.vscode\extensions\redhat.java-1.29.0-win32-x64\jre\17.0.10-win32-x86_64\bin\net.dll
Event: 1.499 Loaded shared library C:\Users\thinh\.vscode\extensions\redhat.java-1.29.0-win32-x64\jre\17.0.10-win32-x86_64\bin\nio.dll
Event: 1.542 Loaded shared library C:\Users\thinh\.vscode\extensions\redhat.java-1.29.0-win32-x64\jre\17.0.10-win32-x86_64\bin\zip.dll
Event: 4.232 Loaded shared library C:\Users\thinh\.vscode\extensions\redhat.java-1.29.0-win32-x64\jre\17.0.10-win32-x86_64\bin\jimage.dll
Event: 12.091 Loaded shared library c:\Users\thinh\.vscode\extensions\redhat.java-1.29.0-win32-x64\jre\17.0.10-win32-x86_64\bin\verify.dll
Event: 29.585 Loaded shared library C:\Users\thinh\.vscode\extensions\redhat.java-1.29.0-win32-x64\jre\17.0.10-win32-x86_64\bin\management.dll
Event: 29.618 Loaded shared library C:\Users\thinh\.vscode\extensions\redhat.java-1.29.0-win32-x64\jre\17.0.10-win32-x86_64\bin\management_ext.dll
Event: 51.329 Loaded shared library C:\Users\thinh\.vscode\extensions\redhat.java-1.29.0-win32-x64\jre\17.0.10-win32-x86_64\bin\sunmscapi.dll
Event: 53.935 Loaded shared library C:\Users\thinh\.vscode\extensions\redhat.java-1.29.0-win32-x64\jre\17.0.10-win32-x86_64\bin\extnet.dll

Deoptimization events (20 events):
Event: 58.030 Thread 0x0000029ce4ce5e00 DEOPT PACKING pc=0x0000029cd7e00a24 sp=0x000000bc8f9fee10
Event: 58.030 Thread 0x0000029ce4ce5e00 DEOPT UNPACKING pc=0x0000029cd79e7143 sp=0x000000bc8f9fe2f8 mode 0
Event: 58.030 Thread 0x0000029ce4ce6310 DEOPT PACKING pc=0x0000029cd7e00a24 sp=0x000000bc8fcfeec0
Event: 58.030 Thread 0x0000029ce4ce6310 DEOPT UNPACKING pc=0x0000029cd79e7143 sp=0x000000bc8fcfe3a8 mode 0
Event: 92.915 Thread 0x0000029ce4a4ea30 DEOPT PACKING pc=0x0000029cd7f969d4 sp=0x000000bc8f0fee20
Event: 92.915 Thread 0x0000029ce4a4ea30 DEOPT UNPACKING pc=0x0000029cd79e7143 sp=0x000000bc8f0fe2c8 mode 0
Event: 170.035 Thread 0x0000029ce4d75770 DEOPT PACKING pc=0x0000029cd854bca6 sp=0x000000bc906fe4b0
Event: 170.035 Thread 0x0000029ce4d75770 DEOPT UNPACKING pc=0x0000029cd79e7143 sp=0x000000bc906fda38 mode 0
Event: 1647.779 Thread 0x0000029ce4d724d0 DEOPT PACKING pc=0x0000029cd817320c sp=0x000000bc901fe0e0
Event: 1647.779 Thread 0x0000029ce4d724d0 DEOPT UNPACKING pc=0x0000029cd79e7143 sp=0x000000bc901fd648 mode 0
Event: 1647.779 Thread 0x0000029ce4d724d0 DEOPT PACKING pc=0x0000029cd84a82cc sp=0x000000bc901fe210
Event: 1647.779 Thread 0x0000029ce4d724d0 DEOPT UNPACKING pc=0x0000029cd79e7143 sp=0x000000bc901fd6f0 mode 0
Event: 1647.779 Thread 0x0000029ce4d724d0 DEOPT PACKING pc=0x0000029cd817320c sp=0x000000bc901fe340
Event: 1647.779 Thread 0x0000029ce4d724d0 DEOPT UNPACKING pc=0x0000029cd79e7143 sp=0x000000bc901fd8a8 mode 0
Event: 1647.779 Thread 0x0000029ce4d724d0 DEOPT PACKING pc=0x0000029cd84a82cc sp=0x000000bc901fe470
Event: 1647.779 Thread 0x0000029ce4d724d0 DEOPT UNPACKING pc=0x0000029cd79e7143 sp=0x000000bc901fd968 mode 0
Event: 1648.036 Thread 0x0000029ce4d724d0 DEOPT PACKING pc=0x0000029cd817320c sp=0x000000bc901fe7e0
Event: 1648.036 Thread 0x0000029ce4d724d0 DEOPT UNPACKING pc=0x0000029cd79e7143 sp=0x000000bc901fdd48 mode 0
Event: 1648.037 Thread 0x0000029ce4d724d0 DEOPT PACKING pc=0x0000029cd84a82cc sp=0x000000bc901fe910
Event: 1648.037 Thread 0x0000029ce4d724d0 DEOPT UNPACKING pc=0x0000029cd79e7143 sp=0x000000bc901fde08 mode 0

Classes unloaded (20 events):
Event: 1689.768 Thread 0x0000029cdf268390 Unloading class 0x00000001003b1400 'java/lang/invoke/LambdaForm$MH+0x00000001003b1400'
Event: 1689.768 Thread 0x0000029cdf268390 Unloading class 0x00000001003b1000 'java/lang/invoke/LambdaForm$MH+0x00000001003b1000'
Event: 1689.768 Thread 0x0000029cdf268390 Unloading class 0x00000001005b2400 'java/lang/invoke/LambdaForm$MH+0x00000001005b2400'
Event: 1689.768 Thread 0x0000029cdf268390 Unloading class 0x00000001005b2800 'java/lang/invoke/LambdaForm$MH+0x00000001005b2800'
Event: 1689.768 Thread 0x0000029cdf268390 Unloading class 0x00000001005b8000 'java/lang/invoke/LambdaForm$MH+0x00000001005b8000'
Event: 1689.768 Thread 0x0000029cdf268390 Unloading class 0x0000000100734000 'java/lang/invoke/LambdaForm$MH+0x0000000100734000'
Event: 1689.768 Thread 0x0000029cdf268390 Unloading class 0x000000010008bc00 'java/lang/invoke/LambdaForm$MH+0x000000010008bc00'
Event: 1700.120 Thread 0x0000029cdf268390 Unloading class 0x000000010073b400 'java/lang/invoke/LambdaForm$MH+0x000000010073b400'
Event: 1700.120 Thread 0x0000029cdf268390 Unloading class 0x000000010073b000 'java/lang/invoke/LambdaForm$MH+0x000000010073b000'
Event: 1700.120 Thread 0x0000029cdf268390 Unloading class 0x000000010073ac00 'java/lang/invoke/LambdaForm$MH+0x000000010073ac00'
Event: 1700.120 Thread 0x0000029cdf268390 Unloading class 0x000000010073a800 'java/lang/invoke/LambdaForm$MH+0x000000010073a800'
Event: 1700.120 Thread 0x0000029cdf268390 Unloading class 0x000000010073a400 'java/lang/invoke/LambdaForm$MH+0x000000010073a400'
Event: 1700.120 Thread 0x0000029cdf268390 Unloading class 0x000000010073a000 'java/lang/invoke/LambdaForm$MH+0x000000010073a000'
Event: 1710.323 Thread 0x0000029cdf268390 Unloading class 0x0000000100739400 'jdk/internal/reflect/GeneratedMethodAccessor32'
Event: 1710.323 Thread 0x0000029cdf268390 Unloading class 0x0000000100739000 'jdk/internal/reflect/GeneratedConstructorAccessor57'
Event: 1710.323 Thread 0x0000029cdf268390 Unloading class 0x0000000100738c00 'jdk/internal/reflect/GeneratedMethodAccessor31'
Event: 1710.323 Thread 0x0000029cdf268390 Unloading class 0x0000000100738800 'jdk/internal/reflect/GeneratedConstructorAccessor56'
Event: 1710.323 Thread 0x0000029cdf268390 Unloading class 0x0000000100738400 'jdk/internal/reflect/GeneratedMethodAccessor30'
Event: 1710.323 Thread 0x0000029cdf268390 Unloading class 0x0000000100738000 'jdk/internal/reflect/GeneratedMethodAccessor29'
Event: 1710.323 Thread 0x0000029cdf268390 Unloading class 0x0000000100734c00 'jdk/internal/reflect/GeneratedMethodAccessor28'

Classes redefined (0 events):
No events

Internal exceptions (20 events):
Event: 49.961 Thread 0x0000029ce4d724d0 Exception <a 'sun/nio/fs/WindowsException'{0x00000000c2d23270}> (0x00000000c2d23270) 
thrown [s\src\hotspot\share\prims\jni.cpp, line 516]
Event: 49.962 Thread 0x0000029ce4d724d0 Exception <a 'sun/nio/fs/WindowsException'{0x00000000c2d24030}> (0x00000000c2d24030) 
thrown [s\src\hotspot\share\prims\jni.cpp, line 516]
Event: 49.963 Thread 0x0000029ce4d724d0 Exception <a 'sun/nio/fs/WindowsException'{0x00000000c2d2b460}> (0x00000000c2d2b460) 
thrown [s\src\hotspot\share\prims\jni.cpp, line 516]
Event: 49.963 Thread 0x0000029ce4d724d0 Exception <a 'sun/nio/fs/WindowsException'{0x00000000c2d2c140}> (0x00000000c2d2c140) 
thrown [s\src\hotspot\share\prims\jni.cpp, line 516]
Event: 49.963 Thread 0x0000029ce4d724d0 Exception <a 'sun/nio/fs/WindowsException'{0x00000000c2d2ce08}> (0x00000000c2d2ce08) 
thrown [s\src\hotspot\share\prims\jni.cpp, line 516]
Event: 49.963 Thread 0x0000029ce4d724d0 Exception <a 'sun/nio/fs/WindowsException'{0x00000000c2d2dae8}> (0x00000000c2d2dae8) 
thrown [s\src\hotspot\share\prims\jni.cpp, line 516]
Event: 49.964 Thread 0x0000029ce4d724d0 Exception <a 'sun/nio/fs/WindowsException'{0x00000000c2d2e930}> (0x00000000c2d2e930) 
thrown [s\src\hotspot\share\prims\jni.cpp, line 516]
Event: 49.964 Thread 0x0000029ce4d724d0 Exception <a 'sun/nio/fs/WindowsException'{0x00000000c2d2f6f0}> (0x00000000c2d2f6f0) 
thrown [s\src\hotspot\share\prims\jni.cpp, line 516]
Event: 51.718 Thread 0x0000029ce4d74330 Exception <a 'java/lang/NoSuchMethodError'{0x00000000c391ac58}: 'java.lang.Object java.lang.invoke.Invokers$Holder.invoke_MT(java.lang.Object, java.lang.Object, java.lang.Object)'> (0x00000000c391ac58) 
thrown [s\src\hotspot\share\interpreter\linkResolver.cpp, line 759]
Event: 51.750 Thread 0x0000029ce4d77ae0 Exception <a 'sun/nio/fs/WindowsException'{0x00000000c3933ec0}> (0x00000000c3933ec0) 
thrown [s\src\hotspot\share\prims\jni.cpp, line 516]
Event: 56.057 Thread 0x0000029ce4d74330 Exception <a 'java/lang/IncompatibleClassChangeError'{0x00000000c3c23d30}: Found class java.lang.Object, but interface was expected> (0x00000000c3c23d30) 
thrown [s\src\hotspot\share\interpreter\linkResolver.cpp, line 826]
Event: 56.565 Thread 0x0000029ce4d74330 Exception <a 'java/lang/NoSuchMethodError'{0x00000000c3dfa1e8}: 'int java.lang.invoke.DirectMethodHandle$Holder.invokeSpecialIFC(java.lang.Object, java.lang.Object, java.lang.Object)'> (0x00000000c3dfa1e8) 
thrown [s\src\hotspot\share\interpreter\linkResolver.cpp, line 759]
Event: 56.565 Thread 0x0000029ce4d73910 Exception <a 'java/lang/NoSuchMethodError'{0x00000000c3d74920}: 'int java.lang.invoke.DirectMethodHandle$Holder.invokeSpecialIFC(java.lang.Object, java.lang.Object, java.lang.Object)'> (0x00000000c3d74920) 
thrown [s\src\hotspot\share\interpreter\linkResolver.cpp, line 759]
Event: 89.646 Thread 0x0000029ce4c91050 Exception <a 'java/lang/NoSuchMethodError'{0x00000000c41b6330}: 'void java.lang.invoke.DirectMethodHandle$Holder.invokeStatic(java.lang.Object, long)'> (0x00000000c41b6330) 
thrown [s\src\hotspot\share\interpreter\linkResolver.cpp, line 759]
Event: 89.647 Thread 0x0000029ce4c91050 Exception <a 'java/lang/NoSuchMethodError'{0x00000000c41bb6e0}: 'java.lang.Object java.lang.invoke.DirectMethodHandle$Holder.newInvokeSpecial(java.lang.Object, long)'> (0x00000000c41bb6e0) 
thrown [s\src\hotspot\share\interpreter\linkResolver.cpp, line 759]
Event: 94.765 Thread 0x0000029ce4ce6310 Exception <a 'java/lang/NoSuchMethodError'{0x00000000c7960260}: 'java.lang.Object java.lang.invoke.DirectMethodHandle$Holder.newInvokeSpecial(java.lang.Object, java.lang.Object, int, java.lang.Object)'> (0x00000000c7960260) 
thrown [s\src\hotspot\share\interpreter\linkResolver.cpp, line 759]
Event: 94.766 Thread 0x0000029ce4ce6310 Exception <a 'java/lang/NoSuchMethodError'{0x00000000c7963b80}: 'java.lang.Object java.lang.invoke.Invokers$Holder.linkToTargetMethod(java.lang.Object, int, java.lang.Object, java.lang.Object)'> (0x00000000c7963b80) 
thrown [s\src\hotspot\share\interpreter\linkResolver.cpp, line 759]
Event: 356.821 Thread 0x0000029ce4d729e0 Exception <a 'java/io/IOException'{0x00000000c3ab9ac0}> (0x00000000c3ab9ac0) 
thrown [s\src\hotspot\share\prims\jni.cpp, line 516]
Event: 357.439 Thread 0x0000029ce4d76bb0 Exception <a 'java/io/IOException'{0x00000000c3ac6ab8}> (0x00000000c3ac6ab8) 
thrown [s\src\hotspot\share\prims\jni.cpp, line 516]
Event: 358.715 Thread 0x0000029ce4d73400 Exception <a 'java/io/IOException'{0x00000000c3acbb68}> (0x00000000c3acbb68) 
thrown [s\src\hotspot\share\prims\jni.cpp, line 516]

VM Operations (20 events):
Event: 2863.902 Executing VM operation: G1CollectFull done
Event: 2874.091 Executing VM operation: G1CollectFull
Event: 2874.147 Executing VM operation: G1CollectFull done
Event: 2884.695 Executing VM operation: G1CollectFull
Event: 2884.757 Executing VM operation: G1CollectFull done
Event: 2894.944 Executing VM operation: G1CollectFull
Event: 2894.999 Executing VM operation: G1CollectFull done
Event: 2905.192 Executing VM operation: G1CollectFull
Event: 2905.248 Executing VM operation: G1CollectFull done
Event: 2915.443 Executing VM operation: G1CollectFull
Event: 2915.502 Executing VM operation: G1CollectFull done
Event: 2925.971 Executing VM operation: G1CollectFull
Event: 2926.031 Executing VM operation: G1CollectFull done
Event: 2936.258 Executing VM operation: G1CollectFull
Event: 2936.313 Executing VM operation: G1CollectFull done
Event: 2946.699 Executing VM operation: G1CollectFull
Event: 2946.758 Executing VM operation: G1CollectFull done
Event: 2957.173 Executing VM operation: G1CollectFull
Event: 2957.233 Executing VM operation: G1CollectFull done
Event: 2970.181 Executing VM operation: G1CollectFull

Events (20 events):
Event: 1767.170 Thread 0x0000029ce4d75770 Thread added: 0x0000029ce4d75770
Event: 1767.241 Thread 0x0000029ce4d74d50 Thread added: 0x0000029ce4d74d50
Event: 1827.332 Thread 0x0000029ce4d74d50 Thread exited: 0x0000029ce4d74d50
Event: 1839.610 Thread 0x0000029ce4d75770 Thread exited: 0x0000029ce4d75770
Event: 2193.430 Thread 0x0000029ce4d729e0 Thread added: 0x0000029ce4d729e0
Event: 2193.537 Thread 0x0000029ce4d74330 Thread added: 0x0000029ce4d74330
Event: 2253.592 Thread 0x0000029ce4d74330 Thread exited: 0x0000029ce4d74330
Event: 2255.019 Thread 0x0000029ce4d729e0 Thread exited: 0x0000029ce4d729e0
Event: 2266.658 Thread 0x0000029ce4d770c0 Thread added: 0x0000029ce4d770c0
Event: 2266.698 Thread 0x0000029ce4d766a0 Thread added: 0x0000029ce4d766a0
Event: 2266.713 Thread 0x0000029ce4d74d50 Thread added: 0x0000029ce4d74d50
Event: 2266.764 Thread 0x0000029ce4d71fc0 Thread added: 0x0000029ce4d71fc0
Event: 2309.154 Thread 0x0000029ce4d76bb0 Thread added: 0x0000029ce4d76bb0
Event: 2326.860 Thread 0x0000029ce4d71fc0 Thread exited: 0x0000029ce4d71fc0
Event: 2327.065 Thread 0x0000029ce4d74d50 Thread exited: 0x0000029ce4d74d50
Event: 2334.903 Thread 0x0000029ce4d770c0 Thread exited: 0x0000029ce4d770c0
Event: 2334.922 Thread 0x0000029ce4d766a0 Thread exited: 0x0000029ce4d766a0
Event: 2369.157 Thread 0x0000029ce4d76bb0 Thread exited: 0x0000029ce4d76bb0
Event: 2687.518 Thread 0x0000029ce4d71fc0 Thread added: 0x0000029ce4d71fc0
Event: 2747.565 Thread 0x0000029ce4d71fc0 Thread exited: 0x0000029ce4d71fc0


Dynamic libraries:
0x00007ff7adcd0000 - 0x00007ff7adcde000 	c:\Users\thinh\.vscode\extensions\redhat.java-1.29.0-win32-x64\jre\17.0.10-win32-x86_64\bin\java.exe
0x00007fff41210000 - 0x00007fff41408000 	C:\WINDOWS\SYSTEM32\ntdll.dll
0x00007fff400c0000 - 0x00007fff4017d000 	C:\WINDOWS\System32\KERNEL32.DLL
0x00007fff3e980000 - 0x00007fff3ec76000 	C:\WINDOWS\System32\KERNELBASE.dll
0x00007fff3ed70000 - 0x00007fff3ee70000 	C:\WINDOWS\System32\ucrtbase.dll
0x00007fff340c0000 - 0x00007fff340d7000 	c:\Users\thinh\.vscode\extensions\redhat.java-1.29.0-win32-x64\jre\17.0.10-win32-x86_64\bin\jli.dll
0x00007fff3ff20000 - 0x00007fff400be000 	C:\WINDOWS\System32\USER32.dll
0x00007fff3e8c0000 - 0x00007fff3e8e2000 	C:\WINDOWS\System32\win32u.dll
0x00007fff40180000 - 0x00007fff401ab000 	C:\WINDOWS\System32\GDI32.dll
0x00007fff3eee0000 - 0x00007fff3eff7000 	C:\WINDOWS\System32\gdi32full.dll
0x00007fff3ec80000 - 0x00007fff3ed1d000 	C:\WINDOWS\System32\msvcp_win.dll
0x00007fff31650000 - 0x00007fff3166b000 	c:\Users\thinh\.vscode\extensions\redhat.java-1.29.0-win32-x64\jre\17.0.10-win32-x86_64\bin\VCRUNTIME140.dll
0x00007fff1cb50000 - 0x00007fff1cdea000 	C:\WINDOWS\WinSxS\amd64_microsoft.windows.common-controls_6595b64144ccf1df_6.0.19041.3636_none_60b6a03d71f818d5\COMCTL32.dll
0x00007fff3fda0000 - 0x00007fff3fe3e000 	C:\WINDOWS\System32\msvcrt.dll
0x00007fff40640000 - 0x00007fff40672000 	C:\WINDOWS\System32\IMM32.DLL
0x00007fff39fd0000 - 0x00007fff39fdc000 	c:\Users\thinh\.vscode\extensions\redhat.java-1.29.0-win32-x64\jre\17.0.10-win32-x86_64\bin\vcruntime140_1.dll
0x00007fff180f0000 - 0x00007fff1817d000 	c:\Users\thinh\.vscode\extensions\redhat.java-1.29.0-win32-x64\jre\17.0.10-win32-x86_64\bin\msvcp140.dll
0x00007ffef4da0000 - 0x00007ffef5a02000 	c:\Users\thinh\.vscode\extensions\redhat.java-1.29.0-win32-x64\jre\17.0.10-win32-x86_64\bin\server\jvm.dll
0x00007fff3fcf0000 - 0x00007fff3fda0000 	C:\WINDOWS\System32\ADVAPI32.dll
0x00007fff3f770000 - 0x00007fff3f810000 	C:\WINDOWS\System32\sechost.dll
0x00007fff3f8f0000 - 0x00007fff3fa15000 	C:\WINDOWS\System32\RPCRT4.dll
0x00007fff3f160000 - 0x00007fff3f187000 	C:\WINDOWS\System32\bcrypt.dll
0x00007fff3e7a0000 - 0x00007fff3e7eb000 	C:\WINDOWS\SYSTEM32\POWRPROF.dll
0x00007fff37680000 - 0x00007fff37689000 	C:\WINDOWS\SYSTEM32\WSOCK32.dll
0x00007fff3feb0000 - 0x00007fff3ff1b000 	C:\WINDOWS\System32\WS2_32.dll
0x00007fff38e00000 - 0x00007fff38e27000 	C:\WINDOWS\SYSTEM32\WINMM.dll
0x00007fff33fa0000 - 0x00007fff33faa000 	C:\WINDOWS\SYSTEM32\VERSION.dll
0x00007fff3e770000 - 0x00007fff3e782000 	C:\WINDOWS\SYSTEM32\UMPDC.dll
0x00007fff3d100000 - 0x00007fff3d112000 	C:\WINDOWS\SYSTEM32\kernel.appcore.dll
0x00007fff34550000 - 0x00007fff3455a000 	c:\Users\thinh\.vscode\extensions\redhat.java-1.29.0-win32-x64\jre\17.0.10-win32-x86_64\bin\jimage.dll
0x00007fff3c650000 - 0x00007fff3c834000 	C:\WINDOWS\SYSTEM32\DBGHELP.DLL
0x00007fff25d40000 - 0x00007fff25d74000 	C:\WINDOWS\SYSTEM32\dbgcore.DLL
0x00007fff3e8f0000 - 0x00007fff3e972000 	C:\WINDOWS\System32\bcryptPrimitives.dll
0x00007fff220c0000 - 0x00007fff220e5000 	c:\Users\thinh\.vscode\extensions\redhat.java-1.29.0-win32-x64\jre\17.0.10-win32-x86_64\bin\java.dll
0x00007fff25070000 - 0x00007fff25088000 	c:\Users\thinh\.vscode\extensions\redhat.java-1.29.0-win32-x64\jre\17.0.10-win32-x86_64\bin\zip.dll
0x00007fff40680000 - 0x00007fff40deb000 	C:\WINDOWS\System32\SHELL32.dll
0x00007fff3c950000 - 0x00007fff3d0ee000 	C:\WINDOWS\SYSTEM32\windows.storage.dll
0x00007fff40e70000 - 0x00007fff411c3000 	C:\WINDOWS\System32\combase.dll
0x00007fff3e220000 - 0x00007fff3e24e000 	C:\WINDOWS\SYSTEM32\Wldp.dll
0x00007fff40320000 - 0x00007fff403ed000 	C:\WINDOWS\System32\OLEAUT32.dll
0x00007fff401b0000 - 0x00007fff4025d000 	C:\WINDOWS\System32\SHCORE.dll
0x00007fff40260000 - 0x00007fff402b5000 	C:\WINDOWS\System32\shlwapi.dll
0x00007fff3e7f0000 - 0x00007fff3e815000 	C:\WINDOWS\SYSTEM32\profapi.dll
0x00007fff1da90000 - 0x00007fff1daa9000 	C:\Users\thinh\.vscode\extensions\redhat.java-1.29.0-win32-x64\jre\17.0.10-win32-x86_64\bin\net.dll
0x00007fff318f0000 - 0x00007fff319fa000 	C:\WINDOWS\SYSTEM32\WINHTTP.dll
0x00007fff3df80000 - 0x00007fff3dfea000 	C:\WINDOWS\system32\mswsock.dll
0x00007fff1b990000 - 0x00007fff1b9a6000 	C:\Users\thinh\.vscode\extensions\redhat.java-1.29.0-win32-x64\jre\17.0.10-win32-x86_64\bin\nio.dll
0x00007fff282d0000 - 0x00007fff282e0000 	c:\Users\thinh\.vscode\extensions\redhat.java-1.29.0-win32-x64\jre\17.0.10-win32-x86_64\bin\verify.dll
0x00007fff3e180000 - 0x00007fff3e198000 	C:\WINDOWS\SYSTEM32\CRYPTSP.dll
0x00007fff3d8b0000 - 0x00007fff3d8e4000 	C:\WINDOWS\system32\rsaenh.dll
0x00007fff3e700000 - 0x00007fff3e72e000 	C:\WINDOWS\SYSTEM32\USERENV.dll
0x00007fff3e170000 - 0x00007fff3e17c000 	C:\WINDOWS\SYSTEM32\CRYPTBASE.dll
0x00007fff3dc70000 - 0x00007fff3dcab000 	C:\WINDOWS\SYSTEM32\IPHLPAPI.DLL
0x00007fff3f740000 - 0x00007fff3f748000 	C:\WINDOWS\System32\NSI.dll
0x00007fff340a0000 - 0x00007fff340b7000 	C:\WINDOWS\SYSTEM32\dhcpcsvc6.DLL
0x00007fff34070000 - 0x00007fff3408d000 	C:\WINDOWS\SYSTEM32\dhcpcsvc.DLL
0x00007fff3dcb0000 - 0x00007fff3dd7b000 	C:\WINDOWS\SYSTEM32\DNSAPI.dll
0x00007fff315a0000 - 0x00007fff315a9000 	C:\Users\thinh\.vscode\extensions\redhat.java-1.29.0-win32-x64\jre\17.0.10-win32-x86_64\bin\management.dll
0x00007fff27160000 - 0x00007fff2716b000 	C:\Users\thinh\.vscode\extensions\redhat.java-1.29.0-win32-x64\jre\17.0.10-win32-x86_64\bin\management_ext.dll
0x00007fff403f0000 - 0x00007fff403f8000 	C:\WINDOWS\System32\PSAPI.DLL
0x00007fff35a60000 - 0x00007fff35a6e000 	C:\Users\thinh\.vscode\extensions\redhat.java-1.29.0-win32-x64\jre\17.0.10-win32-x86_64\bin\sunmscapi.dll
0x00007fff3f000000 - 0x00007fff3f15d000 	C:\WINDOWS\System32\CRYPT32.dll
0x00007fff3e290000 - 0x00007fff3e2b8000 	C:\WINDOWS\SYSTEM32\ncrypt.dll
0x00007fff3e250000 - 0x00007fff3e28b000 	C:\WINDOWS\SYSTEM32\NTASN1.dll
0x00007fff30fe0000 - 0x00007fff30fea000 	C:\Windows\System32\rasadhlp.dll
0x00007fff30470000 - 0x00007fff304f0000 	C:\WINDOWS\System32\fwpuclnt.dll
0x00007fff34580000 - 0x00007fff34589000 	C:\Users\thinh\.vscode\extensions\redhat.java-1.29.0-win32-x64\jre\17.0.10-win32-x86_64\bin\extnet.dll

dbghelp: loaded successfully - version: 4.0.5 - missing functions: none
symbol engine: initialized successfully - sym options: 0x614 - pdb path: .;c:\Users\thinh\.vscode\extensions\redhat.java-1.29.0-win32-x64\jre\17.0.10-win32-x86_64\bin;C:\WINDOWS\SYSTEM32;C:\WINDOWS\WinSxS\amd64_microsoft.windows.common-controls_6595b64144ccf1df_6.0.19041.3636_none_60b6a03d71f818d5;c:\Users\thinh\.vscode\extensions\redhat.java-1.29.0-win32-x64\jre\17.0.10-win32-x86_64\bin\server

VM Arguments:
jvm_args: -XX:+HeapDumpOnOutOfMemoryError -Xmx1024m -Dsts.lsp.client=vscode -Dsts.log.file=/dev/null -XX:TieredStopAtLevel=1 -Xlog:jni+resolve=off -Dspring.config.location=file:c:\Users\thinh\.vscode\extensions\vmware.vscode-spring-boot-1.53.0\language-server\BOOT-INF\classes\application.properties 
java_command: org.springframework.ide.vscode.boot.app.BootLanguageServerBootApp
java_class_path (initial): c:\Users\thinh\.vscode\extensions\vmware.vscode-spring-boot-1.53.0\language-server\BOOT-INF\classes;c:\Users\thinh\.vscode\extensions\vmware.vscode-spring-boot-1.53.0\language-server\BOOT-INF\lib\annotations-24.1.0.jar;c:\Users\thinh\.vscode\extensions\vmware.vscode-spring-boot-1.53.0\language-server\BOOT-INF\lib\antlr4-runtime-4.11.1.jar;c:\Users\thinh\.vscode\extensions\vmware.vscode-spring-boot-1.53.0\language-server\BOOT-INF\lib\asm-9.6.jar;c:\Users\thinh\.vscode\extensions\vmware.vscode-spring-boot-1.53.0\language-server\BOOT-INF\lib\asm-analysis-9.6.jar;c:\Users\thinh\.vscode\extensions\vmware.vscode-spring-boot-1.53.0\language-server\BOOT-INF\lib\asm-tree-9.6.jar;c:\Users\thinh\.vscode\extensions\vmware.vscode-spring-boot-1.53.0\language-server\BOOT-INF\lib\asm-util-9.6.jar;c:\Users\thinh\.vscode\extensions\vmware.vscode-spring-boot-1.53.0\language-server\BOOT-INF\lib\caffeine-3.1.8.jar;c:\Users\thinh\.vscode\extensions\vmware.vscode-spring-boot-1.53.0\language-server\BOOT-INF\lib\checker-qual-3.12.0.jar;c:\Users\thinh\.vscode\extensions\vmware.vscode-spring-boot-1.53.0\language-server\BOOT-INF\lib\classgraph-4.8.149.jar;c:\Users\thinh\.vscode\extensions\vmware.vscode-spring-boot-1.53.0\language-server\BOOT-INF\lib\commons-codec-1.16.1.jar;c:\Users\thinh\.vscode\extensions\vmware.vscode-spring-boot-1.53.0\language-server\BOOT-INF\lib\commons-compress-1.26.0.jar;c:\Users\thinh\.vscode\extensions\vmware.vscode-spring-boot-1.53.0\language-server\BOOT-INF\lib\commons-io-2.4.jar;c:\Users\thinh\.vscode\extensions\vmware.vscode-spring-boot-1.53.0\language-server\BOOT-INF\lib\commons-java-1.53.0-SNAPSHOT.jar;c:\Users\thinh\.vscode\extensions\vmware.vscode-spring-boot-1.53.0\language-server\BOOT-INF\lib\commons-lang3-3.13.0.jar;c:\Users\thinh\.vscode\extensions\vmware.vscode-spring-boot-1.53.0\language-server\BOOT-INF\lib\commons-language-server-1.53.0-SNAPSHOT.jar;c:\Users\thinh\.vscode\extensions\vmware.vscode-spring-boot-1.53.0\language
Launcher Type: SUN_STANDARD

[Global flags]
     intx CICompilerCount                          = 3                                         {product} {ergonomic}
     uint ConcGCThreads                            = 1                                         {product} {ergonomic}
     uint G1ConcRefinementThreads                  = 4                                         {product} {ergonomic}
   size_t G1HeapRegionSize                         = 1048576                                   {product} {ergonomic}
    uintx GCDrainStackTargetSize                   = 64                                        {product} {ergonomic}
     bool HeapDumpOnOutOfMemoryError               = true                                   {manageable} {command line}
   size_t InitialHeapSize                          = 127926272                                 {product} {ergonomic}
   size_t MarkStackSize                            = 4194304                                   {product} {ergonomic}
   size_t MaxHeapSize                              = 1073741824                                {product} {command line}
   size_t MaxNewSize                               = 643825664                                 {product} {ergonomic}
   size_t MinHeapDeltaBytes                        = 1048576                                   {product} {ergonomic}
   size_t MinHeapSize                              = 8388608                                   {product} {ergonomic}
    uintx NonProfiledCodeHeapSize                  = 0                                      {pd product} {ergonomic}
     bool ProfileInterpreter                       = false                                  {pd product} {command line}
    uintx ProfiledCodeHeapSize                     = 0                                      {pd product} {ergonomic}
   size_t SoftMaxHeapSize                          = 1073741824                             {manageable} {ergonomic}
     intx TieredStopAtLevel                        = 1                                         {product} {command line}
     bool UseCompressedClassPointers               = true                           {product lp64_product} {ergonomic}
     bool UseCompressedOops                        = true                           {product lp64_product} {ergonomic}
     bool UseG1GC                                  = true                                      {product} {ergonomic}
     bool UseLargePagesIndividualAllocation        = false                                  {pd product} {ergonomic}

Logging:
Log output configuration:
 #0: stdout all=warning,jni+resolve=off uptime,level,tags
 #1: stderr all=off uptime,level,tags

Environment Variables:
PATH=C:\Program Files\Eclipse Adoptium\jdk-21.0.2.13-hotspot\bin;C:\Python312\Scripts\;C:\Python312\;C:\Program Files\Common Files\Oracle\Java\javapath;C:\Program Files (x86)\Common Files\Oracle\Java\javapath;C:\Program Files\nodejs;C:\Program Files (x86)\VMware\VMware Workstation\bin\;C:\ProgramData\Oracle\Java\javapath;C:\WINDOWS\system32;C:\WINDOWS;C:\WINDOWS\System32\Wbem;C:\WINDOWS\System32\WindowsPowerShell\v1.0\;C:\WINDOWS\System32\OpenSSH\;C:\Program Files (x86)\NVIDIA Corporation\PhysX\Common;C:\Program Files\Microsoft SQL Server\110\Tools\Binn\;C:\Program Files\Redis\;C:\wamp64\bin\php\php8.2.0;C:\ProgramData\ComposerSetup\bin;C:\ProgramData\chocolatey\bin;C:\Program Files\Cloudflare\Cloudflare WARP\;C:\Program Files\nodejs\;C:\Program Files\Git\cmd;C:\Program Files\dotnet\;C:\Users\thinh\AppData\Local\Microsoft\WindowsApps;C:\Users\thinh\AppData\Roaming\Composer\vendor\bin;C:\Users\thinh\AppData\Local\Programs\Microsoft VS Code\bin;C:\Users\thinh\AppData\Roaming\npm
USERNAME=thinh
OS=Windows_NT
PROCESSOR_IDENTIFIER=Intel64 Family 6 Model 78 Stepping 3, GenuineIntel
TMP=C:\Users\thinh\AppData\Local\Temp
TEMP=C:\Users\thinh\AppData\Local\Temp



Periodic native trim disabled


---------------  S Y S T E M  ---------------

OS:
 Windows 10 , 64 bit Build 19041 (10.0.19041.3636)
OS uptime: 5 days 9:12 hours

CPU: total 4 (initial active 4) (2 cores per cpu, 2 threads per core) family 6 model 78 stepping 3 microcode 0xea, cx8, cmov, fxsr, ht, mmx, 3dnowpref, sse, sse2, sse3, ssse3, sse4.1, sse4.2, popcnt, lzcnt, tsc, tscinvbit, avx, avx2, aes, erms, clmul, bmi1, bmi2, rtm, adx, fma, vzeroupper, clflush, clflushopt
Processor Information for all 4 processors :
  Max Mhz: 2501, Current Mhz: 2501, Mhz Limit: 2501

Memory: 4k page, system-wide physical 7775M (389M free)
TotalPageFile size 15775M (AvailPageFile size 4M)
current process WorkingSet (physical memory assigned to process): 135M, peak: 210M
current process commit charge ("private bytes"): 245M, peak: 250M

vm_info: OpenJDK 64-Bit Server VM (17.0.10+7) for windows-amd64 JRE (17.0.10+7), built on Jan 16 2024 23:25:11 by "admin" with MS VC++ 16.10 / 16.11 (VS2019)

END.
