#
# There is insufficient memory for the Java Runtime Environment to continue.
# Native memory allocation (malloc) failed to allocate 1048576 bytes for AllocateHeap
# Possible reasons:
#   The system is out of physical RAM or swap space
#   The process is running with CompressedOops enabled, and the Java Heap may be blocking the growth of the native heap
# Possible solutions:
#   Reduce memory load on the system
#   Increase physical memory or swap space
#   Check if swap backing store is full
#   Decrease Java heap size (-Xmx/-Xms)
#   Decrease number of Java threads
#   Decrease Java thread stack sizes (-Xss)
#   Set larger code cache with -XX:ReservedCodeCacheSize=
#   JVM is running with Unscaled Compressed Oops mode in which the Java heap is
#     placed in the first 4GB address space. The Java Heap base address is the
#     maximum limit for the native heap growth. Please use -XX:HeapBaseMinAddress
#     to set the Java Heap base and to place the Java Heap above 4GB virtual address.
# This output file may be truncated or incomplete.
#
#  Out of Memory Error (allocation.cpp:44), pid=16604, tid=900
#
# JRE version: OpenJDK Runtime Environment Temurin-17.0.10+7 (17.0.10+7) (build 17.0.10+7)
# Java VM: OpenJDK 64-Bit Server VM Temurin-17.0.10+7 (17.0.10+7, mixed mode, emulated-client, tiered, compressed oops, compressed class ptrs, g1 gc, windows-amd64)
# No core dump will be written. Minidumps are not enabled by default on client versions of Windows
#

---------------  S U M M A R Y ------------

Command Line: -XX:+HeapDumpOnOutOfMemoryError -Xmx1024m -Dsts.lsp.client=vscode -Dsts.log.file=/dev/null -XX:TieredStopAtLevel=1 -Xlog:jni+resolve=off -Dspring.config.location=file:c:\Users\thinh\.vscode\extensions\vmware.vscode-spring-boot-1.53.0\language-server\BOOT-INF\classes\application.properties org.springframework.ide.vscode.boot.app.BootLanguageServerBootApp

Host: Intel(R) Core(TM) i5-6300U CPU @ 2.40GHz, 4 cores, 7G,  Windows 10 , 64 bit Build 19041 (10.0.19041.3636)
Time: Sat Mar 30 20:29:58 2024 SE Asia Standard Time elapsed time: 15076.720912 seconds (0d 4h 11m 16s)

---------------  T H R E A D  ---------------

Current thread (0x00000200c31c9020):  VMThread "VM Thread" [stack: 0x00000003e4900000,0x00000003e4a00000] [id=900]

Stack: [0x00000003e4900000,0x00000003e4a00000]
Native frames: (J=compiled Java code, j=interpreted, Vv=VM code, C=native code)
V  [jvm.dll+0x67d2c9]
V  [jvm.dll+0x834afa]
V  [jvm.dll+0x8365be]
V  [jvm.dll+0x836c23]
V  [jvm.dll+0x2477ff]
V  [jvm.dll+0xa6c93]
V  [jvm.dll+0x2f8663]
V  [jvm.dll+0x2f42e0]
V  [jvm.dll+0x2dc8c7]
V  [jvm.dll+0x31fb87]
V  [jvm.dll+0x83b11b]
V  [jvm.dll+0x83be61]
V  [jvm.dll+0x83c37d]
V  [jvm.dll+0x83c754]
V  [jvm.dll+0x83c820]
V  [jvm.dll+0x7e3fba]
V  [jvm.dll+0x67c1b5]
C  [ucrtbase.dll+0x21bb2]
C  [KERNEL32.DLL+0x17344]
C  [ntdll.dll+0x526b1]

VM_Operation (0x00000003e42fec40): G1CollectFull, mode: safepoint, requested by thread 0x00000200c8bc2600


---------------  P R O C E S S  ---------------

Threads class SMR info:
_java_thread_list=0x00000200c90e1050, length=44, elements={
0x00000200c31cc4e0, 0x00000200c31cdb00, 0x00000200c320a010, 0x00000200c320ada0,
0x00000200c320c970, 0x00000200c320f340, 0x00000200c3210c20, 0x00000200c3211530,
0x00000200c3552780, 0x00000200c356f5a0, 0x00000200c83f07c0, 0x00000200c8bc2600,
0x00000200c89daf00, 0x00000200b6cdb6c0, 0x00000200c3f1dd90, 0x00000200c8185360,
0x00000200c8c55a80, 0x00000200c8c55f90, 0x00000200c8c56ec0, 0x00000200c95b1750,
0x00000200c95b3fd0, 0x00000200c95b1c60, 0x00000200c95ae9c0, 0x00000200c95b0310,
0x00000200c95adfa0, 0x00000200c95b0d30, 0x00000200c95ada90, 0x00000200c95ad580,
0x00000200c95aeed0, 0x00000200c95b35b0, 0x00000200c95b30a0, 0x00000200c95b2170,
0x00000200c95b2680, 0x00000200c95b2b90, 0x00000200c95b49f0, 0x00000200c95b0820,
0x00000200c8c564a0, 0x00000200c8c58810, 0x00000200c95ad070, 0x00000200c8c55570,
0x00000200c8173820, 0x00000200c8170580, 0x00000200c8170a90, 0x00000200c8171ed0
}

Java Threads: ( => current thread )
  0x00000200c31cc4e0 JavaThread "Reference Handler" daemon [_thread_blocked, id=11900, stack(0x00000003e4a00000,0x00000003e4b00000)]
  0x00000200c31cdb00 JavaThread "Finalizer" daemon [_thread_blocked, id=3972, stack(0x00000003e4b00000,0x00000003e4c00000)]
  0x00000200c320a010 JavaThread "Signal Dispatcher" daemon [_thread_blocked, id=2344, stack(0x00000003e4c00000,0x00000003e4d00000)]
  0x00000200c320ada0 JavaThread "Attach Listener" daemon [_thread_blocked, id=16508, stack(0x00000003e4d00000,0x00000003e4e00000)]
  0x00000200c320c970 JavaThread "Service Thread" daemon [_thread_blocked, id=5792, stack(0x00000003e4e00000,0x00000003e4f00000)]
  0x00000200c320f340 JavaThread "Monitor Deflation Thread" daemon [_thread_blocked, id=11136, stack(0x00000003e4f00000,0x00000003e5000000)]
  0x00000200c3210c20 JavaThread "C1 CompilerThread0" daemon [_thread_blocked, id=14024, stack(0x00000003e5000000,0x00000003e5100000)]
  0x00000200c3211530 JavaThread "Sweeper thread" daemon [_thread_blocked, id=16936, stack(0x00000003e5100000,0x00000003e5200000)]
  0x00000200c3552780 JavaThread "Notification Thread" daemon [_thread_blocked, id=15656, stack(0x00000003e5200000,0x00000003e5300000)]
  0x00000200c356f5a0 JavaThread "Common-Cleaner" daemon [_thread_blocked, id=7888, stack(0x00000003e5400000,0x00000003e5500000)]
  0x00000200c83f07c0 JavaThread "boundedElastic-evictor-1" daemon [_thread_blocked, id=8172, stack(0x00000003e4100000,0x00000003e4200000)]
  0x00000200c8bc2600 JavaThread "pool-13-thread-1" [_thread_blocked, id=9620, stack(0x00000003e4200000,0x00000003e4300000)]
  0x00000200c89daf00 JavaThread "LanguageServerApp-lifecycle" [_thread_blocked, id=15152, stack(0x00000003e5900000,0x00000003e5a00000)]
  0x00000200b6cdb6c0 JavaThread "DestroyJavaVM" [_thread_blocked, id=7364, stack(0x00000003e4300000,0x00000003e4400000)]
  0x00000200c3f1dd90 JavaThread "pool-14-thread-1" [_thread_in_native, id=15740, stack(0x00000003e5a00000,0x00000003e5b00000)]
  0x00000200c8185360 JavaThread "Simple-Language-Server main thread" daemon [_thread_blocked, id=7640, stack(0x00000003e5b00000,0x00000003e5c00000)]
  0x00000200c8c55a80 JavaThread "parallel-1" daemon [_thread_blocked, id=4656, stack(0x00000003e6100000,0x00000003e6200000)]
  0x00000200c8c55f90 JavaThread "pool-6-thread-1" [_thread_blocked, id=14660, stack(0x00000003e6200000,0x00000003e6300000)]
  0x00000200c8c56ec0 JavaThread "parallel-2" daemon [_thread_blocked, id=9280, stack(0x00000003e6500000,0x00000003e6600000)]
  0x00000200c95b1750 JavaThread "pool-9-thread-1" [_thread_blocked, id=15756, stack(0x00000003e5800000,0x00000003e5900000)]
  0x00000200c95b3fd0 JavaThread "pool-9-thread-2" [_thread_blocked, id=13348, stack(0x00000003e6600000,0x00000003e6700000)]
  0x00000200c95b1c60 JavaThread "pool-9-thread-3" [_thread_blocked, id=9052, stack(0x00000003e7100000,0x00000003e7200000)]
  0x00000200c95ae9c0 JavaThread "pool-7-thread-1" [_thread_blocked, id=8344, stack(0x00000003e7200000,0x00000003e7300000)]
  0x00000200c95b0310 JavaThread "RMI Scheduler(0)" daemon [_thread_blocked, id=12320, stack(0x00000003e7400000,0x00000003e7500000)]
  0x00000200c95adfa0 JavaThread "pool-7-thread-2" [_thread_blocked, id=16676, stack(0x00000003e7600000,0x00000003e7700000)]
  0x00000200c95b0d30 JavaThread "pool-7-thread-3" [_thread_blocked, id=1572, stack(0x00000003e7700000,0x00000003e7800000)]
  0x00000200c95ada90 JavaThread "pool-7-thread-4" [_thread_blocked, id=14652, stack(0x00000003e7800000,0x00000003e7900000)]
  0x00000200c95ad580 JavaThread "pool-7-thread-5" [_thread_blocked, id=5796, stack(0x00000003e7900000,0x00000003e7a00000)]
  0x00000200c95aeed0 JavaThread "pool-7-thread-6" [_thread_blocked, id=264, stack(0x00000003e7500000,0x00000003e7600000)]
  0x00000200c95b35b0 JavaThread "pool-9-thread-4" [_thread_blocked, id=14992, stack(0x00000003e5c00000,0x00000003e5d00000)]
  0x00000200c95b30a0 JavaThread "pool-7-thread-7" [_thread_blocked, id=1396, stack(0x00000003e5d00000,0x00000003e5e00000)]
  0x00000200c95b2170 JavaThread "pool-7-thread-8" [_thread_blocked, id=9056, stack(0x00000003e7b00000,0x00000003e7c00000)]
  0x00000200c95b2680 JavaThread "pool-7-thread-9" [_thread_blocked, id=7376, stack(0x00000003e7c00000,0x00000003e7d00000)]
  0x00000200c95b2b90 JavaThread "pool-7-thread-10" [_thread_blocked, id=3924, stack(0x00000003e6b00000,0x00000003e6c00000)]
  0x00000200c95b49f0 JavaThread "pool-9-thread-5" [_thread_blocked, id=5504, stack(0x00000003e6c00000,0x00000003e6d00000)]
  0x00000200c95b0820 JavaThread "parallel-3" daemon [_thread_blocked, id=12896, stack(0x00000003e6f00000,0x00000003e7000000)]
  0x00000200c8c564a0 JavaThread "Reconciler-1" daemon [_thread_blocked, id=12240, stack(0x00000003e7f00000,0x00000003e8000000)]
  0x00000200c8c58810 JavaThread "pool-9-thread-6" [_thread_blocked, id=11988, stack(0x00000003e8000000,0x00000003e8100000)]
  0x00000200c95ad070 JavaThread "RMI GC Daemon" daemon [_thread_blocked, id=4440, stack(0x00000003e8200000,0x00000003e8300000)]
  0x00000200c8c55570 JavaThread "parallel-4" daemon [_thread_blocked, id=8772, stack(0x00000003e6300000,0x00000003e6400000)]
  0x00000200c8173820 JavaThread "pool-9-thread-7" [_thread_blocked, id=7320, stack(0x00000003e5f00000,0x00000003e6000000)]
  0x00000200c8170580 JavaThread "RMI RenewClean-[localhost:63861]" daemon [_thread_blocked, id=7976, stack(0x00000003e7300000,0x00000003e7400000)]
  0x00000200c8170a90 JavaThread "JMX client heartbeat 6" daemon [_thread_blocked, id=6792, stack(0x00000003e8300000,0x00000003e8400000)]
  0x00000200c8171ed0 JavaThread "pool-8-thread-1" [_thread_blocked, id=7704, stack(0x00000003e7e00000,0x00000003e7f00000)]

Other Threads:
=>0x00000200c31c9020 VMThread "VM Thread" [stack: 0x00000003e4900000,0x00000003e4a00000] [id=900]
  0x00000200c3552c60 WatcherThread [stack: 0x00000003e5300000,0x00000003e5400000] [id=8460]
  0x00000200b6d196c0 GCTaskThread "GC Thread#0" [stack: 0x00000003e4400000,0x00000003e4500000] [id=11304]
  0x00000200c3b884d0 GCTaskThread "GC Thread#1" [stack: 0x00000003e4000000,0x00000003e4100000] [id=3812]
  0x00000200c3bedab0 GCTaskThread "GC Thread#2" [stack: 0x00000003e5500000,0x00000003e5600000] [id=5652]
  0x00000200c39648e0 GCTaskThread "GC Thread#3" [stack: 0x00000003e5600000,0x00000003e5700000] [id=12820]
  0x00000200b6d22610 ConcurrentGCThread "G1 Main Marker" [stack: 0x00000003e4500000,0x00000003e4600000] [id=4628]
  0x00000200b6d23030 ConcurrentGCThread "G1 Conc#0" [stack: 0x00000003e4600000,0x00000003e4700000] [id=15308]
  0x00000200b6d860c0 ConcurrentGCThread "G1 Refine#0" [stack: 0x00000003e4700000,0x00000003e4800000] [id=8564]
  0x00000200b6d88b00 ConcurrentGCThread "G1 Service" [stack: 0x00000003e4800000,0x00000003e4900000] [id=5236]

Threads with active compile tasks:

VM state: at safepoint (normal execution)

VM Mutex/Monitor currently owned by a thread:  ([mutex/lock_event])
[0x00000200b6bcee20] Threads_lock - owner thread: 0x00000200c31c9020
[0x00000200b6cd7bf0] Heap_lock - owner thread: 0x00000200c8bc2600

Heap address: 0x00000000c0000000, size: 1024 MB, Compressed Oops mode: 32-bit

CDS archive(s) not mapped
Compressed class space mapped at: 0x0000000100000000-0x0000000140000000, reserved size: 1073741824
Narrow klass base: 0x0000000000000000, Narrow klass shift: 3, Narrow klass range: 0x140000000

GC Precious Log:
 CPUs: 4 total, 4 available
 Memory: 7775M
 Large Page Support: Disabled
 NUMA Support: Disabled
 Compressed Oops: Enabled (32-bit)
 Heap Region Size: 1M
 Heap Min Capacity: 8M
 Heap Initial Capacity: 122M
 Heap Max Capacity: 1G
 Pre-touch: Disabled
 Parallel Workers: 4
 Concurrent Workers: 1
 Concurrent Refinement Workers: 4
 Periodic GC: Disabled

Heap:
 garbage-first heap   total 78848K, used 29186K [0x00000000c0000000, 0x0000000100000000)
  region size 1024K, 1 young (1024K), 0 survivors (0K)
 Metaspace       used 51439K, committed 52160K, reserved 1114112K
  class space    used 6735K, committed 6976K, reserved 1048576K

Heap Regions: E=young(eden), S=young(survivor), O=old, HS=humongous(starts), HC=humongous(continues), CS=collection set, F=free, OA=open archive, CA=closed archive, TAMS=top-at-mark-start (previous, next)
|   0|0x00000000c0000000, 0x00000000c0100000, 0x00000000c0100000|100%|HS|  |TAMS 0x00000000c0100000, 0x00000000c0000000| Untracked 
|   1|0x00000000c0100000, 0x00000000c0200000, 0x00000000c0200000|100%|HC|  |TAMS 0x00000000c0200000, 0x00000000c0100000| Untracked 
|   2|0x00000000c0200000, 0x00000000c0300000, 0x00000000c0300000|100%|HC|  |TAMS 0x00000000c0300000, 0x00000000c0200000| Untracked 
|   3|0x00000000c0300000, 0x00000000c0400000, 0x00000000c0400000|100%|HC|  |TAMS 0x00000000c0400000, 0x00000000c0300000| Untracked 
|   4|0x00000000c0400000, 0x00000000c0500000, 0x00000000c0500000|100%| O|  |TAMS 0x00000000c0500000, 0x00000000c0400000| Untracked 
|   5|0x00000000c0500000, 0x00000000c05fffa8, 0x00000000c0600000| 99%| O|  |TAMS 0x00000000c05fffa8, 0x00000000c0500000| Untracked 
|   6|0x00000000c0600000, 0x00000000c0700000, 0x00000000c0700000|100%| O|  |TAMS 0x00000000c0700000, 0x00000000c0600000| Untracked 
|   7|0x00000000c0700000, 0x00000000c07ffff8, 0x00000000c0800000| 99%| O|  |TAMS 0x00000000c07ffff8, 0x00000000c0700000| Untracked 
|   8|0x00000000c0800000, 0x00000000c0900000, 0x00000000c0900000|100%| O|  |TAMS 0x00000000c0900000, 0x00000000c0800000| Untracked 
|   9|0x00000000c0900000, 0x00000000c09ffa68, 0x00000000c0a00000| 99%| O|  |TAMS 0x00000000c09ffa68, 0x00000000c0900000| Untracked 
|  10|0x00000000c0a00000, 0x00000000c0b00000, 0x00000000c0b00000|100%|HS|  |TAMS 0x00000000c0b00000, 0x00000000c0a00000| Untracked 
|  11|0x00000000c0b00000, 0x00000000c0c00000, 0x00000000c0c00000|100%|HC|  |TAMS 0x00000000c0c00000, 0x00000000c0b00000| Untracked 
|  12|0x00000000c0c00000, 0x00000000c0d00000, 0x00000000c0d00000|100%| O|  |TAMS 0x00000000c0d00000, 0x00000000c0c00000| Untracked 
|  13|0x00000000c0d00000, 0x00000000c0e00000, 0x00000000c0e00000|100%| O|  |TAMS 0x00000000c0e00000, 0x00000000c0d00000| Untracked 
|  14|0x00000000c0e00000, 0x00000000c0efffe0, 0x00000000c0f00000| 99%| O|  |TAMS 0x00000000c0efffe0, 0x00000000c0e00000| Untracked 
|  15|0x00000000c0f00000, 0x00000000c1000000, 0x00000000c1000000|100%| O|  |TAMS 0x00000000c1000000, 0x00000000c0f00000| Untracked 
|  16|0x00000000c1000000, 0x00000000c10ffff0, 0x00000000c1100000| 99%| O|  |TAMS 0x00000000c10ffff0, 0x00000000c1000000| Untracked 
|  17|0x00000000c1100000, 0x00000000c1200000, 0x00000000c1200000|100%| O|  |TAMS 0x00000000c1200000, 0x00000000c1100000| Untracked 
|  18|0x00000000c1200000, 0x00000000c12fffd0, 0x00000000c1300000| 99%| O|  |TAMS 0x00000000c12fffd0, 0x00000000c1200000| Untracked 
|  19|0x00000000c1300000, 0x00000000c13fffa8, 0x00000000c1400000| 99%| O|  |TAMS 0x00000000c13fffa8, 0x00000000c1300000| Untracked 
|  20|0x00000000c1400000, 0x00000000c14fffe8, 0x00000000c1500000| 99%| O|  |TAMS 0x00000000c14fffe8, 0x00000000c1400000| Untracked 
|  21|0x00000000c1500000, 0x00000000c15fff70, 0x00000000c1600000| 99%| O|  |TAMS 0x00000000c15fff70, 0x00000000c1500000| Untracked 
|  22|0x00000000c1600000, 0x00000000c1700000, 0x00000000c1700000|100%| O|  |TAMS 0x00000000c1700000, 0x00000000c1600000| Untracked 
|  23|0x00000000c1700000, 0x00000000c17fffe8, 0x00000000c1800000| 99%| O|  |TAMS 0x00000000c17fffe8, 0x00000000c1700000| Untracked 
|  24|0x00000000c1800000, 0x00000000c1900000, 0x00000000c1900000|100%| O|  |TAMS 0x00000000c1900000, 0x00000000c1800000| Untracked 
|  25|0x00000000c1900000, 0x00000000c19fffe0, 0x00000000c1a00000| 99%| O|  |TAMS 0x00000000c19fffe0, 0x00000000c1900000| Untracked 
|  26|0x00000000c1a00000, 0x00000000c1affff8, 0x00000000c1b00000| 99%| O|  |TAMS 0x00000000c1affff8, 0x00000000c1a00000| Untracked 
|  27|0x00000000c1b00000, 0x00000000c1bffff8, 0x00000000c1c00000| 99%| O|  |TAMS 0x00000000c1bffff8, 0x00000000c1b00000| Untracked 
|  28|0x00000000c1c00000, 0x00000000c1c7d828, 0x00000000c1d00000| 49%| O|  |TAMS 0x00000000c1c00000, 0x00000000c1c00000| Untracked 
|  29|0x00000000c1d00000, 0x00000000c1d03b30, 0x00000000c1e00000|  1%| O|  |TAMS 0x00000000c1d00000, 0x00000000c1d00000| Untracked 
|  30|0x00000000c1e00000, 0x00000000c1e00000, 0x00000000c1f00000|  0%| F|  |TAMS 0x00000000c1e00000, 0x00000000c1e00000| Untracked 
|  31|0x00000000c1f00000, 0x00000000c1f00000, 0x00000000c2000000|  0%| F|  |TAMS 0x00000000c1f00000, 0x00000000c1f00000| Untracked 
|  32|0x00000000c2000000, 0x00000000c2000000, 0x00000000c2100000|  0%| F|  |TAMS 0x00000000c2000000, 0x00000000c2000000| Untracked 
|  33|0x00000000c2100000, 0x00000000c2100000, 0x00000000c2200000|  0%| F|  |TAMS 0x00000000c2100000, 0x00000000c2100000| Untracked 
|  34|0x00000000c2200000, 0x00000000c2200000, 0x00000000c2300000|  0%| F|  |TAMS 0x00000000c2200000, 0x00000000c2200000| Untracked 
|  35|0x00000000c2300000, 0x00000000c2300000, 0x00000000c2400000|  0%| F|  |TAMS 0x00000000c2300000, 0x00000000c2300000| Untracked 
|  36|0x00000000c2400000, 0x00000000c2400000, 0x00000000c2500000|  0%| F|  |TAMS 0x00000000c2400000, 0x00000000c2400000| Untracked 
|  37|0x00000000c2500000, 0x00000000c2500000, 0x00000000c2600000|  0%| F|  |TAMS 0x00000000c2500000, 0x00000000c2500000| Untracked 
|  38|0x00000000c2600000, 0x00000000c2600000, 0x00000000c2700000|  0%| F|  |TAMS 0x00000000c2600000, 0x00000000c2600000| Untracked 
|  39|0x00000000c2700000, 0x00000000c2700000, 0x00000000c2800000|  0%| F|  |TAMS 0x00000000c2700000, 0x00000000c2700000| Untracked 
|  40|0x00000000c2800000, 0x00000000c2800000, 0x00000000c2900000|  0%| F|  |TAMS 0x00000000c2800000, 0x00000000c2800000| Untracked 
|  41|0x00000000c2900000, 0x00000000c2900000, 0x00000000c2a00000|  0%| F|  |TAMS 0x00000000c2900000, 0x00000000c2900000| Untracked 
|  42|0x00000000c2a00000, 0x00000000c2a00000, 0x00000000c2b00000|  0%| F|  |TAMS 0x00000000c2a00000, 0x00000000c2a00000| Untracked 
|  43|0x00000000c2b00000, 0x00000000c2b00000, 0x00000000c2c00000|  0%| F|  |TAMS 0x00000000c2b00000, 0x00000000c2b00000| Untracked 
|  44|0x00000000c2c00000, 0x00000000c2c00000, 0x00000000c2d00000|  0%| F|  |TAMS 0x00000000c2c00000, 0x00000000c2c00000| Untracked 
|  45|0x00000000c2d00000, 0x00000000c2d00000, 0x00000000c2e00000|  0%| F|  |TAMS 0x00000000c2d00000, 0x00000000c2d00000| Untracked 
|  46|0x00000000c2e00000, 0x00000000c2e00000, 0x00000000c2f00000|  0%| F|  |TAMS 0x00000000c2e00000, 0x00000000c2e00000| Untracked 
|  47|0x00000000c2f00000, 0x00000000c2f00000, 0x00000000c3000000|  0%| F|  |TAMS 0x00000000c2f00000, 0x00000000c2f00000| Untracked 
|  48|0x00000000c3000000, 0x00000000c3000000, 0x00000000c3100000|  0%| F|  |TAMS 0x00000000c3000000, 0x00000000c3000000| Untracked 
|  49|0x00000000c3100000, 0x00000000c3100000, 0x00000000c3200000|  0%| F|  |TAMS 0x00000000c3100000, 0x00000000c3100000| Untracked 
|  50|0x00000000c3200000, 0x00000000c3200000, 0x00000000c3300000|  0%| F|  |TAMS 0x00000000c3200000, 0x00000000c3200000| Untracked 
|  51|0x00000000c3300000, 0x00000000c3300000, 0x00000000c3400000|  0%| F|  |TAMS 0x00000000c3300000, 0x00000000c3300000| Untracked 
|  52|0x00000000c3400000, 0x00000000c3400000, 0x00000000c3500000|  0%| F|  |TAMS 0x00000000c3400000, 0x00000000c3400000| Untracked 
|  53|0x00000000c3500000, 0x00000000c3500000, 0x00000000c3600000|  0%| F|  |TAMS 0x00000000c3500000, 0x00000000c3500000| Untracked 
|  54|0x00000000c3600000, 0x00000000c3600000, 0x00000000c3700000|  0%| F|  |TAMS 0x00000000c3600000, 0x00000000c3600000| Untracked 
|  55|0x00000000c3700000, 0x00000000c3700000, 0x00000000c3800000|  0%| F|  |TAMS 0x00000000c3700000, 0x00000000c3700000| Untracked 
|  56|0x00000000c3800000, 0x00000000c3800000, 0x00000000c3900000|  0%| F|  |TAMS 0x00000000c3800000, 0x00000000c3800000| Untracked 
|  57|0x00000000c3900000, 0x00000000c3900000, 0x00000000c3a00000|  0%| F|  |TAMS 0x00000000c3900000, 0x00000000c3900000| Untracked 
|  58|0x00000000c3a00000, 0x00000000c3a00000, 0x00000000c3b00000|  0%| F|  |TAMS 0x00000000c3a00000, 0x00000000c3a00000| Untracked 
|  59|0x00000000c3b00000, 0x00000000c3b00000, 0x00000000c3c00000|  0%| F|  |TAMS 0x00000000c3b00000, 0x00000000c3b00000| Untracked 
|  60|0x00000000c3c00000, 0x00000000c3c00000, 0x00000000c3d00000|  0%| F|  |TAMS 0x00000000c3c00000, 0x00000000c3c00000| Untracked 
|  61|0x00000000c3d00000, 0x00000000c3d00000, 0x00000000c3e00000|  0%| F|  |TAMS 0x00000000c3d00000, 0x00000000c3d00000| Untracked 
|  62|0x00000000c3e00000, 0x00000000c3e00000, 0x00000000c3f00000|  0%| F|  |TAMS 0x00000000c3e00000, 0x00000000c3e00000| Untracked 
|  63|0x00000000c3f00000, 0x00000000c3f00000, 0x00000000c4000000|  0%| F|  |TAMS 0x00000000c3f00000, 0x00000000c3f00000| Untracked 
|  64|0x00000000c4000000, 0x00000000c4000000, 0x00000000c4100000|  0%| F|  |TAMS 0x00000000c4000000, 0x00000000c4000000| Untracked 
|  65|0x00000000c4100000, 0x00000000c4100000, 0x00000000c4200000|  0%| F|  |TAMS 0x00000000c4100000, 0x00000000c4100000| Untracked 
|  66|0x00000000c4200000, 0x00000000c4200000, 0x00000000c4300000|  0%| F|  |TAMS 0x00000000c4200000, 0x00000000c4200000| Untracked 
|  67|0x00000000c4300000, 0x00000000c4300000, 0x00000000c4400000|  0%| F|  |TAMS 0x00000000c4300000, 0x00000000c4300000| Untracked 
|  68|0x00000000c4400000, 0x00000000c4400000, 0x00000000c4500000|  0%| F|  |TAMS 0x00000000c4400000, 0x00000000c4400000| Untracked 
|  69|0x00000000c4500000, 0x00000000c4500000, 0x00000000c4600000|  0%| F|  |TAMS 0x00000000c4500000, 0x00000000c4500000| Untracked 
|  74|0x00000000c4a00000, 0x00000000c4a00000, 0x00000000c4b00000|  0%| F|  |TAMS 0x00000000c4a00000, 0x00000000c4a00000| Untracked 
|  75|0x00000000c4b00000, 0x00000000c4b00000, 0x00000000c4c00000|  0%| F|  |TAMS 0x00000000c4b00000, 0x00000000c4b00000| Untracked 
|  76|0x00000000c4c00000, 0x00000000c4c00000, 0x00000000c4d00000|  0%| F|  |TAMS 0x00000000c4c00000, 0x00000000c4c00000| Untracked 
|  77|0x00000000c4d00000, 0x00000000c4d00000, 0x00000000c4e00000|  0%| F|  |TAMS 0x00000000c4d00000, 0x00000000c4d00000| Untracked 
|  78|0x00000000c4e00000, 0x00000000c4e00000, 0x00000000c4f00000|  0%| F|  |TAMS 0x00000000c4e00000, 0x00000000c4e00000| Untracked 
|  79|0x00000000c4f00000, 0x00000000c4f00000, 0x00000000c5000000|  0%| F|  |TAMS 0x00000000c4f00000, 0x00000000c4f00000| Untracked 
| 121|0x00000000c7900000, 0x00000000c7924578, 0x00000000c7a00000| 14%| E|  |TAMS 0x00000000c7900000, 0x00000000c7900000| Complete 

Card table byte_map: [0x00000200be7c0000,0x00000200be9c0000] _byte_map_base: 0x00000200be1c0000

Marking Bits (Prev, Next): (CMBitMap*) 0x00000200b6d19d20, (CMBitMap*) 0x00000200b6d19ce0
 Prev Bits: [0x00000200bfbc0000, 0x00000200c0bc0000)
 Next Bits: [0x00000200bebc0000, 0x00000200bfbc0000)

Polling page: 0x00000200b6b60000

Metaspace:

Usage:
  Non-class:     43.66 MB used.
      Class:      6.58 MB used.
       Both:     50.23 MB used.

Virtual space:
  Non-class space:       64.00 MB reserved,      44.12 MB ( 69%) committed,  1 nodes.
      Class space:        1.00 GB reserved,       6.81 MB ( <1%) committed,  1 nodes.
             Both:        1.06 GB reserved,      50.94 MB (  5%) committed. 

Chunk freelists:
   Non-Class:  3.39 MB
       Class:  9.29 MB
        Both:  12.68 MB

MaxMetaspaceSize: unlimited
CompressedClassSpaceSize: 1.00 GB
Initial GC threshold: 21.00 MB
Current GC threshold: 84.81 MB
CDS: off
MetaspaceReclaimPolicy: balanced
 - commit_granule_bytes: 65536.
 - commit_granule_words: 8192.
 - virtual_space_node_default_size: 8388608.
 - enlarge_chunks_in_place: 1.
 - new_chunks_are_fully_committed: 0.
 - uncommit_free_chunks: 1.
 - use_allocation_guard: 0.
 - handle_deallocations: 1.


Internal statistics:

num_allocs_failed_limit: 6.
num_arena_births: 968.
num_arena_deaths: 510.
num_vsnodes_births: 2.
num_vsnodes_deaths: 0.
num_space_committed: 815.
num_space_uncommitted: 0.
num_chunks_returned_to_freelist: 691.
num_chunks_taken_from_freelist: 2791.
num_chunk_merges: 193.
num_chunk_splits: 1642.
num_chunks_enlarged: 1139.
num_inconsistent_stats: 0.

CodeCache: size=49152Kb used=10700Kb max_used=11401Kb free=38451Kb
 bounds [0x00000200bb180000, 0x00000200bbcd0000, 0x00000200be180000]
 total_blobs=6686 nmethods=6057 adapters=556
 compilation: enabled
              stopped_count=0, restarted_count=0
 full_count=0

Compilation events (20 events):
Event: 14152.953 Thread 0x00000200c3210c20 6052       1       java.io.ObjectInputStream$FilterValues::serialClass (5 bytes)
Event: 14152.953 Thread 0x00000200c3210c20 nmethod 6052 0x00000200bbc04910 code [0x00000200bbc04aa0, 0x00000200bbc04b78]
Event: 14452.949 Thread 0x00000200c3210c20 6053       1       java.security.ProtectionDomain::<init> (98 bytes)
Event: 14452.950 Thread 0x00000200c3210c20 nmethod 6053 0x00000200bbc04110 code [0x00000200bbc042e0, 0x00000200bbc047a8]
Event: 14452.951 Thread 0x00000200c3210c20 6054       1       java.lang.String::valueOf (39 bytes)
Event: 14452.952 Thread 0x00000200c3210c20 nmethod 6054 0x00000200bbc03a90 code [0x00000200bbc03c40, 0x00000200bbc03fd8]
Event: 14452.952 Thread 0x00000200c3210c20 6055       1       java.lang.StringLatin1::toBytes (9 bytes)
Event: 14452.952 Thread 0x00000200c3210c20 nmethod 6055 0x00000200bbc03710 code [0x00000200bbc038a0, 0x00000200bbc039d8]
Event: 15052.951 Thread 0x00000200c3210c20 6056       1       java.lang.ClassValue$Version::<init> (22 bytes)
Event: 15052.951 Thread 0x00000200c3210c20 nmethod 6056 0x00000200bbc03210 code [0x00000200bbc033c0, 0x00000200bbc03648]
Event: 15052.951 Thread 0x00000200c3210c20 6057       1       java.lang.ClassValue$Entry::<init> (11 bytes)
Event: 15052.951 Thread 0x00000200c3210c20 nmethod 6057 0x00000200bbc02e10 code [0x00000200bbc02fa0, 0x00000200bbc03198]
Event: 15052.952 Thread 0x00000200c3210c20 6058       1       java.lang.ClassValue$Entry::isLive (26 bytes)
Event: 15052.952 Thread 0x00000200c3210c20 nmethod 6058 0x00000200bbc02910 code [0x00000200bbc02ac0, 0x00000200bbc02c88]
Event: 15052.952 Thread 0x00000200c3210c20 6059       1       java.lang.ClassValue$Version::isLive (17 bytes)
Event: 15052.952 Thread 0x00000200c3210c20 nmethod 6059 0x00000200bbc02610 code [0x00000200bbc027a0, 0x00000200bbc02878]
Event: 15052.952 Thread 0x00000200c3210c20 6060       1       java.io.ClassCache$1::computeValue (6 bytes)
Event: 15052.952 Thread 0x00000200c3210c20 nmethod 6060 0x00000200bbc01f90 code [0x00000200bbc02160, 0x00000200bbc02488]
Event: 15052.952 Thread 0x00000200c3210c20 6061       1       java.io.ClassCache$1::computeValue (31 bytes)
Event: 15052.953 Thread 0x00000200c3210c20 nmethod 6061 0x00000200bbc01890 code [0x00000200bbc01a60, 0x00000200bbc01e38]

GC Heap History (20 events):
Event: 14973.693 GC heap before
{Heap before GC invocations=488 (full 470):
 garbage-first heap   total 78848K, used 29174K [0x00000000c0000000, 0x0000000100000000)
  region size 1024K, 1 young (1024K), 0 survivors (0K)
 Metaspace       used 51429K, committed 52160K, reserved 1114112K
  class space    used 6734K, committed 6976K, reserved 1048576K
}
Event: 14973.743 GC heap after
{Heap after GC invocations=489 (full 471):
 garbage-first heap   total 78848K, used 29174K [0x00000000c0000000, 0x0000000100000000)
  region size 1024K, 0 young (0K), 0 survivors (0K)
 Metaspace       used 51429K, committed 52160K, reserved 1114112K
  class space    used 6734K, committed 6976K, reserved 1048576K
}
Event: 14983.989 GC heap before
{Heap before GC invocations=489 (full 471):
 garbage-first heap   total 78848K, used 29174K [0x00000000c0000000, 0x0000000100000000)
  region size 1024K, 1 young (1024K), 0 survivors (0K)
 Metaspace       used 51429K, committed 52160K, reserved 1114112K
  class space    used 6734K, committed 6976K, reserved 1048576K
}
Event: 14984.043 GC heap after
{Heap after GC invocations=490 (full 472):
 garbage-first heap   total 78848K, used 29174K [0x00000000c0000000, 0x0000000100000000)
  region size 1024K, 0 young (0K), 0 survivors (0K)
 Metaspace       used 51429K, committed 52160K, reserved 1114112K
  class space    used 6734K, committed 6976K, reserved 1048576K
}
Event: 14994.230 GC heap before
{Heap before GC invocations=490 (full 472):
 garbage-first heap   total 78848K, used 29174K [0x00000000c0000000, 0x0000000100000000)
  region size 1024K, 1 young (1024K), 0 survivors (0K)
 Metaspace       used 51429K, committed 52160K, reserved 1114112K
  class space    used 6734K, committed 6976K, reserved 1048576K
}
Event: 14994.275 GC heap after
{Heap after GC invocations=491 (full 473):
 garbage-first heap   total 78848K, used 29174K [0x00000000c0000000, 0x0000000100000000)
  region size 1024K, 0 young (0K), 0 survivors (0K)
 Metaspace       used 51429K, committed 52160K, reserved 1114112K
  class space    used 6734K, committed 6976K, reserved 1048576K
}
Event: 15004.465 GC heap before
{Heap before GC invocations=491 (full 473):
 garbage-first heap   total 78848K, used 29174K [0x00000000c0000000, 0x0000000100000000)
  region size 1024K, 1 young (1024K), 0 survivors (0K)
 Metaspace       used 51429K, committed 52160K, reserved 1114112K
  class space    used 6734K, committed 6976K, reserved 1048576K
}
Event: 15004.511 GC heap after
{Heap after GC invocations=492 (full 474):
 garbage-first heap   total 78848K, used 29174K [0x00000000c0000000, 0x0000000100000000)
  region size 1024K, 0 young (0K), 0 survivors (0K)
 Metaspace       used 51429K, committed 52160K, reserved 1114112K
  class space    used 6734K, committed 6976K, reserved 1048576K
}
Event: 15014.669 GC heap before
{Heap before GC invocations=492 (full 474):
 garbage-first heap   total 78848K, used 29174K [0x00000000c0000000, 0x0000000100000000)
  region size 1024K, 1 young (1024K), 0 survivors (0K)
 Metaspace       used 51429K, committed 52160K, reserved 1114112K
  class space    used 6734K, committed 6976K, reserved 1048576K
}
Event: 15014.710 GC heap after
{Heap after GC invocations=493 (full 475):
 garbage-first heap   total 78848K, used 29174K [0x00000000c0000000, 0x0000000100000000)
  region size 1024K, 0 young (0K), 0 survivors (0K)
 Metaspace       used 51429K, committed 52160K, reserved 1114112K
  class space    used 6734K, committed 6976K, reserved 1048576K
}
Event: 15024.921 GC heap before
{Heap before GC invocations=493 (full 475):
 garbage-first heap   total 78848K, used 29174K [0x00000000c0000000, 0x0000000100000000)
  region size 1024K, 1 young (1024K), 0 survivors (0K)
 Metaspace       used 51429K, committed 52160K, reserved 1114112K
  class space    used 6734K, committed 6976K, reserved 1048576K
}
Event: 15024.968 GC heap after
{Heap after GC invocations=494 (full 476):
 garbage-first heap   total 78848K, used 29174K [0x00000000c0000000, 0x0000000100000000)
  region size 1024K, 0 young (0K), 0 survivors (0K)
 Metaspace       used 51429K, committed 52160K, reserved 1114112K
  class space    used 6734K, committed 6976K, reserved 1048576K
}
Event: 15035.204 GC heap before
{Heap before GC invocations=494 (full 476):
 garbage-first heap   total 78848K, used 29174K [0x00000000c0000000, 0x0000000100000000)
  region size 1024K, 1 young (1024K), 0 survivors (0K)
 Metaspace       used 51429K, committed 52160K, reserved 1114112K
  class space    used 6734K, committed 6976K, reserved 1048576K
}
Event: 15035.257 GC heap after
{Heap after GC invocations=495 (full 477):
 garbage-first heap   total 78848K, used 29174K [0x00000000c0000000, 0x0000000100000000)
  region size 1024K, 0 young (0K), 0 survivors (0K)
 Metaspace       used 51429K, committed 52160K, reserved 1114112K
  class space    used 6734K, committed 6976K, reserved 1048576K
}
Event: 15045.501 GC heap before
{Heap before GC invocations=495 (full 477):
 garbage-first heap   total 78848K, used 29174K [0x00000000c0000000, 0x0000000100000000)
  region size 1024K, 1 young (1024K), 0 survivors (0K)
 Metaspace       used 51429K, committed 52160K, reserved 1114112K
  class space    used 6734K, committed 6976K, reserved 1048576K
}
Event: 15045.556 GC heap after
{Heap after GC invocations=496 (full 478):
 garbage-first heap   total 78848K, used 29174K [0x00000000c0000000, 0x0000000100000000)
  region size 1024K, 0 young (0K), 0 survivors (0K)
 Metaspace       used 51429K, committed 52160K, reserved 1114112K
  class space    used 6734K, committed 6976K, reserved 1048576K
}
Event: 15056.304 GC heap before
{Heap before GC invocations=496 (full 478):
 garbage-first heap   total 78848K, used 29174K [0x00000000c0000000, 0x0000000100000000)
  region size 1024K, 1 young (1024K), 0 survivors (0K)
 Metaspace       used 51439K, committed 52160K, reserved 1114112K
  class space    used 6735K, committed 6976K, reserved 1048576K
}
Event: 15056.353 GC heap after
{Heap after GC invocations=497 (full 479):
 garbage-first heap   total 78848K, used 29186K [0x00000000c0000000, 0x0000000100000000)
  region size 1024K, 0 young (0K), 0 survivors (0K)
 Metaspace       used 51439K, committed 52160K, reserved 1114112K
  class space    used 6735K, committed 6976K, reserved 1048576K
}
Event: 15066.559 GC heap before
{Heap before GC invocations=497 (full 479):
 garbage-first heap   total 78848K, used 29186K [0x00000000c0000000, 0x0000000100000000)
  region size 1024K, 1 young (1024K), 0 survivors (0K)
 Metaspace       used 51439K, committed 52160K, reserved 1114112K
  class space    used 6735K, committed 6976K, reserved 1048576K
}
Event: 15066.606 GC heap after
{Heap after GC invocations=498 (full 480):
 garbage-first heap   total 78848K, used 29186K [0x00000000c0000000, 0x0000000100000000)
  region size 1024K, 0 young (0K), 0 survivors (0K)
 Metaspace       used 51439K, committed 52160K, reserved 1114112K
  class space    used 6735K, committed 6976K, reserved 1048576K
}

Dll operation events (12 events):
Event: 0.013 Loaded shared library c:\Users\thinh\.vscode\extensions\redhat.java-1.28.1-win32-x64\jre\17.0.10-win32-x86_64\bin\java.dll
Event: 0.905 Loaded shared library C:\Users\thinh\.vscode\extensions\redhat.java-1.28.1-win32-x64\jre\17.0.10-win32-x86_64\bin\net.dll
Event: 0.913 Loaded shared library C:\Users\thinh\.vscode\extensions\redhat.java-1.28.1-win32-x64\jre\17.0.10-win32-x86_64\bin\nio.dll
Event: 2.020 Loaded shared library C:\Users\thinh\.vscode\extensions\redhat.java-1.28.1-win32-x64\jre\17.0.10-win32-x86_64\bin\zip.dll
Event: 35.306 Loaded shared library C:\Users\thinh\.vscode\extensions\redhat.java-1.28.1-win32-x64\jre\17.0.10-win32-x86_64\bin\jimage.dll
Event: 54.135 Loaded shared library c:\Users\thinh\.vscode\extensions\redhat.java-1.28.1-win32-x64\jre\17.0.10-win32-x86_64\bin\verify.dll
Event: 84.196 Loaded shared library C:\Users\thinh\.vscode\extensions\redhat.java-1.28.1-win32-x64\jre\17.0.10-win32-x86_64\bin\management.dll
Event: 84.226 Loaded shared library C:\Users\thinh\.vscode\extensions\redhat.java-1.28.1-win32-x64\jre\17.0.10-win32-x86_64\bin\management_ext.dll
Event: 87.081 Loaded shared library C:\Users\thinh\.vscode\extensions\redhat.java-1.28.1-win32-x64\jre\17.0.10-win32-x86_64\bin\sunmscapi.dll
Event: 88.598 Loaded shared library C:\Users\thinh\.vscode\extensions\redhat.java-1.28.1-win32-x64\jre\17.0.10-win32-x86_64\bin\extnet.dll
Event: 131.488 Loaded shared library C:\Users\thinh\.vscode\extensions\redhat.java-1.28.1-win32-x64\jre\17.0.10-win32-x86_64\bin\attach.dll
Event: 132.584 Loaded shared library C:\Users\thinh\.vscode\extensions\redhat.java-1.28.1-win32-x64\jre\17.0.10-win32-x86_64\bin\rmi.dll

Deoptimization events (8 events):
Event: 85.693 Thread 0x00000200c8185360 DEOPT PACKING pc=0x00000200bb6bd981 sp=0x00000003e5bfd9f0
Event: 85.693 Thread 0x00000200c8185360 DEOPT UNPACKING pc=0x00000200bb1d7143 sp=0x00000003e5bfce80 mode 3
Event: 85.738 Thread 0x00000200c8c55f90 DEOPT PACKING pc=0x00000200bb69a697 sp=0x00000003e62fee10
Event: 85.738 Thread 0x00000200c8c55f90 DEOPT UNPACKING pc=0x00000200bb1d7143 sp=0x00000003e62fe268 mode 3
Event: 87.651 Thread 0x00000200c8c564a0 DEOPT PACKING pc=0x00000200bb2da28c sp=0x00000003e66fac70
Event: 87.651 Thread 0x00000200c8c564a0 DEOPT UNPACKING pc=0x00000200bb1d7143 sp=0x00000003e66fa138 mode 0
Event: 130.813 Thread 0x00000200c3f1dd90 DEOPT PACKING pc=0x00000200bb60c554 sp=0x00000003e5afed40
Event: 130.813 Thread 0x00000200c3f1dd90 DEOPT UNPACKING pc=0x00000200bb1d7143 sp=0x00000003e5afe1e8 mode 0

Classes unloaded (20 events):
Event: 13004.444 Thread 0x00000200c31c9020 Unloading class 0x0000000100265c00 'jdk/internal/reflect/GeneratedSerializationConstructorAccessor95'
Event: 13004.444 Thread 0x00000200c31c9020 Unloading class 0x00000001006c3800 'jdk/internal/reflect/GeneratedSerializationConstructorAccessor94'
Event: 13312.211 Thread 0x00000200c31c9020 Unloading class 0x00000001006c3800 'jdk/internal/reflect/GeneratedSerializationConstructorAccessor99'
Event: 13312.211 Thread 0x00000200c31c9020 Unloading class 0x0000000100265c00 'jdk/internal/reflect/GeneratedSerializationConstructorAccessor98'
Event: 13312.211 Thread 0x00000200c31c9020 Unloading class 0x0000000100645400 'jdk/internal/reflect/GeneratedSerializationConstructorAccessor97'
Event: 13611.365 Thread 0x00000200c31c9020 Unloading class 0x0000000100645400 'jdk/internal/reflect/GeneratedSerializationConstructorAccessor102'
Event: 13611.365 Thread 0x00000200c31c9020 Unloading class 0x0000000100265c00 'jdk/internal/reflect/GeneratedSerializationConstructorAccessor101'
Event: 13611.365 Thread 0x00000200c31c9020 Unloading class 0x00000001006c3800 'jdk/internal/reflect/GeneratedSerializationConstructorAccessor100'
Event: 13908.472 Thread 0x00000200c31c9020 Unloading class 0x00000001006c3800 'jdk/internal/reflect/GeneratedSerializationConstructorAccessor105'
Event: 13908.472 Thread 0x00000200c31c9020 Unloading class 0x0000000100265c00 'jdk/internal/reflect/GeneratedSerializationConstructorAccessor104'
Event: 13908.472 Thread 0x00000200c31c9020 Unloading class 0x0000000100645400 'jdk/internal/reflect/GeneratedSerializationConstructorAccessor103'
Event: 14207.812 Thread 0x00000200c31c9020 Unloading class 0x0000000100645400 'jdk/internal/reflect/GeneratedSerializationConstructorAccessor108'
Event: 14207.812 Thread 0x00000200c31c9020 Unloading class 0x0000000100265c00 'jdk/internal/reflect/GeneratedSerializationConstructorAccessor107'
Event: 14207.812 Thread 0x00000200c31c9020 Unloading class 0x00000001006c3800 'jdk/internal/reflect/GeneratedSerializationConstructorAccessor106'
Event: 14506.887 Thread 0x00000200c31c9020 Unloading class 0x00000001006c3800 'jdk/internal/reflect/GeneratedSerializationConstructorAccessor111'
Event: 14506.887 Thread 0x00000200c31c9020 Unloading class 0x0000000100265c00 'jdk/internal/reflect/GeneratedSerializationConstructorAccessor110'
Event: 14506.887 Thread 0x00000200c31c9020 Unloading class 0x0000000100645400 'jdk/internal/reflect/GeneratedSerializationConstructorAccessor109'
Event: 14805.306 Thread 0x00000200c31c9020 Unloading class 0x0000000100645400 'jdk/internal/reflect/GeneratedSerializationConstructorAccessor114'
Event: 14805.306 Thread 0x00000200c31c9020 Unloading class 0x0000000100265c00 'jdk/internal/reflect/GeneratedSerializationConstructorAccessor113'
Event: 14805.306 Thread 0x00000200c31c9020 Unloading class 0x00000001006c3800 'jdk/internal/reflect/GeneratedSerializationConstructorAccessor112'

Classes redefined (0 events):
No events

Internal exceptions (20 events):
Event: 12352.937 Thread 0x00000200c8170580 Exception <a 'java/lang/NoSuchMethodError'{0x00000000c7916c20}: static [Ljava/rmi/server/ObjID;.<clinit>()V> (0x00000000c7916c20) 
thrown [s\src\hotspot\share\prims\jni.cpp, line 1107]
Event: 12352.939 Thread 0x00000200c8170580 Exception <a 'java/lang/NoSuchMethodError'{0x00000000c7922738}: static [B.<clinit>()V> (0x00000000c7922738) 
thrown [s\src\hotspot\share\prims\jni.cpp, line 1107]
Event: 12652.938 Thread 0x00000200c8170580 Exception <a 'java/lang/NoSuchMethodError'{0x00000000c7920800}: static [Ljava/rmi/server/ObjID;.<clinit>()V> (0x00000000c7920800) 
thrown [s\src\hotspot\share\prims\jni.cpp, line 1107]
Event: 12652.941 Thread 0x00000200c8170580 Exception <a 'java/lang/NoSuchMethodError'{0x00000000c792c318}: static [B.<clinit>()V> (0x00000000c792c318) 
thrown [s\src\hotspot\share\prims\jni.cpp, line 1107]
Event: 12952.941 Thread 0x00000200c8170580 Exception <a 'java/lang/NoSuchMethodError'{0x00000000c7920820}: static [Ljava/rmi/server/ObjID;.<clinit>()V> (0x00000000c7920820) 
thrown [s\src\hotspot\share\prims\jni.cpp, line 1107]
Event: 12952.942 Thread 0x00000200c8170580 Exception <a 'java/lang/NoSuchMethodError'{0x00000000c792c368}: static [B.<clinit>()V> (0x00000000c792c368) 
thrown [s\src\hotspot\share\prims\jni.cpp, line 1107]
Event: 13252.942 Thread 0x00000200c8170580 Exception <a 'java/lang/NoSuchMethodError'{0x00000000c7916c20}: static [Ljava/rmi/server/ObjID;.<clinit>()V> (0x00000000c7916c20) 
thrown [s\src\hotspot\share\prims\jni.cpp, line 1107]
Event: 13252.944 Thread 0x00000200c8170580 Exception <a 'java/lang/NoSuchMethodError'{0x00000000c7922738}: static [B.<clinit>()V> (0x00000000c7922738) 
thrown [s\src\hotspot\share\prims\jni.cpp, line 1107]
Event: 13552.942 Thread 0x00000200c8170580 Exception <a 'java/lang/NoSuchMethodError'{0x00000000c7916c20}: static [Ljava/rmi/server/ObjID;.<clinit>()V> (0x00000000c7916c20) 
thrown [s\src\hotspot\share\prims\jni.cpp, line 1107]
Event: 13552.943 Thread 0x00000200c8170580 Exception <a 'java/lang/NoSuchMethodError'{0x00000000c7922798}: static [B.<clinit>()V> (0x00000000c7922798) 
thrown [s\src\hotspot\share\prims\jni.cpp, line 1107]
Event: 13852.947 Thread 0x00000200c8170580 Exception <a 'java/lang/NoSuchMethodError'{0x00000000c7916c20}: static [Ljava/rmi/server/ObjID;.<clinit>()V> (0x00000000c7916c20) 
thrown [s\src\hotspot\share\prims\jni.cpp, line 1107]
Event: 13852.949 Thread 0x00000200c8170580 Exception <a 'java/lang/NoSuchMethodError'{0x00000000c7922798}: static [B.<clinit>()V> (0x00000000c7922798) 
thrown [s\src\hotspot\share\prims\jni.cpp, line 1107]
Event: 14152.948 Thread 0x00000200c8170580 Exception <a 'java/lang/NoSuchMethodError'{0x00000000c7916c20}: static [Ljava/rmi/server/ObjID;.<clinit>()V> (0x00000000c7916c20) 
thrown [s\src\hotspot\share\prims\jni.cpp, line 1107]
Event: 14152.951 Thread 0x00000200c8170580 Exception <a 'java/lang/NoSuchMethodError'{0x00000000c7922798}: static [B.<clinit>()V> (0x00000000c7922798) 
thrown [s\src\hotspot\share\prims\jni.cpp, line 1107]
Event: 14452.949 Thread 0x00000200c8170580 Exception <a 'java/lang/NoSuchMethodError'{0x00000000c7920800}: static [Ljava/rmi/server/ObjID;.<clinit>()V> (0x00000000c7920800) 
thrown [s\src\hotspot\share\prims\jni.cpp, line 1107]
Event: 14452.950 Thread 0x00000200c8170580 Exception <a 'java/lang/NoSuchMethodError'{0x00000000c792c378}: static [B.<clinit>()V> (0x00000000c792c378) 
thrown [s\src\hotspot\share\prims\jni.cpp, line 1107]
Event: 14752.951 Thread 0x00000200c8170580 Exception <a 'java/lang/NoSuchMethodError'{0x00000000c7920800}: static [Ljava/rmi/server/ObjID;.<clinit>()V> (0x00000000c7920800) 
thrown [s\src\hotspot\share\prims\jni.cpp, line 1107]
Event: 14752.952 Thread 0x00000200c8170580 Exception <a 'java/lang/NoSuchMethodError'{0x00000000c792c378}: static [B.<clinit>()V> (0x00000000c792c378) 
thrown [s\src\hotspot\share\prims\jni.cpp, line 1107]
Event: 15052.951 Thread 0x00000200c8170580 Exception <a 'java/lang/NoSuchMethodError'{0x00000000c7920800}: static [Ljava/rmi/server/ObjID;.<clinit>()V> (0x00000000c7920800) 
thrown [s\src\hotspot\share\prims\jni.cpp, line 1107]
Event: 15052.953 Thread 0x00000200c8170580 Exception <a 'java/lang/NoSuchMethodError'{0x00000000c792c378}: static [B.<clinit>()V> (0x00000000c792c378) 
thrown [s\src\hotspot\share\prims\jni.cpp, line 1107]

VM Operations (20 events):
Event: 14984.043 Executing VM operation: G1CollectFull done
Event: 14994.230 Executing VM operation: G1CollectFull
Event: 14994.275 Executing VM operation: G1CollectFull done
Event: 15004.465 Executing VM operation: G1CollectFull
Event: 15004.511 Executing VM operation: G1CollectFull done
Event: 15014.669 Executing VM operation: G1CollectFull
Event: 15014.710 Executing VM operation: G1CollectFull done
Event: 15024.921 Executing VM operation: G1CollectFull
Event: 15024.968 Executing VM operation: G1CollectFull done
Event: 15035.204 Executing VM operation: G1CollectFull
Event: 15035.258 Executing VM operation: G1CollectFull done
Event: 15045.500 Executing VM operation: G1CollectFull
Event: 15045.556 Executing VM operation: G1CollectFull done
Event: 15053.560 Executing VM operation: Cleanup
Event: 15053.560 Executing VM operation: Cleanup done
Event: 15056.304 Executing VM operation: G1CollectFull
Event: 15056.353 Executing VM operation: G1CollectFull done
Event: 15066.559 Executing VM operation: G1CollectFull
Event: 15066.606 Executing VM operation: G1CollectFull done
Event: 15076.714 Executing VM operation: G1CollectFull

Events (20 events):
Event: 432.757 loading class java/rmi/UnmarshalException
Event: 433.309 loading class java/rmi/UnmarshalException done
Event: 434.317 Thread 0x00000200c95b44e0 Thread exited: 0x00000200c95b44e0
Event: 450.713 Thread 0x00000200c8c57df0 Thread exited: 0x00000200c8c57df0
Event: 451.151 Thread 0x00000200c8c573d0 Thread exited: 0x00000200c8c573d0
Event: 451.151 Thread 0x00000200c95afe00 Thread exited: 0x00000200c95afe00
Event: 451.379 Thread 0x00000200c95ae4b0 Thread exited: 0x00000200c95ae4b0
Event: 452.141 Thread 0x00000200c8c58300 Thread exited: 0x00000200c8c58300
Event: 452.141 Thread 0x00000200c8172e00 Thread exited: 0x00000200c8172e00
Event: 475.366 Thread 0x00000200c95b1240 Thread exited: 0x00000200c95b1240
Event: 501.183 Thread 0x00000200c8c55060 Thread exited: 0x00000200c8c55060
Event: 512.696 Thread 0x00000200c8173310 Thread exited: 0x00000200c8173310
Event: 569.360 Thread 0x00000200c8170fa0 Thread added: 0x00000200c8170fa0
Event: 629.395 Thread 0x00000200c8170fa0 Thread exited: 0x00000200c8170fa0
Event: 11152.933 loading class com/sun/jmx/remote/internal/ClientListenerInfo
Event: 11152.936 loading class com/sun/jmx/remote/internal/ClientListenerInfo done
Event: 11152.937 loading class javax/management/NotificationFilter
Event: 11152.941 loading class javax/management/NotificationFilter done
Event: 11152.941 loading class javax/management/remote/rmi/RMIConnector$Util
Event: 11152.943 loading class javax/management/remote/rmi/RMIConnector$Util done


Dynamic libraries:
0x00007ff629bb0000 - 0x00007ff629bbe000 	c:\Users\thinh\.vscode\extensions\redhat.java-1.28.1-win32-x64\jre\17.0.10-win32-x86_64\bin\java.exe
0x00007ffa9d1f0000 - 0x00007ffa9d3e8000 	C:\WINDOWS\SYSTEM32\ntdll.dll
0x00007ffa9cb00000 - 0x00007ffa9cbbd000 	C:\WINDOWS\System32\KERNEL32.DLL
0x00007ffa9abc0000 - 0x00007ffa9aeb6000 	C:\WINDOWS\System32\KERNELBASE.dll
0x00007ffa9afc0000 - 0x00007ffa9b0c0000 	C:\WINDOWS\System32\ucrtbase.dll
0x00007ffa87cc0000 - 0x00007ffa87cd7000 	c:\Users\thinh\.vscode\extensions\redhat.java-1.28.1-win32-x64\jre\17.0.10-win32-x86_64\bin\jli.dll
0x00007ffa9c760000 - 0x00007ffa9c8fe000 	C:\WINDOWS\System32\USER32.dll
0x00007ffa87c60000 - 0x00007ffa87c7b000 	c:\Users\thinh\.vscode\extensions\redhat.java-1.28.1-win32-x64\jre\17.0.10-win32-x86_64\bin\VCRUNTIME140.dll
0x00007ffa9a8d0000 - 0x00007ffa9a8f2000 	C:\WINDOWS\System32\win32u.dll
0x00007ffa9cad0000 - 0x00007ffa9cafb000 	C:\WINDOWS\System32\GDI32.dll
0x00007ffa9a950000 - 0x00007ffa9aa67000 	C:\WINDOWS\System32\gdi32full.dll
0x00007ffa7ea30000 - 0x00007ffa7ecca000 	C:\WINDOWS\WinSxS\amd64_microsoft.windows.common-controls_6595b64144ccf1df_6.0.19041.3636_none_60b6a03d71f818d5\COMCTL32.dll
0x00007ffa9aa70000 - 0x00007ffa9ab0d000 	C:\WINDOWS\System32\msvcp_win.dll
0x00007ffa9ca30000 - 0x00007ffa9cace000 	C:\WINDOWS\System32\msvcrt.dll
0x00007ffa9b2c0000 - 0x00007ffa9b2f2000 	C:\WINDOWS\System32\IMM32.DLL
0x00007ffa96150000 - 0x00007ffa9615c000 	c:\Users\thinh\.vscode\extensions\redhat.java-1.28.1-win32-x64\jre\17.0.10-win32-x86_64\bin\vcruntime140_1.dll
0x00007ffa71150000 - 0x00007ffa711dd000 	c:\Users\thinh\.vscode\extensions\redhat.java-1.28.1-win32-x64\jre\17.0.10-win32-x86_64\bin\msvcp140.dll
0x00007ffa5f690000 - 0x00007ffa602f2000 	c:\Users\thinh\.vscode\extensions\redhat.java-1.28.1-win32-x64\jre\17.0.10-win32-x86_64\bin\server\jvm.dll
0x00007ffa9c000000 - 0x00007ffa9c0b0000 	C:\WINDOWS\System32\ADVAPI32.dll
0x00007ffa9b220000 - 0x00007ffa9b2c0000 	C:\WINDOWS\System32\sechost.dll
0x00007ffa9c1b0000 - 0x00007ffa9c2d5000 	C:\WINDOWS\System32\RPCRT4.dll
0x00007ffa9a8a0000 - 0x00007ffa9a8c7000 	C:\WINDOWS\System32\bcrypt.dll
0x00007ffa9a780000 - 0x00007ffa9a7cb000 	C:\WINDOWS\SYSTEM32\POWRPROF.dll
0x00007ffa954d0000 - 0x00007ffa954d9000 	C:\WINDOWS\SYSTEM32\WSOCK32.dll
0x00007ffa9bc30000 - 0x00007ffa9bc9b000 	C:\WINDOWS\System32\WS2_32.dll
0x00007ffa93d80000 - 0x00007ffa93da7000 	C:\WINDOWS\SYSTEM32\WINMM.dll
0x00007ffa92690000 - 0x00007ffa9269a000 	C:\WINDOWS\SYSTEM32\VERSION.dll
0x00007ffa9a760000 - 0x00007ffa9a772000 	C:\WINDOWS\SYSTEM32\UMPDC.dll
0x00007ffa99130000 - 0x00007ffa99142000 	C:\WINDOWS\SYSTEM32\kernel.appcore.dll
0x00007ffa95430000 - 0x00007ffa9543a000 	c:\Users\thinh\.vscode\extensions\redhat.java-1.28.1-win32-x64\jre\17.0.10-win32-x86_64\bin\jimage.dll
0x00007ffa98630000 - 0x00007ffa98814000 	C:\WINDOWS\SYSTEM32\DBGHELP.DLL
0x00007ffa86f60000 - 0x00007ffa86f94000 	C:\WINDOWS\SYSTEM32\dbgcore.DLL
0x00007ffa9aec0000 - 0x00007ffa9af42000 	C:\WINDOWS\System32\bcryptPrimitives.dll
0x00007ffa87bf0000 - 0x00007ffa87c15000 	c:\Users\thinh\.vscode\extensions\redhat.java-1.28.1-win32-x64\jre\17.0.10-win32-x86_64\bin\java.dll
0x00007ffa7ef30000 - 0x00007ffa7ef48000 	c:\Users\thinh\.vscode\extensions\redhat.java-1.28.1-win32-x64\jre\17.0.10-win32-x86_64\bin\zip.dll
0x00007ffa9b370000 - 0x00007ffa9badb000 	C:\WINDOWS\System32\SHELL32.dll
0x00007ffa98820000 - 0x00007ffa98fbe000 	C:\WINDOWS\SYSTEM32\windows.storage.dll
0x00007ffa9bca0000 - 0x00007ffa9bff3000 	C:\WINDOWS\System32\combase.dll
0x00007ffa9a200000 - 0x00007ffa9a22e000 	C:\WINDOWS\SYSTEM32\Wldp.dll
0x00007ffa9bb60000 - 0x00007ffa9bc2d000 	C:\WINDOWS\System32\OLEAUT32.dll
0x00007ffa9c980000 - 0x00007ffa9ca2d000 	C:\WINDOWS\System32\SHCORE.dll
0x00007ffa9c140000 - 0x00007ffa9c195000 	C:\WINDOWS\System32\shlwapi.dll
0x00007ffa9a7d0000 - 0x00007ffa9a7f5000 	C:\WINDOWS\SYSTEM32\profapi.dll
0x00007ffa7e780000 - 0x00007ffa7e799000 	C:\Users\thinh\.vscode\extensions\redhat.java-1.28.1-win32-x64\jre\17.0.10-win32-x86_64\bin\net.dll
0x00007ffa90c90000 - 0x00007ffa90d9a000 	C:\WINDOWS\SYSTEM32\WINHTTP.dll
0x00007ffa99f60000 - 0x00007ffa99fca000 	C:\WINDOWS\system32\mswsock.dll
0x00007ffa7e690000 - 0x00007ffa7e6a6000 	C:\Users\thinh\.vscode\extensions\redhat.java-1.28.1-win32-x64\jre\17.0.10-win32-x86_64\bin\nio.dll
0x00007ffa94400000 - 0x00007ffa94410000 	c:\Users\thinh\.vscode\extensions\redhat.java-1.28.1-win32-x64\jre\17.0.10-win32-x86_64\bin\verify.dll
0x00007ffa9a160000 - 0x00007ffa9a178000 	C:\WINDOWS\SYSTEM32\CRYPTSP.dll
0x00007ffa99890000 - 0x00007ffa998c4000 	C:\WINDOWS\system32\rsaenh.dll
0x00007ffa9a720000 - 0x00007ffa9a74e000 	C:\WINDOWS\SYSTEM32\USERENV.dll
0x00007ffa9a150000 - 0x00007ffa9a15c000 	C:\WINDOWS\SYSTEM32\CRYPTBASE.dll
0x00007ffa99c50000 - 0x00007ffa99c8b000 	C:\WINDOWS\SYSTEM32\IPHLPAPI.DLL
0x00007ffa9b300000 - 0x00007ffa9b308000 	C:\WINDOWS\System32\NSI.dll
0x00007ffa923c0000 - 0x00007ffa923d7000 	C:\WINDOWS\SYSTEM32\dhcpcsvc6.DLL
0x00007ffa92170000 - 0x00007ffa9218d000 	C:\WINDOWS\SYSTEM32\dhcpcsvc.DLL
0x00007ffa99c90000 - 0x00007ffa99d5b000 	C:\WINDOWS\SYSTEM32\DNSAPI.dll
0x00007ffa96300000 - 0x00007ffa96309000 	C:\Users\thinh\.vscode\extensions\redhat.java-1.28.1-win32-x64\jre\17.0.10-win32-x86_64\bin\management.dll
0x00007ffa944c0000 - 0x00007ffa944cb000 	C:\Users\thinh\.vscode\extensions\redhat.java-1.28.1-win32-x64\jre\17.0.10-win32-x86_64\bin\management_ext.dll
0x00007ffa9c1a0000 - 0x00007ffa9c1a8000 	C:\WINDOWS\System32\PSAPI.DLL
0x00007ffa934f0000 - 0x00007ffa934fe000 	C:\Users\thinh\.vscode\extensions\redhat.java-1.28.1-win32-x64\jre\17.0.10-win32-x86_64\bin\sunmscapi.dll
0x00007ffa9b0c0000 - 0x00007ffa9b21d000 	C:\WINDOWS\System32\CRYPT32.dll
0x00007ffa9a270000 - 0x00007ffa9a298000 	C:\WINDOWS\SYSTEM32\ncrypt.dll
0x00007ffa9a230000 - 0x00007ffa9a26b000 	C:\WINDOWS\SYSTEM32\NTASN1.dll
0x00007ffa907b0000 - 0x00007ffa907ba000 	C:\Windows\System32\rasadhlp.dll
0x00007ffa8ee30000 - 0x00007ffa8eeb0000 	C:\WINDOWS\System32\fwpuclnt.dll
0x00007ffa961e0000 - 0x00007ffa961e9000 	C:\Users\thinh\.vscode\extensions\redhat.java-1.28.1-win32-x64\jre\17.0.10-win32-x86_64\bin\extnet.dll
0x00007ffa93510000 - 0x00007ffa93519000 	C:\Users\thinh\.vscode\extensions\redhat.java-1.28.1-win32-x64\jre\17.0.10-win32-x86_64\bin\attach.dll
0x00007ffa7c960000 - 0x00007ffa7c977000 	C:\WINDOWS\system32\napinsp.dll
0x00007ffa7c940000 - 0x00007ffa7c95b000 	C:\WINDOWS\system32\pnrpnsp.dll
0x00007ffa95dd0000 - 0x00007ffa95ded000 	C:\WINDOWS\system32\NLAapi.dll
0x00007ffa94660000 - 0x00007ffa94675000 	C:\WINDOWS\system32\wshbth.dll
0x00007ffa7c920000 - 0x00007ffa7c932000 	C:\WINDOWS\System32\winrnr.dll
0x00007ffa90320000 - 0x00007ffa90327000 	C:\Users\thinh\.vscode\extensions\redhat.java-1.28.1-win32-x64\jre\17.0.10-win32-x86_64\bin\rmi.dll

dbghelp: loaded successfully - version: 4.0.5 - missing functions: none
symbol engine: initialized successfully - sym options: 0x614 - pdb path: .;c:\Users\thinh\.vscode\extensions\redhat.java-1.28.1-win32-x64\jre\17.0.10-win32-x86_64\bin;C:\WINDOWS\SYSTEM32;C:\WINDOWS\WinSxS\amd64_microsoft.windows.common-controls_6595b64144ccf1df_6.0.19041.3636_none_60b6a03d71f818d5;c:\Users\thinh\.vscode\extensions\redhat.java-1.28.1-win32-x64\jre\17.0.10-win32-x86_64\bin\server

VM Arguments:
jvm_args: -XX:+HeapDumpOnOutOfMemoryError -Xmx1024m -Dsts.lsp.client=vscode -Dsts.log.file=/dev/null -XX:TieredStopAtLevel=1 -Xlog:jni+resolve=off -Dspring.config.location=file:c:\Users\thinh\.vscode\extensions\vmware.vscode-spring-boot-1.53.0\language-server\BOOT-INF\classes\application.properties 
java_command: org.springframework.ide.vscode.boot.app.BootLanguageServerBootApp
java_class_path (initial): c:\Users\thinh\.vscode\extensions\vmware.vscode-spring-boot-1.53.0\language-server\BOOT-INF\classes;c:\Users\thinh\.vscode\extensions\vmware.vscode-spring-boot-1.53.0\language-server\BOOT-INF\lib\annotations-24.1.0.jar;c:\Users\thinh\.vscode\extensions\vmware.vscode-spring-boot-1.53.0\language-server\BOOT-INF\lib\antlr4-runtime-4.11.1.jar;c:\Users\thinh\.vscode\extensions\vmware.vscode-spring-boot-1.53.0\language-server\BOOT-INF\lib\asm-9.6.jar;c:\Users\thinh\.vscode\extensions\vmware.vscode-spring-boot-1.53.0\language-server\BOOT-INF\lib\asm-analysis-9.6.jar;c:\Users\thinh\.vscode\extensions\vmware.vscode-spring-boot-1.53.0\language-server\BOOT-INF\lib\asm-tree-9.6.jar;c:\Users\thinh\.vscode\extensions\vmware.vscode-spring-boot-1.53.0\language-server\BOOT-INF\lib\asm-util-9.6.jar;c:\Users\thinh\.vscode\extensions\vmware.vscode-spring-boot-1.53.0\language-server\BOOT-INF\lib\caffeine-3.1.8.jar;c:\Users\thinh\.vscode\extensions\vmware.vscode-spring-boot-1.53.0\language-server\BOOT-INF\lib\checker-qual-3.12.0.jar;c:\Users\thinh\.vscode\extensions\vmware.vscode-spring-boot-1.53.0\language-server\BOOT-INF\lib\classgraph-4.8.149.jar;c:\Users\thinh\.vscode\extensions\vmware.vscode-spring-boot-1.53.0\language-server\BOOT-INF\lib\commons-codec-1.16.1.jar;c:\Users\thinh\.vscode\extensions\vmware.vscode-spring-boot-1.53.0\language-server\BOOT-INF\lib\commons-compress-1.26.0.jar;c:\Users\thinh\.vscode\extensions\vmware.vscode-spring-boot-1.53.0\language-server\BOOT-INF\lib\commons-io-2.4.jar;c:\Users\thinh\.vscode\extensions\vmware.vscode-spring-boot-1.53.0\language-server\BOOT-INF\lib\commons-java-1.53.0-SNAPSHOT.jar;c:\Users\thinh\.vscode\extensions\vmware.vscode-spring-boot-1.53.0\language-server\BOOT-INF\lib\commons-lang3-3.13.0.jar;c:\Users\thinh\.vscode\extensions\vmware.vscode-spring-boot-1.53.0\language-server\BOOT-INF\lib\commons-language-server-1.53.0-SNAPSHOT.jar;c:\Users\thinh\.vscode\extensions\vmware.vscode-spring-boot-1.53.0\language
Launcher Type: SUN_STANDARD

[Global flags]
     intx CICompilerCount                          = 3                                         {product} {ergonomic}
     uint ConcGCThreads                            = 1                                         {product} {ergonomic}
     uint G1ConcRefinementThreads                  = 4                                         {product} {ergonomic}
   size_t G1HeapRegionSize                         = 1048576                                   {product} {ergonomic}
    uintx GCDrainStackTargetSize                   = 64                                        {product} {ergonomic}
     bool HeapDumpOnOutOfMemoryError               = true                                   {manageable} {command line}
   size_t InitialHeapSize                          = 127926272                                 {product} {ergonomic}
   size_t MarkStackSize                            = 4194304                                   {product} {ergonomic}
   size_t MaxHeapSize                              = 1073741824                                {product} {command line}
   size_t MaxNewSize                               = 643825664                                 {product} {ergonomic}
   size_t MinHeapDeltaBytes                        = 1048576                                   {product} {ergonomic}
   size_t MinHeapSize                              = 8388608                                   {product} {ergonomic}
    uintx NonProfiledCodeHeapSize                  = 0                                      {pd product} {ergonomic}
     bool ProfileInterpreter                       = false                                  {pd product} {command line}
    uintx ProfiledCodeHeapSize                     = 0                                      {pd product} {ergonomic}
   size_t SoftMaxHeapSize                          = 1073741824                             {manageable} {ergonomic}
     intx TieredStopAtLevel                        = 1                                         {product} {command line}
     bool UseCompressedClassPointers               = true                           {product lp64_product} {ergonomic}
     bool UseCompressedOops                        = true                           {product lp64_product} {ergonomic}
     bool UseG1GC                                  = true                                      {product} {ergonomic}
     bool UseLargePagesIndividualAllocation        = false                                  {pd product} {ergonomic}

Logging:
Log output configuration:
 #0: stdout all=warning,jni+resolve=off uptime,level,tags
 #1: stderr all=off uptime,level,tags

Environment Variables:
PATH=C:\Program Files\Eclipse Adoptium\jdk-21.0.2.13-hotspot\bin;C:\Python312\Scripts\;C:\Python312\;C:\Program Files\Common Files\Oracle\Java\javapath;C:\Program Files (x86)\Common Files\Oracle\Java\javapath;C:\Program Files\nodejs;C:\Program Files (x86)\VMware\VMware Workstation\bin\;C:\ProgramData\Oracle\Java\javapath;C:\WINDOWS\system32;C:\WINDOWS;C:\WINDOWS\System32\Wbem;C:\WINDOWS\System32\WindowsPowerShell\v1.0\;C:\WINDOWS\System32\OpenSSH\;C:\Program Files (x86)\NVIDIA Corporation\PhysX\Common;C:\Program Files\Microsoft SQL Server\110\Tools\Binn\;C:\Program Files\Redis\;C:\wamp64\bin\php\php8.2.0;C:\ProgramData\ComposerSetup\bin;C:\ProgramData\chocolatey\bin;C:\Program Files\Cloudflare\Cloudflare WARP\;C:\Program Files\nodejs\;C:\Program Files\Git\cmd;C:\Program Files\dotnet\;C:\Users\thinh\AppData\Local\Microsoft\WindowsApps;C:\Users\thinh\AppData\Roaming\Composer\vendor\bin;C:\Users\thinh\AppData\Local\Programs\Microsoft VS Code\bin;C:\Users\thinh\AppData\Roaming\npm
USERNAME=thinh
OS=Windows_NT
PROCESSOR_IDENTIFIER=Intel64 Family 6 Model 78 Stepping 3, GenuineIntel
TMP=C:\Users\thinh\AppData\Local\Temp
TEMP=C:\Users\thinh\AppData\Local\Temp



Periodic native trim disabled


---------------  S Y S T E M  ---------------

OS:
 Windows 10 , 64 bit Build 19041 (10.0.19041.3636)
OS uptime: 1 days 12:43 hours

CPU: total 4 (initial active 4) (2 cores per cpu, 2 threads per core) family 6 model 78 stepping 3 microcode 0xea, cx8, cmov, fxsr, ht, mmx, 3dnowpref, sse, sse2, sse3, ssse3, sse4.1, sse4.2, popcnt, lzcnt, tsc, tscinvbit, avx, avx2, aes, erms, clmul, bmi1, bmi2, rtm, adx, fma, vzeroupper, clflush, clflushopt
Processor Information for all 4 processors :
  Max Mhz: 2501, Current Mhz: 2501, Mhz Limit: 2501

Memory: 4k page, system-wide physical 7775M (1019M free)
TotalPageFile size 15775M (AvailPageFile size 4M)
current process WorkingSet (physical memory assigned to process): 107M, peak: 195M
current process commit charge ("private bytes"): 223M, peak: 232M

vm_info: OpenJDK 64-Bit Server VM (17.0.10+7) for windows-amd64 JRE (17.0.10+7), built on Jan 16 2024 23:25:11 by "admin" with MS VC++ 16.10 / 16.11 (VS2019)

END.
