#
# There is insufficient memory for the Java Runtime Environment to continue.
# Native memory allocation (malloc) failed to allocate 1484976 bytes for Chunk::new
# Possible reasons:
#   The system is out of physical RAM or swap space
#   The process is running with CompressedOops enabled, and the Java Heap may be blocking the growth of the native heap
# Possible solutions:
#   Reduce memory load on the system
#   Increase physical memory or swap space
#   Check if swap backing store is full
#   Decrease Java heap size (-Xmx/-Xms)
#   Decrease number of Java threads
#   Decrease Java thread stack sizes (-Xss)
#   Set larger code cache with -XX:ReservedCodeCacheSize=
#   JVM is running with Unscaled Compressed Oops mode in which the Java heap is
#     placed in the first 4GB address space. The Java Heap base address is the
#     maximum limit for the native heap growth. Please use -XX:HeapBaseMinAddress
#     to set the Java Heap base and to place the Java Heap above 4GB virtual address.
# This output file may be truncated or incomplete.
#
#  Out of Memory Error (arena.cpp:189), pid=35940, tid=28244
#
# JRE version: Java(TM) SE Runtime Environment (17.0.9+11) (build 17.0.9+11-LTS-201)
# Java VM: Java HotSpot(TM) 64-Bit Server VM (17.0.9+11-LTS-201, mixed mode, sharing, tiered, compressed oops, compressed class ptrs, g1 gc, windows-amd64)
# No core dump will be written. Minidumps are not enabled by default on client versions of Windows
#

---------------  S U M M A R Y ------------

Command Line: -agentlib:jdwp=transport=dt_socket,server=n,suspend=y,address=localhost:49950 -XX:+ShowCodeDetailsInExceptionMessages -Dspring.jmx.enabled=true -Dmanagement.endpoints.jmx.exposure.include=* -Dspring.application.admin.enabled=true -Dspring.boot.project.name=starsocial -Djava.rmi.server.hostname=localhost com.letruongthinh.StarsocialApplication

Host: Intel(R) Core(TM) i5-6300U CPU @ 2.40GHz, 4 cores, 7G,  Windows 10 , 64 bit Build 19041 (10.0.19041.3636)
Time: Mon Apr  1 20:00:01 2024 SE Asia Standard Time elapsed time: 1439.940483 seconds (0d 0h 23m 59s)

---------------  T H R E A D  ---------------

Current thread (0x00000271aa52daf0):  JavaThread "C2 CompilerThread0" daemon [_thread_in_native, id=28244, stack(0x00000092ad400000,0x00000092ad500000)]


Current CompileTask:
C2:1439941 16626   !   4       jakarta.servlet.http.HttpServlet::service (271 bytes)

Stack: [0x00000092ad400000,0x00000092ad500000]
Native frames: (J=compiled Java code, j=interpreted, Vv=VM code, C=native code)
V  [jvm.dll+0x678a4a]
V  [jvm.dll+0x7d9cfd]
V  [jvm.dll+0x7db60e]
V  [jvm.dll+0x7dbc73]
V  [jvm.dll+0x245e1f]
V  [jvm.dll+0xaaafb]
V  [jvm.dll+0xab09c]
V  [jvm.dll+0x36232f]
V  [jvm.dll+0x32ca01]
V  [jvm.dll+0x32be9a]
V  [jvm.dll+0x21812f]
V  [jvm.dll+0x217561]
V  [jvm.dll+0x1a3bc0]
V  [jvm.dll+0x2272de]
V  [jvm.dll+0x22548b]
V  [jvm.dll+0x78f58c]
V  [jvm.dll+0x78998a]
V  [jvm.dll+0x677875]
C  [ucrtbase.dll+0x21bb2]
C  [KERNEL32.DLL+0x17344]
C  [ntdll.dll+0x526b1]


---------------  P R O C E S S  ---------------

Threads class SMR info:
_java_thread_list=0x00000271f2b768b0, length=38, elements={
0x00000271aa511e30, 0x00000271aa512ab0, 0x00000271aa52b0c0, 0x00000271aa52ba80,
0x00000271aa52c440, 0x00000271aa52ce00, 0x00000271aa52daf0, 0x00000271aa52e5a0,
0x00000271aa5a5250, 0x00000271aa798aa0, 0x00000271aa79d580, 0x00000271aa79e490,
0x00000271aa7a2a50, 0x00000271aa7ac5b0, 0x00000271f08a12d0, 0x00000271aa811950,
0x00000271aa6d6f00, 0x00000271aa6d55b0, 0x00000271aa6d4680, 0x00000271aa6d50a0,
0x00000271aa6d69f0, 0x00000271aa6d5ac0, 0x00000271aa6d64e0, 0x00000271f1711eb0,
0x00000271f170f630, 0x00000271f1710f80, 0x00000271f170fb40, 0x00000271f17119a0,
0x00000271f1715b70, 0x00000271f1713d10, 0x00000271f17123c0, 0x00000271f1715660,
0x00000271f1713800, 0x00000271f17128d0, 0x00000271f1712de0, 0x00000271f1710560,
0x00000271f1716080, 0x00000271f170ec10
}

Java Threads: ( => current thread )
  0x00000271aa511e30 JavaThread "Reference Handler" daemon [_thread_blocked, id=12256, stack(0x00000092ace00000,0x00000092acf00000)]
  0x00000271aa512ab0 JavaThread "Finalizer" daemon [_thread_blocked, id=32024, stack(0x00000092acf00000,0x00000092ad000000)]
  0x00000271aa52b0c0 JavaThread "Signal Dispatcher" daemon [_thread_blocked, id=10920, stack(0x00000092ad000000,0x00000092ad100000)]
  0x00000271aa52ba80 JavaThread "Attach Listener" daemon [_thread_blocked, id=23776, stack(0x00000092ad100000,0x00000092ad200000)]
  0x00000271aa52c440 JavaThread "Service Thread" daemon [_thread_blocked, id=34192, stack(0x00000092ad200000,0x00000092ad300000)]
  0x00000271aa52ce00 JavaThread "Monitor Deflation Thread" daemon [_thread_blocked, id=21772, stack(0x00000092ad300000,0x00000092ad400000)]
=>0x00000271aa52daf0 JavaThread "C2 CompilerThread0" daemon [_thread_in_native, id=28244, stack(0x00000092ad400000,0x00000092ad500000)]
  0x00000271aa52e5a0 JavaThread "C1 CompilerThread0" daemon [_thread_blocked, id=39004, stack(0x00000092ad500000,0x00000092ad600000)]
  0x00000271aa5a5250 JavaThread "Sweeper thread" daemon [_thread_blocked, id=34608, stack(0x00000092ad600000,0x00000092ad700000)]
  0x00000271aa798aa0 JavaThread "JDWP Transport Listener: dt_socket" daemon [_thread_blocked, id=21352, stack(0x00000092ad700000,0x00000092ad800000)]
  0x00000271aa79d580 JavaThread "JDWP Event Helper Thread" daemon [_thread_blocked, id=25388, stack(0x00000092ad800000,0x00000092ad900000)]
  0x00000271aa79e490 JavaThread "JDWP Command Reader" daemon [_thread_in_native, id=33268, stack(0x00000092ad900000,0x00000092ada00000)]
  0x00000271aa7a2a50 JavaThread "Notification Thread" daemon [_thread_blocked, id=33284, stack(0x00000092ada00000,0x00000092adb00000)]
  0x00000271aa7ac5b0 JavaThread "Common-Cleaner" daemon [_thread_blocked, id=18240, stack(0x00000092adc00000,0x00000092add00000)]
  0x00000271f08a12d0 JavaThread "RMI TCP Accept-0" daemon [_thread_in_native, id=32584, stack(0x00000092ae400000,0x00000092ae500000)]
  0x00000271aa811950 JavaThread "RMI Scheduler(0)" daemon [_thread_blocked, id=34392, stack(0x00000092ae500000,0x00000092ae600000)]
  0x00000271aa6d6f00 JavaThread "JMX server connection timeout 24" daemon [_thread_blocked, id=19748, stack(0x00000092ae600000,0x00000092ae700000)]
  0x00000271aa6d55b0 JavaThread "RMI TCP Connection(3)-127.0.0.1" daemon [_thread_in_native, id=20780, stack(0x00000092ae900000,0x00000092aea00000)]
  0x00000271aa6d4680 JavaThread "Catalina-utility-1" [_thread_blocked, id=36220, stack(0x00000092aec00000,0x00000092aed00000)]
  0x00000271aa6d50a0 JavaThread "Catalina-utility-2" [_thread_blocked, id=8328, stack(0x00000092aed00000,0x00000092aee00000)]
  0x00000271aa6d69f0 JavaThread "container-0" [_thread_blocked, id=30168, stack(0x00000092aee00000,0x00000092aef00000)]
  0x00000271aa6d5ac0 JavaThread "mysql-cj-abandoned-connection-cleanup" daemon [_thread_blocked, id=30436, stack(0x00000092aef00000,0x00000092af000000)]
  0x00000271aa6d64e0 JavaThread "HikariPool-1 housekeeper" daemon [_thread_blocked, id=25964, stack(0x00000092ac600000,0x00000092ac700000)]
  0x00000271f1711eb0 JavaThread "File Watcher" daemon [_thread_blocked, id=17916, stack(0x00000092aeb00000,0x00000092aec00000)]
  0x00000271f170f630 JavaThread "Live Reload Server" daemon [_thread_in_native, id=37744, stack(0x00000092af100000,0x00000092af200000)]
  0x00000271f1710f80 JavaThread "http-nio-8888-exec-1" daemon [_thread_blocked, id=5208, stack(0x00000092ae800000,0x00000092ae900000)]
  0x00000271f170fb40 JavaThread "http-nio-8888-exec-2" daemon [_thread_blocked, id=28156, stack(0x00000092af000000,0x00000092af100000)]
  0x00000271f17119a0 JavaThread "http-nio-8888-exec-3" daemon [_thread_blocked, id=8436, stack(0x00000092af200000,0x00000092af300000)]
  0x00000271f1715b70 JavaThread "http-nio-8888-exec-4" daemon [_thread_blocked, id=35420, stack(0x00000092af300000,0x00000092af400000)]
  0x00000271f1713d10 JavaThread "http-nio-8888-exec-5" daemon [_thread_blocked, id=6676, stack(0x00000092af400000,0x00000092af500000)]
  0x00000271f17123c0 JavaThread "http-nio-8888-exec-6" daemon [_thread_blocked, id=27192, stack(0x00000092af500000,0x00000092af600000)]
  0x00000271f1715660 JavaThread "http-nio-8888-exec-7" daemon [_thread_blocked, id=6624, stack(0x00000092af600000,0x00000092af700000)]
  0x00000271f1713800 JavaThread "http-nio-8888-exec-8" daemon [_thread_blocked, id=15116, stack(0x00000092af700000,0x00000092af800000)]
  0x00000271f17128d0 JavaThread "http-nio-8888-exec-9" daemon [_thread_blocked, id=19132, stack(0x00000092af800000,0x00000092af900000)]
  0x00000271f1712de0 JavaThread "http-nio-8888-exec-10" daemon [_thread_blocked, id=8056, stack(0x00000092af900000,0x00000092afa00000)]
  0x00000271f1710560 JavaThread "http-nio-8888-Poller" daemon [_thread_in_native, id=20552, stack(0x00000092afa00000,0x00000092afb00000)]
  0x00000271f1716080 JavaThread "http-nio-8888-Acceptor" daemon [_thread_in_native, id=10156, stack(0x00000092afb00000,0x00000092afc00000)]
  0x00000271f170ec10 JavaThread "DestroyJavaVM" [_thread_blocked, id=17092, stack(0x00000092ac700000,0x00000092ac800000)]

Other Threads:
  0x00000271aa50c2c0 VMThread "VM Thread" [stack: 0x00000092acd00000,0x00000092ace00000] [id=26268]
  0x00000271aa7a7f70 WatcherThread [stack: 0x00000092adb00000,0x00000092adc00000] [id=32252]
  0x000002718d00a550 GCTaskThread "GC Thread#0" [stack: 0x00000092ac800000,0x00000092ac900000] [id=15992]
  0x00000271f02aafa0 GCTaskThread "GC Thread#1" [stack: 0x00000092ade00000,0x00000092adf00000] [id=18840]
  0x00000271f03e2ec0 GCTaskThread "GC Thread#2" [stack: 0x00000092add00000,0x00000092ade00000] [id=29884]
  0x00000271f03e3180 GCTaskThread "GC Thread#3" [stack: 0x00000092adf00000,0x00000092ae000000] [id=27408]
  0x000002718d01c6b0 ConcurrentGCThread "G1 Main Marker" [stack: 0x00000092ac900000,0x00000092aca00000] [id=3172]
  0x000002718d01cfc0 ConcurrentGCThread "G1 Conc#0" [stack: 0x00000092aca00000,0x00000092acb00000] [id=14932]
  0x000002718d06e380 ConcurrentGCThread "G1 Refine#0" [stack: 0x00000092acb00000,0x00000092acc00000] [id=14184]
  0x00000271f02abcc0 ConcurrentGCThread "G1 Refine#1" [stack: 0x00000092ae000000,0x00000092ae100000] [id=15044]
  0x000002718d06ecb0 ConcurrentGCThread "G1 Service" [stack: 0x00000092acc00000,0x00000092acd00000] [id=38972]

Threads with active compile tasks:
C2 CompilerThread0  1440015 16626   !   4       jakarta.servlet.http.HttpServlet::service (271 bytes)

VM state: not at safepoint (normal execution)

VM Mutex/Monitor currently owned by a thread: None

Heap address: 0x0000000086800000, size: 1944 MB, Compressed Oops mode: 32-bit

CDS archive(s) mapped at: [0x00000271ab000000-0x00000271abbd0000-0x00000271abbd0000), size 12386304, SharedBaseAddress: 0x00000271ab000000, ArchiveRelocationMode: 1.
Compressed class space mapped at: 0x00000271ac000000-0x00000271ec000000, reserved size: 1073741824
Narrow klass base: 0x00000271ab000000, Narrow klass shift: 0, Narrow klass range: 0x100000000

GC Precious Log:
 CPUs: 4 total, 4 available
 Memory: 7775M
 Large Page Support: Disabled
 NUMA Support: Disabled
 Compressed Oops: Enabled (32-bit)
 Heap Region Size: 1M
 Heap Min Capacity: 8M
 Heap Initial Capacity: 122M
 Heap Max Capacity: 1944M
 Pre-touch: Disabled
 Parallel Workers: 4
 Concurrent Workers: 1
 Concurrent Refinement Workers: 4
 Periodic GC: Disabled

Heap:
 garbage-first heap   total 65536K, used 51339K [0x0000000086800000, 0x0000000100000000)
  region size 1024K, 7 young (7168K), 1 survivors (1024K)
 Metaspace       used 92457K, committed 93120K, reserved 1179648K
  class space    used 12024K, committed 12352K, reserved 1048576K

Heap Regions: E=young(eden), S=young(survivor), O=old, HS=humongous(starts), HC=humongous(continues), CS=collection set, F=free, OA=open archive, CA=closed archive, TAMS=top-at-mark-start (previous, next)
|   0|0x0000000086800000, 0x0000000086900000, 0x0000000086900000|100%|HS|  |TAMS 0x0000000086900000, 0x0000000086800000| Complete 
|   1|0x0000000086900000, 0x0000000086a00000, 0x0000000086a00000|100%| O|  |TAMS 0x0000000086900000, 0x0000000086900000| Untracked 
|   2|0x0000000086a00000, 0x0000000086b00000, 0x0000000086b00000|100%| O|  |TAMS 0x0000000086b00000, 0x0000000086a00000| Untracked 
|   3|0x0000000086b00000, 0x0000000086c00000, 0x0000000086c00000|100%| O|  |TAMS 0x0000000086c00000, 0x0000000086b00000| Untracked 
|   4|0x0000000086c00000, 0x0000000086d00000, 0x0000000086d00000|100%| O|  |TAMS 0x0000000086d00000, 0x0000000086c00000| Untracked 
|   5|0x0000000086d00000, 0x0000000086e00000, 0x0000000086e00000|100%| O|  |TAMS 0x0000000086e00000, 0x0000000086d00000| Untracked 
|   6|0x0000000086e00000, 0x0000000086f00000, 0x0000000086f00000|100%| O|  |TAMS 0x0000000086f00000, 0x0000000086e00000| Untracked 
|   7|0x0000000086f00000, 0x0000000087000000, 0x0000000087000000|100%| O|  |TAMS 0x0000000087000000, 0x0000000086f00000| Untracked 
|   8|0x0000000087000000, 0x0000000087100000, 0x0000000087100000|100%| O|  |TAMS 0x0000000087100000, 0x0000000087000000| Untracked 
|   9|0x0000000087100000, 0x0000000087200000, 0x0000000087200000|100%| O|  |TAMS 0x0000000087200000, 0x0000000087100000| Untracked 
|  10|0x0000000087200000, 0x0000000087300000, 0x0000000087300000|100%| O|  |TAMS 0x0000000087200000, 0x0000000087200000| Untracked 
|  11|0x0000000087300000, 0x0000000087400000, 0x0000000087400000|100%| O|  |TAMS 0x0000000087400000, 0x0000000087300000| Untracked 
|  12|0x0000000087400000, 0x0000000087500000, 0x0000000087500000|100%| O|  |TAMS 0x0000000087500000, 0x0000000087400000| Untracked 
|  13|0x0000000087500000, 0x0000000087600000, 0x0000000087600000|100%| O|  |TAMS 0x0000000087600000, 0x0000000087500000| Untracked 
|  14|0x0000000087600000, 0x0000000087700000, 0x0000000087700000|100%| O|  |TAMS 0x0000000087700000, 0x0000000087600000| Untracked 
|  15|0x0000000087700000, 0x0000000087800000, 0x0000000087800000|100%| O|  |TAMS 0x0000000087800000, 0x0000000087700000| Untracked 
|  16|0x0000000087800000, 0x0000000087900000, 0x0000000087900000|100%| O|  |TAMS 0x0000000087900000, 0x0000000087800000| Untracked 
|  17|0x0000000087900000, 0x0000000087a00000, 0x0000000087a00000|100%| O|  |TAMS 0x0000000087a00000, 0x0000000087900000| Untracked 
|  18|0x0000000087a00000, 0x0000000087b00000, 0x0000000087b00000|100%| O|  |TAMS 0x0000000087b00000, 0x0000000087a00000| Untracked 
|  19|0x0000000087b00000, 0x0000000087c00000, 0x0000000087c00000|100%| O|  |TAMS 0x0000000087c00000, 0x0000000087b00000| Untracked 
|  20|0x0000000087c00000, 0x0000000087d00000, 0x0000000087d00000|100%| O|  |TAMS 0x0000000087d00000, 0x0000000087c00000| Untracked 
|  21|0x0000000087d00000, 0x0000000087e00000, 0x0000000087e00000|100%| O|  |TAMS 0x0000000087e00000, 0x0000000087d00000| Untracked 
|  22|0x0000000087e00000, 0x0000000087f00000, 0x0000000087f00000|100%| O|  |TAMS 0x0000000087f00000, 0x0000000087e00000| Untracked 
|  23|0x0000000087f00000, 0x0000000088000000, 0x0000000088000000|100%| O|  |TAMS 0x0000000088000000, 0x0000000087f00000| Untracked 
|  24|0x0000000088000000, 0x0000000088100000, 0x0000000088100000|100%| O|  |TAMS 0x0000000088100000, 0x0000000088000000| Untracked 
|  25|0x0000000088100000, 0x0000000088200000, 0x0000000088200000|100%| O|  |TAMS 0x0000000088200000, 0x0000000088100000| Untracked 
|  26|0x0000000088200000, 0x0000000088300000, 0x0000000088300000|100%| O|  |TAMS 0x0000000088300000, 0x0000000088200000| Untracked 
|  27|0x0000000088300000, 0x0000000088400000, 0x0000000088400000|100%| O|  |TAMS 0x0000000088400000, 0x0000000088300000| Untracked 
|  28|0x0000000088400000, 0x0000000088500000, 0x0000000088500000|100%| O|  |TAMS 0x0000000088500000, 0x0000000088400000| Untracked 
|  29|0x0000000088500000, 0x0000000088600000, 0x0000000088600000|100%| O|  |TAMS 0x0000000088600000, 0x0000000088500000| Untracked 
|  30|0x0000000088600000, 0x0000000088700000, 0x0000000088700000|100%| O|  |TAMS 0x0000000088700000, 0x0000000088600000| Untracked 
|  31|0x0000000088700000, 0x0000000088800000, 0x0000000088800000|100%| O|  |TAMS 0x0000000088800000, 0x0000000088700000| Untracked 
|  32|0x0000000088800000, 0x0000000088900000, 0x0000000088900000|100%| O|  |TAMS 0x0000000088900000, 0x0000000088800000| Untracked 
|  33|0x0000000088900000, 0x0000000088a00000, 0x0000000088a00000|100%| O|  |TAMS 0x0000000088a00000, 0x0000000088900000| Untracked 
|  34|0x0000000088a00000, 0x0000000088b00000, 0x0000000088b00000|100%| O|  |TAMS 0x0000000088acf600, 0x0000000088a00000| Untracked 
|  35|0x0000000088b00000, 0x0000000088c00000, 0x0000000088c00000|100%| O|  |TAMS 0x0000000088b00000, 0x0000000088b00000| Untracked 
|  36|0x0000000088c00000, 0x0000000088d00000, 0x0000000088d00000|100%| O|  |TAMS 0x0000000088c00000, 0x0000000088c00000| Untracked 
|  37|0x0000000088d00000, 0x0000000088e00000, 0x0000000088e00000|100%| O|  |TAMS 0x0000000088d00000, 0x0000000088d00000| Untracked 
|  38|0x0000000088e00000, 0x0000000088f00000, 0x0000000088f00000|100%| O|  |TAMS 0x0000000088e00000, 0x0000000088e00000| Untracked 
|  39|0x0000000088f00000, 0x0000000089000000, 0x0000000089000000|100%| O|  |TAMS 0x0000000088f00000, 0x0000000088f00000| Untracked 
|  40|0x0000000089000000, 0x0000000089100000, 0x0000000089100000|100%| O|  |TAMS 0x0000000089000000, 0x0000000089000000| Untracked 
|  41|0x0000000089100000, 0x0000000089200000, 0x0000000089200000|100%| O|  |TAMS 0x0000000089100000, 0x0000000089100000| Untracked 
|  42|0x0000000089200000, 0x0000000089300000, 0x0000000089300000|100%| O|  |TAMS 0x0000000089200000, 0x0000000089200000| Untracked 
|  43|0x0000000089300000, 0x0000000089400000, 0x0000000089400000|100%| O|  |TAMS 0x0000000089300000, 0x0000000089300000| Untracked 
|  44|0x0000000089400000, 0x0000000089500000, 0x0000000089500000|100%| O|  |TAMS 0x0000000089400000, 0x0000000089400000| Untracked 
|  45|0x0000000089500000, 0x000000008950e000, 0x0000000089600000|  5%| O|  |TAMS 0x0000000089500000, 0x0000000089500000| Untracked 
|  46|0x0000000089600000, 0x0000000089600000, 0x0000000089700000|  0%| F|  |TAMS 0x0000000089600000, 0x0000000089600000| Untracked 
|  47|0x0000000089700000, 0x0000000089700000, 0x0000000089800000|  0%| F|  |TAMS 0x0000000089700000, 0x0000000089700000| Untracked 
|  48|0x0000000089800000, 0x0000000089800000, 0x0000000089900000|  0%| F|  |TAMS 0x0000000089800000, 0x0000000089800000| Untracked 
|  49|0x0000000089900000, 0x0000000089900000, 0x0000000089a00000|  0%| F|  |TAMS 0x0000000089900000, 0x0000000089900000| Untracked 
|  50|0x0000000089a00000, 0x0000000089a00000, 0x0000000089b00000|  0%| F|  |TAMS 0x0000000089a00000, 0x0000000089a00000| Untracked 
|  51|0x0000000089b00000, 0x0000000089b00000, 0x0000000089c00000|  0%| F|  |TAMS 0x0000000089b00000, 0x0000000089b00000| Untracked 
|  52|0x0000000089c00000, 0x0000000089c00000, 0x0000000089d00000|  0%| F|  |TAMS 0x0000000089c00000, 0x0000000089c00000| Untracked 
|  53|0x0000000089d00000, 0x0000000089d00000, 0x0000000089e00000|  0%| F|  |TAMS 0x0000000089d00000, 0x0000000089d00000| Untracked 
|  54|0x0000000089e00000, 0x0000000089e14df8, 0x0000000089f00000|  8%| S|CS|TAMS 0x0000000089e00000, 0x0000000089e00000| Complete 
|  55|0x0000000089f00000, 0x0000000089f00000, 0x000000008a000000|  0%| F|  |TAMS 0x0000000089f00000, 0x0000000089f00000| Untracked 
|  66|0x000000008aa00000, 0x000000008aa00000, 0x000000008ab00000|  0%| F|  |TAMS 0x000000008aa00000, 0x000000008aa00000| Untracked 
|  67|0x000000008ab00000, 0x000000008ab00000, 0x000000008ac00000|  0%| F|  |TAMS 0x000000008ab00000, 0x000000008ab00000| Untracked 
|  68|0x000000008ac00000, 0x000000008acfdd28, 0x000000008ad00000| 99%| E|  |TAMS 0x000000008ac00000, 0x000000008ac00000| Complete 
|  69|0x000000008ad00000, 0x000000008ae00000, 0x000000008ae00000|100%| E|CS|TAMS 0x000000008ad00000, 0x000000008ad00000| Complete 
|  70|0x000000008ae00000, 0x000000008af00000, 0x000000008af00000|100%| E|CS|TAMS 0x000000008ae00000, 0x000000008ae00000| Complete 
|  71|0x000000008af00000, 0x000000008b000000, 0x000000008b000000|100%| E|CS|TAMS 0x000000008af00000, 0x000000008af00000| Complete 
|  72|0x000000008b000000, 0x000000008b100000, 0x000000008b100000|100%| E|CS|TAMS 0x000000008b000000, 0x000000008b000000| Complete 
| 121|0x000000008e100000, 0x000000008e200000, 0x000000008e200000|100%| E|CS|TAMS 0x000000008e100000, 0x000000008e100000| Complete 

Card table byte_map: [0x00000271a3c10000,0x00000271a3fe0000] _byte_map_base: 0x00000271a37dc000

Marking Bits (Prev, Next): (CMBitMap*) 0x000002718d00ca80, (CMBitMap*) 0x000002718d00cac0
 Prev Bits: [0x00000271a43b0000, 0x00000271a6210000)
 Next Bits: [0x00000271a6210000, 0x00000271a8070000)

Polling page: 0x000002718aee0000

Metaspace:

Usage:
  Non-class:     78.55 MB used.
      Class:     11.74 MB used.
       Both:     90.29 MB used.

Virtual space:
  Non-class space:      128.00 MB reserved,      78.88 MB ( 62%) committed,  2 nodes.
      Class space:        1.00 GB reserved,      12.06 MB (  1%) committed,  1 nodes.
             Both:        1.12 GB reserved,      90.94 MB (  8%) committed. 

Chunk freelists:
   Non-Class:  330.00 KB
       Class:  3.90 MB
        Both:  4.22 MB

MaxMetaspaceSize: unlimited
CompressedClassSpaceSize: 1.00 GB
Initial GC threshold: 21.00 MB
Current GC threshold: 122.00 MB
CDS: on
MetaspaceReclaimPolicy: balanced
 - commit_granule_bytes: 65536.
 - commit_granule_words: 8192.
 - virtual_space_node_default_size: 8388608.
 - enlarge_chunks_in_place: 1.
 - new_chunks_are_fully_committed: 0.
 - uncommit_free_chunks: 1.
 - use_allocation_guard: 0.
 - handle_deallocations: 1.


Internal statistics:

num_allocs_failed_limit: 6.
num_arena_births: 998.
num_arena_deaths: 0.
num_vsnodes_births: 3.
num_vsnodes_deaths: 0.
num_space_committed: 1455.
num_space_uncommitted: 0.
num_chunks_returned_to_freelist: 6.
num_chunks_taken_from_freelist: 4265.
num_chunk_merges: 3.
num_chunk_splits: 3080.
num_chunks_enlarged: 2409.
num_inconsistent_stats: 0.

CodeHeap 'non-profiled nmethods': size=120000Kb used=16377Kb max_used=16377Kb free=103622Kb
 bounds [0x000002719c310000, 0x000002719d310000, 0x00000271a3840000]
CodeHeap 'profiled nmethods': size=120000Kb used=25690Kb max_used=28013Kb free=94309Kb
 bounds [0x0000027194840000, 0x00000271963a0000, 0x000002719bd70000]
CodeHeap 'non-nmethods': size=5760Kb used=1462Kb max_used=1591Kb free=4297Kb
 bounds [0x000002719bd70000, 0x000002719bfe0000, 0x000002719c310000]
 total_blobs=14217 nmethods=13484 adapters=644
 compilation: enabled
              stopped_count=0, restarted_count=0
 full_count=0

Compilation events (20 events):
Event: 1438.890 Thread 0x00000271aa52daf0 nmethod 16616 0x000002719d308210 code [0x000002719d308400, 0x000002719d3093b8]
Event: 1438.890 Thread 0x00000271aa52daf0 16618       4       org.hibernate.metamodel.mapping.internal.ToOneAttributeMapping::generateFetch (379 bytes)
Event: 1438.919 Thread 0x00000271aa52daf0 nmethod 16618 0x000002719d309d10 code [0x000002719d309f40, 0x000002719d30afe0]
Event: 1438.919 Thread 0x00000271aa52daf0 16617       4       org.hibernate.metamodel.mapping.internal.SimpleForeignKeyDescriptor::createKeyDomainResult (44 bytes)
Event: 1438.922 Thread 0x00000271aa52daf0 nmethod 16617 0x000002719d30be10 code [0x000002719d30bfa0, 0x000002719d30c158]
Event: 1439.193 Thread 0x00000271aa52daf0 16619       4       org.hibernate.sql.results.graph.entity.internal.EntityFetchSelectImpl::createAssembler (29 bytes)
Event: 1439.201 Thread 0x00000271aa52daf0 nmethod 16619 0x000002719d30c310 code [0x000002719d30c4c0, 0x000002719d30c948]
Event: 1439.347 Thread 0x00000271aa52daf0 16620   !   4       jdk.internal.reflect.GeneratedMethodAccessor34::invoke (63 bytes)
Event: 1439.349 Thread 0x00000271aa52daf0 nmethod 16620 0x000002719d30cd90 code [0x000002719d30cf20, 0x000002719d30d078]
Event: 1439.623 Thread 0x00000271aa52daf0 16621   !   4       jdk.internal.reflect.GeneratedMethodAccessor38::invoke (63 bytes)
Event: 1439.625 Thread 0x00000271aa52daf0 nmethod 16621 0x000002719d30d290 code [0x000002719d30d420, 0x000002719d30d538]
Event: 1439.625 Thread 0x00000271aa52daf0 16622   !   4       jdk.internal.reflect.GeneratedMethodAccessor39::invoke (63 bytes)
Event: 1439.626 Thread 0x00000271aa52daf0 nmethod 16622 0x000002719d30d690 code [0x000002719d30d820, 0x000002719d30d938]
Event: 1439.626 Thread 0x00000271aa52daf0 16623   !   4       jdk.internal.reflect.GeneratedMethodAccessor43::invoke (61 bytes)
Event: 1439.627 Thread 0x00000271aa52daf0 nmethod 16623 0x000002719d30da90 code [0x000002719d30dc20, 0x000002719d30dd18]
Event: 1439.628 Thread 0x00000271aa52daf0 16624   !   4       jdk.internal.reflect.GeneratedMethodAccessor44::invoke (61 bytes)
Event: 1439.629 Thread 0x00000271aa52daf0 nmethod 16624 0x000002719d30de10 code [0x000002719d30dfa0, 0x000002719d30e098]
Event: 1439.629 Thread 0x00000271aa52daf0 16625   !   4       jdk.internal.reflect.GeneratedMethodAccessor47::invoke (61 bytes)
Event: 1439.630 Thread 0x00000271aa52daf0 nmethod 16625 0x000002719d30e190 code [0x000002719d30e320, 0x000002719d30e418]
Event: 1439.642 Thread 0x00000271aa52daf0 16626   !   4       jakarta.servlet.http.HttpServlet::service (271 bytes)

GC Heap History (20 events):
Event: 1410.515 GC heap before
{Heap before GC invocations=215 (full 0):
 garbage-first heap   total 65536K, used 54388K [0x0000000086800000, 0x0000000100000000)
  region size 1024K, 10 young (10240K), 1 survivors (1024K)
 Metaspace       used 92451K, committed 93120K, reserved 1179648K
  class space    used 12023K, committed 12352K, reserved 1048576K
}
Event: 1410.517 GC heap after
{Heap after GC invocations=216 (full 0):
 garbage-first heap   total 65536K, used 46204K [0x0000000086800000, 0x0000000100000000)
  region size 1024K, 1 young (1024K), 1 survivors (1024K)
 Metaspace       used 92451K, committed 93120K, reserved 1179648K
  class space    used 12023K, committed 12352K, reserved 1048576K
}
Event: 1412.835 GC heap before
{Heap before GC invocations=216 (full 0):
 garbage-first heap   total 65536K, used 55420K [0x0000000086800000, 0x0000000100000000)
  region size 1024K, 10 young (10240K), 1 survivors (1024K)
 Metaspace       used 92451K, committed 93120K, reserved 1179648K
  class space    used 12023K, committed 12352K, reserved 1048576K
}
Event: 1412.838 GC heap after
{Heap after GC invocations=217 (full 0):
 garbage-first heap   total 65536K, used 46216K [0x0000000086800000, 0x0000000100000000)
  region size 1024K, 1 young (1024K), 1 survivors (1024K)
 Metaspace       used 92451K, committed 93120K, reserved 1179648K
  class space    used 12023K, committed 12352K, reserved 1048576K
}
Event: 1417.265 GC heap before
{Heap before GC invocations=217 (full 0):
 garbage-first heap   total 65536K, used 55432K [0x0000000086800000, 0x0000000100000000)
  region size 1024K, 10 young (10240K), 1 survivors (1024K)
 Metaspace       used 92451K, committed 93120K, reserved 1179648K
  class space    used 12023K, committed 12352K, reserved 1048576K
}
Event: 1417.266 GC heap after
{Heap after GC invocations=218 (full 0):
 garbage-first heap   total 65536K, used 46191K [0x0000000086800000, 0x0000000100000000)
  region size 1024K, 1 young (1024K), 1 survivors (1024K)
 Metaspace       used 92451K, committed 93120K, reserved 1179648K
  class space    used 12023K, committed 12352K, reserved 1048576K
}
Event: 1419.893 GC heap before
{Heap before GC invocations=218 (full 0):
 garbage-first heap   total 65536K, used 55407K [0x0000000086800000, 0x0000000100000000)
  region size 1024K, 10 young (10240K), 1 survivors (1024K)
 Metaspace       used 92451K, committed 93120K, reserved 1179648K
  class space    used 12023K, committed 12352K, reserved 1048576K
}
Event: 1419.894 GC heap after
{Heap after GC invocations=219 (full 0):
 garbage-first heap   total 65536K, used 46222K [0x0000000086800000, 0x0000000100000000)
  region size 1024K, 1 young (1024K), 1 survivors (1024K)
 Metaspace       used 92451K, committed 93120K, reserved 1179648K
  class space    used 12023K, committed 12352K, reserved 1048576K
}
Event: 1422.068 GC heap before
{Heap before GC invocations=219 (full 0):
 garbage-first heap   total 65536K, used 55438K [0x0000000086800000, 0x0000000100000000)
  region size 1024K, 10 young (10240K), 1 survivors (1024K)
 Metaspace       used 92451K, committed 93120K, reserved 1179648K
  class space    used 12023K, committed 12352K, reserved 1048576K
}
Event: 1422.070 GC heap after
{Heap after GC invocations=220 (full 0):
 garbage-first heap   total 65536K, used 46220K [0x0000000086800000, 0x0000000100000000)
  region size 1024K, 1 young (1024K), 1 survivors (1024K)
 Metaspace       used 92451K, committed 93120K, reserved 1179648K
  class space    used 12023K, committed 12352K, reserved 1048576K
}
Event: 1429.009 GC heap before
{Heap before GC invocations=220 (full 0):
 garbage-first heap   total 65536K, used 55436K [0x0000000086800000, 0x0000000100000000)
  region size 1024K, 10 young (10240K), 1 survivors (1024K)
 Metaspace       used 92452K, committed 93120K, reserved 1179648K
  class space    used 12023K, committed 12352K, reserved 1048576K
}
Event: 1429.010 GC heap after
{Heap after GC invocations=221 (full 0):
 garbage-first heap   total 65536K, used 46192K [0x0000000086800000, 0x0000000100000000)
  region size 1024K, 1 young (1024K), 1 survivors (1024K)
 Metaspace       used 92452K, committed 93120K, reserved 1179648K
  class space    used 12023K, committed 12352K, reserved 1048576K
}
Event: 1433.165 GC heap before
{Heap before GC invocations=221 (full 0):
 garbage-first heap   total 65536K, used 54384K [0x0000000086800000, 0x0000000100000000)
  region size 1024K, 10 young (10240K), 1 survivors (1024K)
 Metaspace       used 92456K, committed 93120K, reserved 1179648K
  class space    used 12023K, committed 12352K, reserved 1048576K
}
Event: 1433.167 GC heap after
{Heap after GC invocations=222 (full 0):
 garbage-first heap   total 65536K, used 46214K [0x0000000086800000, 0x0000000100000000)
  region size 1024K, 1 young (1024K), 1 survivors (1024K)
 Metaspace       used 92456K, committed 93120K, reserved 1179648K
  class space    used 12023K, committed 12352K, reserved 1048576K
}
Event: 1436.516 GC heap before
{Heap before GC invocations=222 (full 0):
 garbage-first heap   total 65536K, used 55430K [0x0000000086800000, 0x0000000100000000)
  region size 1024K, 10 young (10240K), 1 survivors (1024K)
 Metaspace       used 92456K, committed 93120K, reserved 1179648K
  class space    used 12023K, committed 12352K, reserved 1048576K
}
Event: 1436.517 GC heap after
{Heap after GC invocations=223 (full 0):
 garbage-first heap   total 65536K, used 46182K [0x0000000086800000, 0x0000000100000000)
  region size 1024K, 1 young (1024K), 1 survivors (1024K)
 Metaspace       used 92456K, committed 93120K, reserved 1179648K
  class space    used 12023K, committed 12352K, reserved 1048576K
}
Event: 1438.049 GC heap before
{Heap before GC invocations=223 (full 0):
 garbage-first heap   total 65536K, used 55398K [0x0000000086800000, 0x0000000100000000)
  region size 1024K, 10 young (10240K), 1 survivors (1024K)
 Metaspace       used 92457K, committed 93120K, reserved 1179648K
  class space    used 12024K, committed 12352K, reserved 1048576K
}
Event: 1438.051 GC heap after
{Heap after GC invocations=224 (full 0):
 garbage-first heap   total 65536K, used 46216K [0x0000000086800000, 0x0000000100000000)
  region size 1024K, 1 young (1024K), 1 survivors (1024K)
 Metaspace       used 92457K, committed 93120K, reserved 1179648K
  class space    used 12024K, committed 12352K, reserved 1048576K
}
Event: 1439.120 GC heap before
{Heap before GC invocations=224 (full 0):
 garbage-first heap   total 65536K, used 54408K [0x0000000086800000, 0x0000000100000000)
  region size 1024K, 10 young (10240K), 1 survivors (1024K)
 Metaspace       used 92457K, committed 93120K, reserved 1179648K
  class space    used 12024K, committed 12352K, reserved 1048576K
}
Event: 1439.121 GC heap after
{Heap after GC invocations=225 (full 0):
 garbage-first heap   total 65536K, used 46219K [0x0000000086800000, 0x0000000100000000)
  region size 1024K, 1 young (1024K), 1 survivors (1024K)
 Metaspace       used 92457K, committed 93120K, reserved 1179648K
  class space    used 12024K, committed 12352K, reserved 1048576K
}

Deoptimization events (20 events):
Event: 1423.231 Thread 0x00000271f17119a0 DEOPT PACKING pc=0x000002719cc9e0b0 sp=0x00000092af2fee90
Event: 1423.231 Thread 0x00000271f17119a0 DEOPT UNPACKING pc=0x000002719bdc2b43 sp=0x00000092af2fe348 mode 1
Event: 1423.231 Thread 0x00000271f17119a0 DEOPT PACKING pc=0x000002719622ce64 sp=0x00000092af2fef20
Event: 1423.231 Thread 0x00000271f17119a0 DEOPT UNPACKING pc=0x000002719bdc2b43 sp=0x00000092af2fe528 mode 1
Event: 1428.144 Thread 0x00000271f17128d0 DEOPT PACKING pc=0x000002719cc9e0b0 sp=0x00000092af8ff270
Event: 1428.144 Thread 0x00000271f17128d0 DEOPT UNPACKING pc=0x000002719bdc2b43 sp=0x00000092af8fe728 mode 1
Event: 1428.144 Thread 0x00000271f17128d0 DEOPT PACKING pc=0x000002719622ce64 sp=0x00000092af8ff300
Event: 1428.144 Thread 0x00000271f17128d0 DEOPT UNPACKING pc=0x000002719bdc2b43 sp=0x00000092af8fe908 mode 1
Event: 1428.145 Thread 0x00000271f17128d0 DEOPT PACKING pc=0x000002719cc9e0b0 sp=0x00000092af8ff270
Event: 1428.145 Thread 0x00000271f17128d0 DEOPT UNPACKING pc=0x000002719bdc2b43 sp=0x00000092af8fe728 mode 1
Event: 1428.145 Thread 0x00000271f17128d0 DEOPT PACKING pc=0x000002719622ce64 sp=0x00000092af8ff300
Event: 1428.145 Thread 0x00000271f17128d0 DEOPT UNPACKING pc=0x000002719bdc2b43 sp=0x00000092af8fe908 mode 1
Event: 1433.168 Thread 0x00000271f17128d0 DEOPT PACKING pc=0x000002719cc9e0b0 sp=0x00000092af8ff270
Event: 1433.168 Thread 0x00000271f17128d0 DEOPT UNPACKING pc=0x000002719bdc2b43 sp=0x00000092af8fe728 mode 1
Event: 1433.168 Thread 0x00000271f17128d0 DEOPT PACKING pc=0x000002719622ce64 sp=0x00000092af8ff300
Event: 1433.168 Thread 0x00000271f17128d0 DEOPT UNPACKING pc=0x000002719bdc2b43 sp=0x00000092af8fe908 mode 1
Event: 1433.168 Thread 0x00000271f17128d0 DEOPT PACKING pc=0x000002719cc9e0b0 sp=0x00000092af8ff270
Event: 1433.168 Thread 0x00000271f17128d0 DEOPT UNPACKING pc=0x000002719bdc2b43 sp=0x00000092af8fe728 mode 1
Event: 1433.168 Thread 0x00000271f17128d0 DEOPT PACKING pc=0x000002719622ce64 sp=0x00000092af8ff300
Event: 1433.169 Thread 0x00000271f17128d0 DEOPT UNPACKING pc=0x000002719bdc2b43 sp=0x00000092af8fe908 mode 1

Classes unloaded (0 events):
No events

Classes redefined (0 events):
No events

Internal exceptions (20 events):
Event: 109.758 Thread 0x00000271f089cde0 Exception <a 'java/lang/NoSuchMethodError'{0x000000008e1a5d10}: 'double java.lang.invoke.DirectMethodHandle$Holder.invokeStatic(java.lang.Object, java.lang.Object, java.lang.Object)'> (0x000000008e1a5d10) 
thrown [s\open\src\hotspot\share\interpreter\linkResolver.cpp, line 759]
Event: 109.822 Thread 0x00000271f089cde0 Exception <a 'java/lang/IncompatibleClassChangeError'{0x000000008b09c750}: Found class java.lang.Object, but interface was expected> (0x000000008b09c750) 
thrown [s\open\src\hotspot\share\interpreter\linkResolver.cpp, line 826]
Event: 109.828 Thread 0x00000271f089cde0 Exception <a 'java/lang/NoSuchMethodError'{0x000000008b0bbd98}: 'java.lang.Object java.lang.invoke.DirectMethodHandle$Holder.newInvokeSpecial(java.lang.Object, java.lang.Object, int, java.lang.Object, java.lang.Object)'> (0x000000008b0bbd98) 
thrown [s\open\src\hotspot\share\interpreter\linkResolver.cpp, line 759]
Event: 109.830 Thread 0x00000271f089cde0 Exception <a 'java/lang/NoSuchMethodError'{0x000000008b0c7030}: 'java.lang.Object java.lang.invoke.DirectMethodHandle$Holder.invokeSpecial(java.lang.Object, java.lang.Object, int, java.lang.Object, int, java.lang.Object)'> (0x000000008b0c7030) 
thrown [s\open\src\hotspot\share\interpreter\linkResolver.cpp, line 759]
Event: 109.830 Thread 0x00000271f089cde0 Exception <a 'java/lang/NoSuchMethodError'{0x000000008b0cf050}: 'java.lang.Object java.lang.invoke.DirectMethodHandle$Holder.newInvokeSpecial(java.lang.Object, java.lang.Object, int, java.lang.Object, int)'> (0x000000008b0cf050) 
thrown [s\open\src\hotspot\share\interpreter\linkResolver.cpp, line 759]
Event: 109.831 Thread 0x00000271f089cde0 Exception <a 'java/lang/NoSuchMethodError'{0x000000008b0d3150}: 'java.lang.Object java.lang.invoke.DirectMethodHandle$Holder.invokeSpecial(java.lang.Object, java.lang.Object, java.lang.Object, int, java.lang.Object, int)'> (0x000000008b0d3150) 
thrown [s\open\src\hotspot\share\interpreter\linkResolver.cpp, line 759]
Event: 177.845 Thread 0x00000271f170fb40 Exception <a 'java/lang/NoSuchMethodError'{0x0000000089d53ee8}: 'java.lang.Object java.lang.invoke.DirectMethodHandle$Holder.invokeSpecial(java.lang.Object, java.lang.Object, java.lang.Object, java.lang.Object, java.lang.Object, long)'> (0x0000000089d53ee8) 
thrown [s\open\src\hotspot\share\interpreter\linkResolver.cpp, line 759]
Event: 177.846 Thread 0x00000271f170fb40 Exception <a 'java/lang/NoSuchMethodError'{0x0000000089d63018}: 'java.lang.Object java.lang.invoke.Invokers$Holder.linkToTargetMethod(java.lang.Object, java.lang.Object, java.lang.Object, long, java.lang.Object)'> (0x0000000089d63018) 
thrown [s\open\src\hotspot\share\interpreter\linkResolver.cpp, line 759]
Event: 179.148 Thread 0x00000271f17119a0 Exception <a 'java/lang/NoSuchMethodError'{0x000000008b0070a0}: 'void java.lang.invoke.DirectMethodHandle$Holder.invokeSpecialIFC(java.lang.Object, java.lang.Object, int, java.lang.Object, java.lang.Object, java.lang.Object, java.lang.Object)'> (0x000000008b0070a0) 
thrown [s\open\src\hotspot\share\interpreter\linkResolver.cpp, line 759]
Event: 179.396 Thread 0x00000271f17119a0 Exception <a 'java/lang/NoSuchMethodError'{0x000000008aef8740}: 'java.lang.Object java.lang.invoke.DirectMethodHandle$Holder.newInvokeSpecial(java.lang.Object, java.lang.Object, java.lang.Object, long)'> (0x000000008aef8740) 
thrown [s\open\src\hotspot\share\interpreter\linkResolver.cpp, line 759]
Event: 179.397 Thread 0x00000271f17119a0 Exception <a 'java/lang/NoSuchMethodError'{0x000000008aefd268}: 'java.lang.Object java.lang.invoke.DirectMethodHandle$Holder.invokeSpecial(java.lang.Object, java.lang.Object, java.lang.Object, java.lang.Object, long)'> (0x000000008aefd268) 
thrown [s\open\src\hotspot\share\interpreter\linkResolver.cpp, line 759]
Event: 179.397 Thread 0x00000271f17119a0 Exception <a 'java/lang/NoSuchMethodError'{0x000000008ad01dc8}: 'java.lang.Object java.lang.invoke.Invokers$Holder.linkToTargetMethod(java.lang.Object, java.lang.Object, long, java.lang.Object)'> (0x000000008ad01dc8) 
thrown [s\open\src\hotspot\share\interpreter\linkResolver.cpp, line 759]
Event: 180.027 Thread 0x00000271f17119a0 Implicit null exception at 0x000002719c5a0a60 to 0x000002719c5a1008
Event: 180.625 Thread 0x00000271f1713d10 Exception <a 'java/io/IOException'{0x000000008af29168}> (0x000000008af29168) 
thrown [s\open\src\hotspot\share\prims\jni.cpp, line 516]
Event: 183.399 Thread 0x00000271f1713800 Exception <a 'java/lang/NoSuchMethodError'{0x000000008aea6c90}: 'java.lang.Object java.lang.invoke.DirectMethodHandle$Holder.invokeInterface(java.lang.Object, java.lang.Object, java.lang.Object, java.lang.Object)'> (0x000000008aea6c90) 
thrown [s\open\src\hotspot\share\interpreter\linkResolver.cpp, line 759]
Event: 477.498 Thread 0x00000271f1712de0 Implicit null exception at 0x000002719cf3c3c4 to 0x000002719cf3ec0c
Event: 477.499 Thread 0x00000271f1712de0 Implicit null exception at 0x000002719cc4bbcb to 0x000002719cc4c5a0
Event: 477.504 Thread 0x00000271f1712de0 Implicit null exception at 0x000002719cc1b9c0 to 0x000002719cc1bf38
Event: 477.505 Thread 0x00000271f1712de0 Implicit null exception at 0x000002719cda2f98 to 0x000002719cda9ee4
Event: 477.505 Thread 0x00000271f1712de0 Implicit null exception at 0x000002719cf1712e to 0x000002719cf172d8

VM Operations (20 events):
Event: 1419.280 Executing VM operation: Cleanup
Event: 1419.281 Executing VM operation: Cleanup done
Event: 1419.893 Executing VM operation: G1CollectForAllocation
Event: 1419.894 Executing VM operation: G1CollectForAllocation done
Event: 1422.068 Executing VM operation: G1CollectForAllocation
Event: 1422.070 Executing VM operation: G1CollectForAllocation done
Event: 1429.009 Executing VM operation: G1CollectForAllocation
Event: 1429.010 Executing VM operation: G1CollectForAllocation done
Event: 1433.165 Executing VM operation: G1CollectForAllocation
Event: 1433.167 Executing VM operation: G1CollectForAllocation done
Event: 1435.177 Executing VM operation: Cleanup
Event: 1435.177 Executing VM operation: Cleanup done
Event: 1436.515 Executing VM operation: G1CollectForAllocation
Event: 1436.517 Executing VM operation: G1CollectForAllocation done
Event: 1438.049 Executing VM operation: G1CollectForAllocation
Event: 1438.051 Executing VM operation: G1CollectForAllocation done
Event: 1439.061 Executing VM operation: Cleanup
Event: 1439.062 Executing VM operation: Cleanup done
Event: 1439.120 Executing VM operation: G1CollectForAllocation
Event: 1439.121 Executing VM operation: G1CollectForAllocation done

Events (20 events):
Event: 505.775 Thread 0x00000271aa5a5250 flushing nmethod 0x0000027195e84910
Event: 505.775 Thread 0x00000271aa5a5250 flushing nmethod 0x0000027195ea8610
Event: 505.775 Thread 0x00000271aa5a5250 flushing nmethod 0x0000027195edb290
Event: 505.775 Thread 0x00000271aa5a5250 flushing nmethod 0x0000027195efd710
Event: 505.775 Thread 0x00000271aa5a5250 flushing nmethod 0x0000027195f02810
Event: 505.775 Thread 0x00000271aa5a5250 flushing nmethod 0x0000027195f1c690
Event: 505.775 Thread 0x00000271aa5a5250 flushing nmethod 0x0000027195f3e790
Event: 505.777 Thread 0x00000271aa5a5250 flushing nmethod 0x0000027196101790
Event: 505.777 Thread 0x00000271aa5a5250 flushing nmethod 0x00000271961b3910
Event: 505.778 Thread 0x00000271aa5a5250 flushing nmethod 0x0000027196238010
Event: 505.778 Thread 0x00000271aa5a5250 flushing nmethod 0x000002719626f810
Event: 505.778 Thread 0x00000271aa5a5250 flushing nmethod 0x00000271962f9090
Event: 505.778 Thread 0x00000271aa5a5250 flushing nmethod 0x00000271962fa910
Event: 505.779 Thread 0x00000271aa5a5250 flushing nmethod 0x000002719637a510
Event: 505.779 Thread 0x00000271aa5a5250 flushing nmethod 0x000002719637c390
Event: 505.779 Thread 0x00000271aa5a5250 flushing nmethod 0x0000027196381090
Event: 615.584 Thread 0x00000271f3fc0060 Thread added: 0x00000271f3fc0060
Event: 616.393 Thread 0x00000271f3fc0060 Thread exited: 0x00000271f3fc0060
Event: 1317.646 Thread 0x00000271aa5a5250 flushing nmethod 0x0000027194a78a10
Event: 1317.658 Thread 0x00000271aa5a5250 flushing nmethod 0x0000027195c80610


Dynamic libraries:
0x00007ff65e8b0000 - 0x00007ff65e8c0000 	C:\Program Files\Java\jdk-17\bin\java.exe
0x00007ffa9d1f0000 - 0x00007ffa9d3e8000 	C:\WINDOWS\SYSTEM32\ntdll.dll
0x00007ffa9cb00000 - 0x00007ffa9cbbd000 	C:\WINDOWS\System32\KERNEL32.DLL
0x00007ffa9abc0000 - 0x00007ffa9aeb6000 	C:\WINDOWS\System32\KERNELBASE.dll
0x00007ffa9afc0000 - 0x00007ffa9b0c0000 	C:\WINDOWS\System32\ucrtbase.dll
0x00007ffa94720000 - 0x00007ffa94739000 	C:\Program Files\Java\jdk-17\bin\jli.dll
0x00007ffa9c000000 - 0x00007ffa9c0b0000 	C:\WINDOWS\System32\ADVAPI32.dll
0x00007ffa9ca30000 - 0x00007ffa9cace000 	C:\WINDOWS\System32\msvcrt.dll
0x00007ffa9b220000 - 0x00007ffa9b2c0000 	C:\WINDOWS\System32\sechost.dll
0x00007ffa9c1b0000 - 0x00007ffa9c2d5000 	C:\WINDOWS\System32\RPCRT4.dll
0x00007ffa9a8a0000 - 0x00007ffa9a8c7000 	C:\WINDOWS\System32\bcrypt.dll
0x00007ffa9c760000 - 0x00007ffa9c8fe000 	C:\WINDOWS\System32\USER32.dll
0x00007ffa9a8d0000 - 0x00007ffa9a8f2000 	C:\WINDOWS\System32\win32u.dll
0x00007ffa9cad0000 - 0x00007ffa9cafb000 	C:\WINDOWS\System32\GDI32.dll
0x00007ffa9a950000 - 0x00007ffa9aa67000 	C:\WINDOWS\System32\gdi32full.dll
0x00007ffa9aa70000 - 0x00007ffa9ab0d000 	C:\WINDOWS\System32\msvcp_win.dll
0x00007ffa94460000 - 0x00007ffa9447b000 	C:\Program Files\Java\jdk-17\bin\VCRUNTIME140.dll
0x00007ffa7ea30000 - 0x00007ffa7ecca000 	C:\WINDOWS\WinSxS\amd64_microsoft.windows.common-controls_6595b64144ccf1df_6.0.19041.3636_none_60b6a03d71f818d5\COMCTL32.dll
0x00007ffa92690000 - 0x00007ffa9269a000 	C:\WINDOWS\SYSTEM32\VERSION.dll
0x00007ffa9b2c0000 - 0x00007ffa9b2f2000 	C:\WINDOWS\System32\IMM32.DLL
0x00007ffa96380000 - 0x00007ffa9638c000 	C:\Program Files\Java\jdk-17\bin\vcruntime140_1.dll
0x00007ffa8a5b0000 - 0x00007ffa8a63e000 	C:\Program Files\Java\jdk-17\bin\msvcp140.dll
0x00007ffa52280000 - 0x00007ffa52e61000 	C:\Program Files\Java\jdk-17\bin\server\jvm.dll
0x00007ffa9c1a0000 - 0x00007ffa9c1a8000 	C:\WINDOWS\System32\PSAPI.DLL
0x00007ffa8da80000 - 0x00007ffa8da89000 	C:\WINDOWS\SYSTEM32\WSOCK32.dll
0x00007ffa9bc30000 - 0x00007ffa9bc9b000 	C:\WINDOWS\System32\WS2_32.dll
0x00007ffa96350000 - 0x00007ffa96377000 	C:\WINDOWS\SYSTEM32\WINMM.dll
0x00007ffa99130000 - 0x00007ffa99142000 	C:\WINDOWS\SYSTEM32\kernel.appcore.dll
0x00007ffa94450000 - 0x00007ffa9445a000 	C:\Program Files\Java\jdk-17\bin\jimage.dll
0x00007ffa98630000 - 0x00007ffa98814000 	C:\WINDOWS\SYSTEM32\DBGHELP.DLL
0x00007ffa86f60000 - 0x00007ffa86f94000 	C:\WINDOWS\SYSTEM32\dbgcore.DLL
0x00007ffa9aec0000 - 0x00007ffa9af42000 	C:\WINDOWS\System32\bcryptPrimitives.dll
0x00007ffa933a0000 - 0x00007ffa933db000 	C:\Program Files\Java\jdk-17\bin\jdwp.dll
0x00007ffa8a580000 - 0x00007ffa8a5a5000 	C:\Program Files\Java\jdk-17\bin\java.dll
0x00007ffa8a4a0000 - 0x00007ffa8a577000 	C:\Program Files\Java\jdk-17\bin\jsvml.dll
0x00007ffa9b370000 - 0x00007ffa9badb000 	C:\WINDOWS\System32\SHELL32.dll
0x00007ffa98820000 - 0x00007ffa98fbe000 	C:\WINDOWS\SYSTEM32\windows.storage.dll
0x00007ffa9bca0000 - 0x00007ffa9bff3000 	C:\WINDOWS\System32\combase.dll
0x00007ffa9a200000 - 0x00007ffa9a22e000 	C:\WINDOWS\SYSTEM32\Wldp.dll
0x00007ffa9bb60000 - 0x00007ffa9bc2d000 	C:\WINDOWS\System32\OLEAUT32.dll
0x00007ffa9c980000 - 0x00007ffa9ca2d000 	C:\WINDOWS\System32\SHCORE.dll
0x00007ffa9c140000 - 0x00007ffa9c195000 	C:\WINDOWS\System32\shlwapi.dll
0x00007ffa9a7d0000 - 0x00007ffa9a7f5000 	C:\WINDOWS\SYSTEM32\profapi.dll
0x00007ffa94440000 - 0x00007ffa9444c000 	C:\Program Files\Java\jdk-17\bin\dt_socket.dll
0x00007ffa99c50000 - 0x00007ffa99c8b000 	C:\WINDOWS\SYSTEM32\IPHLPAPI.DLL
0x00007ffa99f60000 - 0x00007ffa99fca000 	C:\WINDOWS\system32\mswsock.dll
0x00007ffa99c90000 - 0x00007ffa99d5b000 	C:\WINDOWS\SYSTEM32\DNSAPI.dll
0x00007ffa9b300000 - 0x00007ffa9b308000 	C:\WINDOWS\System32\NSI.dll
0x00007ffa907b0000 - 0x00007ffa907ba000 	C:\Windows\System32\rasadhlp.dll
0x00007ffa8ee30000 - 0x00007ffa8eeb0000 	C:\WINDOWS\System32\fwpuclnt.dll
0x00007ffa935f0000 - 0x00007ffa93609000 	C:\Program Files\Java\jdk-17\bin\net.dll
0x00007ffa90c90000 - 0x00007ffa90d9a000 	C:\WINDOWS\SYSTEM32\WINHTTP.dll
0x00007ffa93380000 - 0x00007ffa93396000 	C:\Program Files\Java\jdk-17\bin\nio.dll
0x00007ffa8ed10000 - 0x00007ffa8ed28000 	C:\Program Files\Java\jdk-17\bin\zip.dll
0x00007ffa94430000 - 0x00007ffa9443a000 	C:\Program Files\Java\jdk-17\bin\management.dll
0x00007ffa935d0000 - 0x00007ffa935db000 	C:\Program Files\Java\jdk-17\bin\management_ext.dll
0x00007ffa9a160000 - 0x00007ffa9a178000 	C:\WINDOWS\SYSTEM32\CRYPTSP.dll
0x00007ffa99890000 - 0x00007ffa998c4000 	C:\WINDOWS\system32\rsaenh.dll
0x00007ffa9a720000 - 0x00007ffa9a74e000 	C:\WINDOWS\SYSTEM32\USERENV.dll
0x00007ffa9a150000 - 0x00007ffa9a15c000 	C:\WINDOWS\SYSTEM32\CRYPTBASE.dll
0x00007ffa923c0000 - 0x00007ffa923d7000 	C:\WINDOWS\SYSTEM32\dhcpcsvc6.DLL
0x00007ffa92170000 - 0x00007ffa9218d000 	C:\WINDOWS\SYSTEM32\dhcpcsvc.DLL
0x00007ffa8fea0000 - 0x00007ffa8feae000 	C:\Program Files\Java\jdk-17\bin\sunmscapi.dll
0x00007ffa9b0c0000 - 0x00007ffa9b21d000 	C:\WINDOWS\System32\CRYPT32.dll
0x00007ffa9a270000 - 0x00007ffa9a298000 	C:\WINDOWS\SYSTEM32\ncrypt.dll
0x00007ffa9a230000 - 0x00007ffa9a26b000 	C:\WINDOWS\SYSTEM32\NTASN1.dll
0x00007ffa8fe80000 - 0x00007ffa8fe90000 	C:\Program Files\Java\jdk-17\bin\verify.dll
0x00007ffa8edf0000 - 0x00007ffa8edf7000 	C:\WINDOWS\system32\wshunix.dll

dbghelp: loaded successfully - version: 4.0.5 - missing functions: none
symbol engine: initialized successfully - sym options: 0x614 - pdb path: .;C:\Program Files\Java\jdk-17\bin;C:\WINDOWS\SYSTEM32;C:\WINDOWS\WinSxS\amd64_microsoft.windows.common-controls_6595b64144ccf1df_6.0.19041.3636_none_60b6a03d71f818d5;C:\Program Files\Java\jdk-17\bin\server

VM Arguments:
jvm_args: -agentlib:jdwp=transport=dt_socket,server=n,suspend=y,address=localhost:49950 -XX:+ShowCodeDetailsInExceptionMessages -Dspring.jmx.enabled=true -Dmanagement.endpoints.jmx.exposure.include=* -Dspring.application.admin.enabled=true -Dspring.boot.project.name=starsocial -Djava.rmi.server.hostname=localhost 
java_command: com.letruongthinh.StarsocialApplication
java_class_path (initial): C:\Users\thinh\Documents\workspace-spring-tool-suite-4-4.22.0.RELEASE\starsocial\starsocial_backend\target\classes;C:\Users\thinh\.m2\repository\org\springframework\boot\spring-boot-starter-actuator\3.2.3\spring-boot-starter-actuator-3.2.3.jar;C:\Users\thinh\.m2\repository\org\springframework\boot\spring-boot-starter\3.2.3\spring-boot-starter-3.2.3.jar;C:\Users\thinh\.m2\repository\org\springframework\boot\spring-boot-starter-logging\3.2.3\spring-boot-starter-logging-3.2.3.jar;C:\Users\thinh\.m2\repository\ch\qos\logback\logback-classic\1.4.14\logback-classic-1.4.14.jar;C:\Users\thinh\.m2\repository\ch\qos\logback\logback-core\1.4.14\logback-core-1.4.14.jar;C:\Users\thinh\.m2\repository\org\apache\logging\log4j\log4j-to-slf4j\2.21.1\log4j-to-slf4j-2.21.1.jar;C:\Users\thinh\.m2\repository\org\apache\logging\log4j\log4j-api\2.21.1\log4j-api-2.21.1.jar;C:\Users\thinh\.m2\repository\org\slf4j\jul-to-slf4j\2.0.12\jul-to-slf4j-2.0.12.jar;C:\Users\thinh\.m2\repository\jakarta\annotation\jakarta.annotation-api\2.1.1\jakarta.annotation-api-2.1.1.jar;C:\Users\thinh\.m2\repository\org\yaml\snakeyaml\2.2\snakeyaml-2.2.jar;C:\Users\thinh\.m2\repository\org\springframework\boot\spring-boot-actuator-autoconfigure\3.2.3\spring-boot-actuator-autoconfigure-3.2.3.jar;C:\Users\thinh\.m2\repository\org\springframework\boot\spring-boot-actuator\3.2.3\spring-boot-actuator-3.2.3.jar;C:\Users\thinh\.m2\repository\com\fasterxml\jackson\datatype\jackson-datatype-jsr310\2.15.4\jackson-datatype-jsr310-2.15.4.jar;C:\Users\thinh\.m2\repository\io\micrometer\micrometer-observation\1.12.3\micrometer-observation-1.12.3.jar;C:\Users\thinh\.m2\repository\io\micrometer\micrometer-commons\1.12.3\micrometer-commons-1.12.3.jar;C:\Users\thinh\.m2\repository\io\micrometer\micrometer-jakarta9\1.12.3\micrometer-jakarta9-1.12.3.jar;C:\Users\thinh\.m2\repository\io\micrometer\micrometer-core\1.12.3\micrometer-core-1.12.3.jar;C:\Users\thinh\.m2\repository\org\hdrhistogram\HdrHistogra
Launcher Type: SUN_STANDARD

[Global flags]
     intx CICompilerCount                          = 3                                         {product} {ergonomic}
     uint ConcGCThreads                            = 1                                         {product} {ergonomic}
     uint G1ConcRefinementThreads                  = 4                                         {product} {ergonomic}
   size_t G1HeapRegionSize                         = 1048576                                   {product} {ergonomic}
    uintx GCDrainStackTargetSize                   = 64                                        {product} {ergonomic}
   size_t InitialHeapSize                          = 127926272                                 {product} {ergonomic}
   size_t MarkStackSize                            = 4194304                                   {product} {ergonomic}
   size_t MaxHeapSize                              = 2038431744                                {product} {ergonomic}
   size_t MaxNewSize                               = 1222639616                                {product} {ergonomic}
   size_t MinHeapDeltaBytes                        = 1048576                                   {product} {ergonomic}
   size_t MinHeapSize                              = 8388608                                   {product} {ergonomic}
    uintx NonNMethodCodeHeapSize                   = 5832780                                {pd product} {ergonomic}
    uintx NonProfiledCodeHeapSize                  = 122912730                              {pd product} {ergonomic}
    uintx ProfiledCodeHeapSize                     = 122912730                              {pd product} {ergonomic}
    uintx ReservedCodeCacheSize                    = 251658240                              {pd product} {ergonomic}
     bool SegmentedCodeCache                       = true                                      {product} {ergonomic}
     bool ShowCodeDetailsInExceptionMessages       = true                                   {manageable} {command line}
   size_t SoftMaxHeapSize                          = 2038431744                             {manageable} {ergonomic}
     bool UseCompressedClassPointers               = true                           {product lp64_product} {ergonomic}
     bool UseCompressedOops                        = true                           {product lp64_product} {ergonomic}
     bool UseG1GC                                  = true                                      {product} {ergonomic}
     bool UseLargePagesIndividualAllocation        = false                                  {pd product} {ergonomic}

Logging:
Log output configuration:
 #0: stdout all=warning uptime,level,tags
 #1: stderr all=off uptime,level,tags

Environment Variables:
JAVA_HOME=C:\Program Files\Eclipse Adoptium\jdk-21.0.2.13-hotspot
PATH=C:\Users\thinh\AppData\Roaming\Code\User\globalStorage\pleiades.java-extension-pack-jdk\gradle\latest\bin;C:\Users\thinh\AppData\Roaming\Code\User\globalStorage\pleiades.java-extension-pack-jdk\maven\latest\bin;C:\Program Files\Eclipse Adoptium\jdk-21.0.2.13-hotspot\bin;C:\Program Files\Eclipse Adoptium\jdk-21.0.2.13-hotspot\bin;C:\Python312\Scripts\;C:\Python312\;C:\Program Files\Common Files\Oracle\Java\javapath;C:\Program Files (x86)\Common Files\Oracle\Java\javapath;C:\Program Files\nodejs;C:\Program Files (x86)\VMware\VMware Workstation\bin\;C:\ProgramData\Oracle\Java\javapath;C:\WINDOWS\system32;C:\WINDOWS;C:\WINDOWS\System32\Wbem;C:\WINDOWS\System32\WindowsPowerShell\v1.0\;C:\WINDOWS\System32\OpenSSH\;C:\Program Files (x86)\NVIDIA Corporation\PhysX\Common;C:\Program Files\Microsoft SQL Server\110\Tools\Binn\;C:\Program Files\Redis\;C:\wamp64\bin\php\php8.2.0;C:\ProgramData\ComposerSetup\bin;C:\ProgramData\chocolatey\bin;C:\Program Files\Cloudflare\Cloudflare WARP\;C:\Program Files\nodejs\;C:\Program Files\Git\cmd;C:\Program Files\dotnet\;C:\Users\thinh\AppData\Local\Microsoft\WindowsApps;C:\Users\thinh\AppData\Roaming\Composer\vendor\bin;C:\Users\thinh\AppData\Local\Programs\Microsoft VS Code\bin;C:\Users\thinh\AppData\Roaming\npm
USERNAME=thinh
LANG=en_US.UTF-8
OS=Windows_NT
PROCESSOR_IDENTIFIER=Intel64 Family 6 Model 78 Stepping 3, GenuineIntel



---------------  S Y S T E M  ---------------

OS:
 Windows 10 , 64 bit Build 19041 (10.0.19041.3636)
OS uptime: 3 days 12:13 hours

CPU: total 4 (initial active 4) (2 cores per cpu, 2 threads per core) family 6 model 78 stepping 3 microcode 0xea, cx8, cmov, fxsr, ht, mmx, 3dnowpref, sse, sse2, sse3, ssse3, sse4.1, sse4.2, popcnt, lzcnt, tsc, tscinvbit, avx, avx2, aes, erms, clmul, bmi1, bmi2, rtm, adx, fma, vzeroupper, clflush, clflushopt

Memory: 4k page, system-wide physical 7775M (413M free)
TotalPageFile size 15775M (AvailPageFile size 0M)
current process WorkingSet (physical memory assigned to process): 338M, peak: 345M
current process commit charge ("private bytes"): 369M, peak: 376M

vm_info: Java HotSpot(TM) 64-Bit Server VM (17.0.9+11-LTS-201) for windows-amd64 JRE (17.0.9+11-LTS-201), built on Oct 10 2023 23:16:06 by "mach5one" with MS VC++ 17.1 (VS2022)

END.
